{"numTotalTestSuites":3,"numPassedTestSuites":3,"numFailedTestSuites":0,"numPendingTestSuites":0,"numTotalTests":27,"numPassedTests":27,"numFailedTests":0,"numPendingTests":0,"numTodoTests":0,"snapshot":{"added":0,"failure":false,"filesAdded":0,"filesRemoved":0,"filesRemovedList":[],"filesUnmatched":0,"filesUpdated":0,"matched":0,"total":0,"unchecked":0,"uncheckedKeysByFile":[],"unmatched":0,"updated":0,"didUpdate":false},"startTime":1783957872919,"success":true,"testResults":[{"assertionResults":[{"ancestorTitles":["SimulationsModule"],"fullName":"SimulationsModule muestra estado de carga y luego vacío","status":"passed","title":"muestra estado de carga y luego vacío","duration":32.36840000000029,"failureMessages":[],"meta":{}},{"ancestorTitles":["SimulationsModule"],"fullName":"SimulationsModule muestra error si falla la carga","status":"passed","title":"muestra error si falla la carga","duration":22.263000000000375,"failureMessages":[],"meta":{}},{"ancestorTitles":["SimulationsModule"],"fullName":"SimulationsModule muestra lista de simulaciones guardadas","status":"passed","title":"muestra lista de simulaciones guardadas","duration":23.136399999999867,"failureMessages":[],"meta":{}},{"ancestorTitles":["SimulationsModule"],"fullName":"SimulationsModule muestra borrador cuando la simulacion esta en draft","status":"passed","title":"muestra borrador cuando la simulacion esta en draft","duration":6.728100000000268,"failureMessages":[],"meta":{}},{"ancestorTitles":["SimulationsModule"],"fullName":"SimulationsModule muestra texto fallback si el error no es Error","status":"passed","title":"muestra texto fallback si el error no es Error","duration":9.792199999999866,"failureMessages":[],"meta":{}},{"ancestorTitles":["SimulationsModule"],"fullName":"SimulationsModule abre wizard y valida paso 1 con cuenta existente","status":"passed","title":"abre wizard y valida paso 1 con cuenta existente","duration":110.97299999999996,"failureMessages":[],"meta":{}},{"ancestorTitles":["SimulationsModule"],"fullName":"SimulationsModule permite flujo completo hasta resumen con cuenta nueva","status":"passed","title":"permite flujo completo hasta resumen con cuenta nueva","duration":264.43510000000015,"failureMessages":[],"meta":{}},{"ancestorTitles":["SimulationsModule"],"fullName":"SimulationsModule revierte la cabecera si falla la persistencia de operaciones","status":"passed","title":"revierte la cabecera si falla la persistencia de operaciones","duration":69.57939999999962,"failureMessages":[],"meta":{}},{"ancestorTitles":["SimulationsModule"],"fullName":"SimulationsModule valida paso 2, paso 3 y maneja error de carga de cuentas","status":"passed","title":"valida paso 2, paso 3 y maneja error de carga de cuentas","duration":248.2273,"failureMessages":[],"meta":{}},{"ancestorTitles":["SimulationsModule"],"fullName":"SimulationsModule permite retroceder y cerrar el wizard","status":"passed","title":"permite retroceder y cerrar el wizard","duration":60.68469999999979,"failureMessages":[],"meta":{}},{"ancestorTitles":["SimulationsModule"],"fullName":"SimulationsModule cierra el modal del wizard con Escape y clic fuera","status":"passed","title":"cierra el modal del wizard con Escape y clic fuera","duration":97.91719999999987,"failureMessages":[],"meta":{}},{"ancestorTitles":["SimulationsModule"],"fullName":"SimulationsModule abre una simulacion guardada, permite editar y guardar","status":"passed","title":"abre una simulacion guardada, permite editar y guardar","duration":99.7475999999997,"failureMessages":[],"meta":{}},{"ancestorTitles":["SimulationsModule"],"fullName":"SimulationsModule permite eliminar una simulacion desde su card","status":"passed","title":"permite eliminar una simulacion desde su card","duration":23.882000000000062,"failureMessages":[],"meta":{}},{"ancestorTitles":["SimulationsModule"],"fullName":"SimulationsModule muestra fallback cuando falla la eliminación de simulación","status":"passed","title":"muestra fallback cuando falla la eliminación de simulación","duration":26.065500000000156,"failureMessages":[],"meta":{}},{"ancestorTitles":["SimulationsModule"],"fullName":"SimulationsModule filtra el dashboard activo por año y mes","status":"passed","title":"filtra el dashboard activo por año y mes","duration":70.06950000000006,"failureMessages":[],"meta":{}},{"ancestorTitles":["SimulationsModule"],"fullName":"SimulationsModule muestra error si falla el guardado de la simulacion activa","status":"passed","title":"muestra error si falla el guardado de la simulacion activa","duration":84.28369999999995,"failureMessages":[],"meta":{}},{"ancestorTitles":["SimulationsModule"],"fullName":"SimulationsModule pide confirmacion antes de descartar cambios no guardados","status":"passed","title":"pide confirmacion antes de descartar cambios no guardados","duration":54.244500000000244,"failureMessages":[],"meta":{}},{"ancestorTitles":["SimulationsModule"],"fullName":"SimulationsModule no muestra opción de guardado cuando no hay simulación activa","status":"passed","title":"no muestra opción de guardado cuando no hay simulación activa","duration":6.507100000000719,"failureMessages":[],"meta":{}},{"ancestorTitles":["SimulationsModule"],"fullName":"SimulationsModule resetea mes al cambiar año a all y maneja confirmación negativa al volver al listado","status":"passed","title":"resetea mes al cambiar año a all y maneja confirmación negativa al volver al listado","duration":65.11630000000059,"failureMessages":[],"meta":{}},{"ancestorTitles":["SimulationsModule"],"fullName":"SimulationsModule cubre cancelación de borrado y catch no-Error al abrir operaciones","status":"passed","title":"cubre cancelación de borrado y catch no-Error al abrir operaciones","duration":24.822699999999713,"failureMessages":[],"meta":{}},{"ancestorTitles":["SimulationsModule helpers"],"fullName":"SimulationsModule helpers formatea etiquetas y montos de distribución","status":"passed","title":"formatea etiquetas y montos de distribución","duration":0.9738999999999578,"failureMessages":[],"meta":{}},{"ancestorTitles":["SimulationsModule helpers"],"fullName":"SimulationsModule helpers aplica cuenta seleccionada y alterna weekdays","status":"passed","title":"aplica cuenta seleccionada y alterna weekdays","duration":0.6157000000002881,"failureMessages":[],"meta":{}},{"ancestorTitles":["SimulationsModule helpers"],"fullName":"SimulationsModule helpers calcula snapshots de riesgo con clamp a cero","status":"passed","title":"calcula snapshots de riesgo con clamp a cero","duration":0.30569999999988795,"failureMessages":[],"meta":{}},{"ancestorTitles":["SimulationsModule helpers"],"fullName":"SimulationsModule helpers valida paso 1 para cuenta existente y nueva","status":"passed","title":"valida paso 1 para cuenta existente y nueva","duration":0.4044000000003507,"failureMessages":[],"meta":{}},{"ancestorTitles":["SimulationsModule helpers"],"fullName":"SimulationsModule helpers valida paso 2 con todos los errores y caso válido","status":"passed","title":"valida paso 2 con todos los errores y caso válido","duration":0.31790000000000873,"failureMessages":[],"meta":{}},{"ancestorTitles":["SimulationsModule helpers"],"fullName":"SimulationsModule helpers valida paso 3 con reglas de límites y suma de porcentajes","status":"passed","title":"valida paso 3 con reglas de límites y suma de porcentajes","duration":0.25429999999960273,"failureMessages":[],"meta":{}},{"ancestorTitles":["SimulationsModule helpers"],"fullName":"SimulationsModule helpers valida dispatcher por paso y confirmación de descarte","status":"passed","title":"valida dispatcher por paso y confirmación de descarte","duration":0.2980999999999767,"failureMessages":[],"meta":{}}],"startTime":1783957875782,"endTime":1783957877187.298,"status":"passed","message":"","name":"D:/Proyectos/Excel/frontend/src/components/SimulationsModule.test.tsx"}]}