{"numTotalTestSuites":7,"numPassedTestSuites":7,"numFailedTestSuites":0,"numPendingTestSuites":0,"numTotalTests":84,"numPassedTests":84,"numFailedTests":0,"numPendingTests":0,"numTodoTests":0,"snapshot":{"added":0,"failure":false,"filesAdded":0,"filesRemoved":0,"filesRemovedList":[],"filesUnmatched":0,"filesUpdated":0,"matched":0,"total":0,"unchecked":0,"uncheckedKeysByFile":[],"unmatched":0,"updated":0,"didUpdate":false},"startTime":1783966413879,"success":true,"testResults":[{"assertionResults":[{"ancestorTitles":["DashboardSummaryLayout"],"fullName":"DashboardSummaryLayout abre y cierra panel de filtros y dispara cambios de filtros","status":"passed","title":"abre y cierra panel de filtros y dispara cambios de filtros","duration":84.03929999999991,"failureMessages":[],"meta":{}},{"ancestorTitles":["DashboardSummaryLayout"],"fullName":"DashboardSummaryLayout cubre ramas de formatters de tooltip y legend","status":"passed","title":"cubre ramas de formatters de tooltip y legend","duration":10.755500000000211,"failureMessages":[],"meta":{}}],"startTime":1783966416726,"endTime":1783966416820.7556,"status":"passed","message":"","name":"D:/Proyectos/Excel/frontend/src/components/DashboardSummaryLayout.test.tsx"},{"assertionResults":[{"ancestorTitles":["SimulationsModule"],"fullName":"SimulationsModule muestra estado de carga y luego vacío","status":"passed","title":"muestra estado de carga y luego vacío","duration":32.16980000000012,"failureMessages":[],"meta":{}},{"ancestorTitles":["SimulationsModule"],"fullName":"SimulationsModule muestra error si falla la carga","status":"passed","title":"muestra error si falla la carga","duration":18.716499999999996,"failureMessages":[],"meta":{}},{"ancestorTitles":["SimulationsModule"],"fullName":"SimulationsModule muestra lista de simulaciones guardadas","status":"passed","title":"muestra lista de simulaciones guardadas","duration":17.567199999999957,"failureMessages":[],"meta":{}},{"ancestorTitles":["SimulationsModule"],"fullName":"SimulationsModule muestra borrador cuando la simulacion esta en draft","status":"passed","title":"muestra borrador cuando la simulacion esta en draft","duration":12.60739999999987,"failureMessages":[],"meta":{}},{"ancestorTitles":["SimulationsModule"],"fullName":"SimulationsModule muestra texto fallback si el error no es Error","status":"passed","title":"muestra texto fallback si el error no es Error","duration":15.277000000000044,"failureMessages":[],"meta":{}},{"ancestorTitles":["SimulationsModule"],"fullName":"SimulationsModule abre wizard y valida paso 1 con cuenta existente","status":"passed","title":"abre wizard y valida paso 1 con cuenta existente","duration":108.07049999999981,"failureMessages":[],"meta":{}},{"ancestorTitles":["SimulationsModule"],"fullName":"SimulationsModule permite flujo completo hasta resumen con cuenta nueva","status":"passed","title":"permite flujo completo hasta resumen con cuenta nueva","duration":117.36149999999998,"failureMessages":[],"meta":{}},{"ancestorTitles":["SimulationsModule"],"fullName":"SimulationsModule revierte la cabecera si falla la persistencia de operaciones","status":"passed","title":"revierte la cabecera si falla la persistencia de operaciones","duration":58.10089999999991,"failureMessages":[],"meta":{}},{"ancestorTitles":["SimulationsModule"],"fullName":"SimulationsModule valida paso 2, paso 3 y maneja error de carga de cuentas","status":"passed","title":"valida paso 2, paso 3 y maneja error de carga de cuentas","duration":168.55349999999999,"failureMessages":[],"meta":{}},{"ancestorTitles":["SimulationsModule"],"fullName":"SimulationsModule permite retroceder y cerrar el wizard","status":"passed","title":"permite retroceder y cerrar el wizard","duration":46.63249999999971,"failureMessages":[],"meta":{}},{"ancestorTitles":["SimulationsModule"],"fullName":"SimulationsModule cierra el modal del wizard con Escape y clic fuera","status":"passed","title":"cierra el modal del wizard con Escape y clic fuera","duration":77.66280000000006,"failureMessages":[],"meta":{}},{"ancestorTitles":["SimulationsModule"],"fullName":"SimulationsModule abre una simulacion guardada, permite editar y guardar","status":"passed","title":"abre una simulacion guardada, permite editar y guardar","duration":122.79820000000018,"failureMessages":[],"meta":{}},{"ancestorTitles":["SimulationsModule"],"fullName":"SimulationsModule permite eliminar una simulacion desde su card","status":"passed","title":"permite eliminar una simulacion desde su card","duration":13.07490000000007,"failureMessages":[],"meta":{}},{"ancestorTitles":["SimulationsModule"],"fullName":"SimulationsModule muestra fallback cuando falla la eliminación de simulación","status":"passed","title":"muestra fallback cuando falla la eliminación de simulación","duration":18.9061999999999,"failureMessages":[],"meta":{}},{"ancestorTitles":["SimulationsModule"],"fullName":"SimulationsModule filtra el dashboard activo por año y mes","status":"passed","title":"filtra el dashboard activo por año y mes","duration":60.496399999999994,"failureMessages":[],"meta":{}},{"ancestorTitles":["SimulationsModule"],"fullName":"SimulationsModule muestra error si falla el guardado de la simulacion activa","status":"passed","title":"muestra error si falla el guardado de la simulacion activa","duration":124.63670000000002,"failureMessages":[],"meta":{}},{"ancestorTitles":["SimulationsModule"],"fullName":"SimulationsModule pide confirmacion antes de descartar cambios no guardados","status":"passed","title":"pide confirmacion antes de descartar cambios no guardados","duration":81.04019999999991,"failureMessages":[],"meta":{}},{"ancestorTitles":["SimulationsModule"],"fullName":"SimulationsModule no muestra opción de guardado cuando no hay simulación activa","status":"passed","title":"no muestra opción de guardado cuando no hay simulación activa","duration":13.30430000000024,"failureMessages":[],"meta":{}},{"ancestorTitles":["SimulationsModule"],"fullName":"SimulationsModule resetea mes al cambiar año a all y maneja confirmación negativa al volver al listado","status":"passed","title":"resetea mes al cambiar año a all y maneja confirmación negativa al volver al listado","duration":103.64020000000028,"failureMessages":[],"meta":{}},{"ancestorTitles":["SimulationsModule"],"fullName":"SimulationsModule cubre cancelación de borrado y catch no-Error al abrir operaciones","status":"passed","title":"cubre cancelación de borrado y catch no-Error al abrir operaciones","duration":34.532900000000154,"failureMessages":[],"meta":{}},{"ancestorTitles":["SimulationsModule helpers"],"fullName":"SimulationsModule helpers formatea etiquetas y montos de distribución","status":"passed","title":"formatea etiquetas y montos de distribución","duration":0.7350999999998749,"failureMessages":[],"meta":{}},{"ancestorTitles":["SimulationsModule helpers"],"fullName":"SimulationsModule helpers aplica cuenta seleccionada y alterna weekdays","status":"passed","title":"aplica cuenta seleccionada y alterna weekdays","duration":0.35570000000006985,"failureMessages":[],"meta":{}},{"ancestorTitles":["SimulationsModule helpers"],"fullName":"SimulationsModule helpers calcula snapshots de riesgo con clamp a cero","status":"passed","title":"calcula snapshots de riesgo con clamp a cero","duration":0.18319999999948777,"failureMessages":[],"meta":{}},{"ancestorTitles":["SimulationsModule helpers"],"fullName":"SimulationsModule helpers valida paso 1 para cuenta existente y nueva","status":"passed","title":"valida paso 1 para cuenta existente y nueva","duration":0.15839999999934662,"failureMessages":[],"meta":{}},{"ancestorTitles":["SimulationsModule helpers"],"fullName":"SimulationsModule helpers valida paso 2 con todos los errores y caso válido","status":"passed","title":"valida paso 2 con todos los errores y caso válido","duration":0.12520000000040454,"failureMessages":[],"meta":{}},{"ancestorTitles":["SimulationsModule helpers"],"fullName":"SimulationsModule helpers valida paso 3 con reglas de límites y suma de porcentajes","status":"passed","title":"valida paso 3 con reglas de límites y suma de porcentajes","duration":0.14350000000013097,"failureMessages":[],"meta":{}},{"ancestorTitles":["SimulationsModule helpers"],"fullName":"SimulationsModule helpers valida dispatcher por paso y confirmación de descarte","status":"passed","title":"valida dispatcher por paso y confirmación de descarte","duration":0.15790000000015425,"failureMessages":[],"meta":{}}],"startTime":1783966416890,"endTime":1783966418138.158,"status":"passed","message":"","name":"D:/Proyectos/Excel/frontend/src/components/SimulationsModule.test.tsx"},{"assertionResults":[{"ancestorTitles":["DashboardPage"],"fullName":"DashboardPage muestra menu de gestionar usuarios solo para admin","status":"passed","title":"muestra menu de gestionar usuarios solo para admin","duration":156.20240000000013,"failureMessages":[],"meta":{}},{"ancestorTitles":["DashboardPage"],"fullName":"DashboardPage oculta menu de gestionar usuarios para usuario no admin","status":"passed","title":"oculta menu de gestionar usuarios para usuario no admin","duration":47.04679999999962,"failureMessages":[],"meta":{}},{"ancestorTitles":["DashboardPage"],"fullName":"DashboardPage muestra menu de gestionar cuentas para cualquier rol","status":"passed","title":"muestra menu de gestionar cuentas para cualquier rol","duration":34.46030000000019,"failureMessages":[],"meta":{}},{"ancestorTitles":["DashboardPage"],"fullName":"DashboardPage cambia a tab de noticias y vuelve a resumen","status":"passed","title":"cambia a tab de noticias y vuelve a resumen","duration":61.32920000000013,"failureMessages":[],"meta":{}},{"ancestorTitles":["DashboardPage"],"fullName":"DashboardPage muestra menu de simulacion y cambia a su tab","status":"passed","title":"muestra menu de simulacion y cambia a su tab","duration":48.00720000000001,"failureMessages":[],"meta":{}},{"ancestorTitles":["DashboardPage"],"fullName":"DashboardPage filtra operaciones por año desde el combo superior","status":"passed","title":"filtra operaciones por año desde el combo superior","duration":34.87649999999985,"failureMessages":[],"meta":{}},{"ancestorTitles":["DashboardPage"],"fullName":"DashboardPage filtra operaciones por cuenta desde el combo superior","status":"passed","title":"filtra operaciones por cuenta desde el combo superior","duration":46.0957999999996,"failureMessages":[],"meta":{}},{"ancestorTitles":["DashboardPage"],"fullName":"DashboardPage filtra operaciones por mes desde el combo superior y actualiza el resumen","status":"passed","title":"filtra operaciones por mes desde el combo superior y actualiza el resumen","duration":44.09760000000006,"failureMessages":[],"meta":{}},{"ancestorTitles":["DashboardPage"],"fullName":"DashboardPage mantiene todas las opciones de año después de seleccionar una","status":"passed","title":"mantiene todas las opciones de año después de seleccionar una","duration":26.4375,"failureMessages":[],"meta":{}},{"ancestorTitles":["DashboardPage"],"fullName":"DashboardPage aplica filtros de cuenta, año y mes en todos los KPI del resumen","status":"passed","title":"aplica filtros de cuenta, año y mes en todos los KPI del resumen","duration":71.33040000000028,"failureMessages":[],"meta":{}},{"ancestorTitles":["DashboardPage"],"fullName":"DashboardPage formatea moneda correctamente en los KPIs","status":"passed","title":"formatea moneda correctamente en los KPIs","duration":20.03580000000011,"failureMessages":[],"meta":{}},{"ancestorTitles":["DashboardPage"],"fullName":"DashboardPage calcula ganancia correcta del mes cuando hay operaciones cerradas","status":"passed","title":"calcula ganancia correcta del mes cuando hay operaciones cerradas","duration":25.44459999999981,"failureMessages":[],"meta":{}},{"ancestorTitles":["DashboardPage"],"fullName":"DashboardPage dispara toggles de sidebar y prefetch por hover/focus","status":"passed","title":"dispara toggles de sidebar y prefetch por hover/focus","duration":125.2811999999999,"failureMessages":[],"meta":{}},{"ancestorTitles":["DashboardPage"],"fullName":"DashboardPage calcula ganancia cero cuando no hay operaciones","status":"passed","title":"calcula ganancia cero cuando no hay operaciones","duration":20.128600000000006,"failureMessages":[],"meta":{}},{"ancestorTitles":["DashboardPage"],"fullName":"DashboardPage muestra tasa de exito 0% cuando no hay operaciones cerradas","status":"passed","title":"muestra tasa de exito 0% cuando no hay operaciones cerradas","duration":17.26929999999993,"failureMessages":[],"meta":{}},{"ancestorTitles":["DashboardPage"],"fullName":"DashboardPage muestra KPI de mejor día para operar con operaciones cerradas","status":"passed","title":"muestra KPI de mejor día para operar con operaciones cerradas","duration":20.547900000000027,"failureMessages":[],"meta":{}},{"ancestorTitles":["DashboardPage"],"fullName":"DashboardPage muestra tabla de operaciones recientes ordenadas por fecha","status":"passed","title":"muestra tabla de operaciones recientes ordenadas por fecha","duration":22.422500000000127,"failureMessages":[],"meta":{}},{"ancestorTitles":["DashboardPage"],"fullName":"DashboardPage muestra total y promedio en Breakeven cuando hay breaks tecnicos","status":"passed","title":"muestra total y promedio en Breakeven cuando hay breaks tecnicos","duration":27.211899999999787,"failureMessages":[],"meta":{}},{"ancestorTitles":["DashboardPage"],"fullName":"DashboardPage aplica filtros por columnas en la tabla de operaciones recientes","status":"passed","title":"aplica filtros por columnas en la tabla de operaciones recientes","duration":41.8408000000004,"failureMessages":[],"meta":{}},{"ancestorTitles":["DashboardPage"],"fullName":"DashboardPage permite editar entrada desde modal, cancelar y guardar cambios","status":"passed","title":"permite editar entrada desde modal, cancelar y guardar cambios","duration":182.3071,"failureMessages":[],"meta":{}},{"ancestorTitles":["DashboardPage"],"fullName":"DashboardPage mantiene la cuenta asociada al cambiar a sin entrada desde el dashboard","status":"passed","title":"mantiene la cuenta asociada al cambiar a sin entrada desde el dashboard","duration":86.22769999999946,"failureMessages":[],"meta":{}},{"ancestorTitles":["DashboardPage"],"fullName":"DashboardPage muestra error al guardar con resultado R inválido en estado completada","status":"passed","title":"muestra error al guardar con resultado R inválido en estado completada","duration":67.6867999999995,"failureMessages":[],"meta":{}},{"ancestorTitles":["DashboardPage"],"fullName":"DashboardPage guarda edición con Resultado R usando coma decimal","status":"passed","title":"guarda edición con Resultado R usando coma decimal","duration":65.3146999999999,"failureMessages":[],"meta":{}},{"ancestorTitles":["DashboardPage"],"fullName":"DashboardPage abre modal de edición en dashboard desde el botón de ojo sin redirección","status":"passed","title":"abre modal de edición en dashboard desde el botón de ojo sin redirección","duration":127.85729999999967,"failureMessages":[],"meta":{}},{"ancestorTitles":["DashboardPage"],"fullName":"DashboardPage usa handlers de fecha readonly y cierra modal con evento cancel","status":"passed","title":"usa handlers de fecha readonly y cierra modal con evento cancel","duration":85.30499999999938,"failureMessages":[],"meta":{}},{"ancestorTitles":["DashboardPage"],"fullName":"DashboardPage abre el link de operación desde el botón de navegación","status":"passed","title":"abre el link de operación desde el botón de navegación","duration":27.92740000000049,"failureMessages":[],"meta":{}},{"ancestorTitles":["DashboardPage"],"fullName":"DashboardPage activa controles móviles y expande detalles de operación en la tabla","status":"passed","title":"activa controles móviles y expande detalles de operación en la tabla","duration":81.53780000000006,"failureMessages":[],"meta":{}},{"ancestorTitles":["DashboardPage"],"fullName":"DashboardPage muestra mensaje cuando no hay operaciones recientes","status":"passed","title":"muestra mensaje cuando no hay operaciones recientes","duration":14.701500000000124,"failureMessages":[],"meta":{}},{"ancestorTitles":["DashboardPage"],"fullName":"DashboardPage carga y persiste la pestaña activa en localStorage","status":"passed","title":"carga y persiste la pestaña activa en localStorage","duration":18.70679999999993,"failureMessages":[],"meta":{}},{"ancestorTitles":["DashboardPage"],"fullName":"DashboardPage muestra 'noticias' cuando se selecciona su pestaña","status":"passed","title":"muestra 'noticias' cuando se selecciona su pestaña","duration":29.11239999999998,"failureMessages":[],"meta":{}},{"ancestorTitles":["DashboardPage"],"fullName":"DashboardPage muestra 'entradas' cuando se selecciona su pestaña","status":"passed","title":"muestra 'entradas' cuando se selecciona su pestaña","duration":22.44509999999991,"failureMessages":[],"meta":{}},{"ancestorTitles":["DashboardPage"],"fullName":"DashboardPage muestra 'configuracion' cuando se selecciona su pestaña","status":"passed","title":"muestra 'configuracion' cuando se selecciona su pestaña","duration":24.573500000000422,"failureMessages":[],"meta":{}},{"ancestorTitles":["DashboardPage"],"fullName":"DashboardPage maneja error cuando falla la carga de cuentas","status":"passed","title":"maneja error cuando falla la carga de cuentas","duration":17.628899999999703,"failureMessages":[],"meta":{}},{"ancestorTitles":["DashboardPage"],"fullName":"DashboardPage maneja error cuando falla la carga de entradas","status":"passed","title":"maneja error cuando falla la carga de entradas","duration":15.94340000000011,"failureMessages":[],"meta":{}},{"ancestorTitles":["DashboardPage"],"fullName":"DashboardPage calcula profit factor con ramas de pérdida cero y normal","status":"passed","title":"calcula profit factor con ramas de pérdida cero y normal","duration":0.2857000000003609,"failureMessages":[],"meta":{}},{"ancestorTitles":["DashboardPage"],"fullName":"DashboardPage calcula la serie mensual con entradas sin resultado, fecha invalida y fuera de rango","status":"passed","title":"calcula la serie mensual con entradas sin resultado, fecha invalida y fuera de rango","duration":0.6572999999998501,"failureMessages":[],"meta":{}},{"ancestorTitles":["DashboardPage"],"fullName":"DashboardPage la serie mensual separa monto de break tecnico en su indicador dedicado","status":"passed","title":"la serie mensual separa monto de break tecnico en su indicador dedicado","duration":0.1878999999998996,"failureMessages":[],"meta":{}},{"ancestorTitles":["DashboardPage"],"fullName":"DashboardPage la serie mensual muestra todo el año cuando se seleccionan todos los meses","status":"passed","title":"la serie mensual muestra todo el año cuando se seleccionan todos los meses","duration":0.23869999999988067,"failureMessages":[],"meta":{}},{"ancestorTitles":["DashboardPage"],"fullName":"DashboardPage la serie mensual centrada muestra 2 meses antes y 2 después del mes seleccionado","status":"passed","title":"la serie mensual centrada muestra 2 meses antes y 2 después del mes seleccionado","duration":0.2536000000000058,"failureMessages":[],"meta":{}},{"ancestorTitles":["DashboardPage"],"fullName":"DashboardPage la serie diaria incluye todos los días del mes seleccionado","status":"passed","title":"la serie diaria incluye todos los días del mes seleccionado","duration":0.24530000000049768,"failureMessages":[],"meta":{}},{"ancestorTitles":["DashboardPage"],"fullName":"DashboardPage formatea montos de distribución con signo","status":"passed","title":"formatea montos de distribución con signo","duration":0.386000000000422,"failureMessages":[],"meta":{}},{"ancestorTitles":["DashboardPage"],"fullName":"DashboardPage cubre helpers de etiquetas y formato con múltiples ramas","status":"passed","title":"cubre helpers de etiquetas y formato con múltiples ramas","duration":0.49979999999959546,"failureMessages":[],"meta":{}},{"ancestorTitles":["DashboardPage"],"fullName":"DashboardPage maneja error cuando getCurrentUserRole falla","status":"passed","title":"maneja error cuando getCurrentUserRole falla","duration":24.498899999999594,"failureMessages":[],"meta":{}},{"ancestorTitles":["DashboardPage"],"fullName":"DashboardPage usa initialRole cuando está definido para evitar llamada a API","status":"passed","title":"usa initialRole cuando está definido para evitar llamada a API","duration":27.95759999999973,"failureMessages":[],"meta":{}},{"ancestorTitles":["DashboardPage"],"fullName":"DashboardPage reestablece tab a resumen cuando usuario no-admin intenta acceder a usuarios","status":"passed","title":"reestablece tab a resumen cuando usuario no-admin intenta acceder a usuarios","duration":30.997299999999996,"failureMessages":[],"meta":{}},{"ancestorTitles":["DashboardPage"],"fullName":"DashboardPage cambia de año y filtra resultados correctamente","status":"passed","title":"cambia de año y filtra resultados correctamente","duration":16.497400000000198,"failureMessages":[],"meta":{}},{"ancestorTitles":["DashboardPage"],"fullName":"DashboardPage cubre validadores y storage helpers del dashboard","status":"passed","title":"cubre validadores y storage helpers del dashboard","duration":0.674300000000585,"failureMessages":[],"meta":{}},{"ancestorTitles":["DashboardPage"],"fullName":"DashboardPage cubre helpers de resultado técnico/financiero y fecha de ejecución","status":"passed","title":"cubre helpers de resultado técnico/financiero y fecha de ejecución","duration":0.27879999999913707,"failureMessages":[],"meta":{}},{"ancestorTitles":["DashboardPage"],"fullName":"DashboardPage prefetch de tabs no lanza errores en todas las rutas","status":"passed","title":"prefetch de tabs no lanza errores en todas las rutas","duration":2.2842000000000553,"failureMessages":[],"meta":{}},{"ancestorTitles":["DashboardPage"],"fullName":"DashboardPage cubre helpers internos de edición y formato USD","status":"passed","title":"cubre helpers internos de edición y formato USD","duration":1.2658999999994194,"failureMessages":[],"meta":{}},{"ancestorTitles":["DashboardPage"],"fullName":"DashboardPage cubre helpers de insights, referencia mensual y navegación de links","status":"passed","title":"cubre helpers de insights, referencia mensual y navegación de links","duration":1.0104000000001179,"failureMessages":[],"meta":{}},{"ancestorTitles":["DashboardPage"],"fullName":"DashboardPage cubre ramas de fechas inválidas y fuera de rango en series","status":"passed","title":"cubre ramas de fechas inválidas y fuera de rango en series","duration":0.5659999999998035,"failureMessages":[],"meta":{}},{"ancestorTitles":["DashboardPage"],"fullName":"DashboardPage cubre prefetch con requestIdleCallback y cleanup con cancelIdleCallback","status":"passed","title":"cubre prefetch con requestIdleCallback y cleanup con cancelIdleCallback","duration":17.132399999999507,"failureMessages":[],"meta":{}},{"ancestorTitles":["DashboardPage"],"fullName":"DashboardPage resetea cuenta y mes cuando filtros quedan fuera de disponibilidad","status":"passed","title":"resetea cuenta y mes cuando filtros quedan fuera de disponibilidad","duration":75.14540000000034,"failureMessages":[],"meta":{}},{"ancestorTitles":["DashboardPage"],"fullName":"DashboardPage ejecuta onFocus de botones de sidebar para todas las pestañas","status":"passed","title":"ejecuta onFocus de botones de sidebar para todas las pestañas","duration":57.68329999999969,"failureMessages":[],"meta":{}}],"startTime":1783966416858,"endTime":1783966418874.6833,"status":"passed","message":"","name":"D:/Proyectos/Excel/frontend/src/pages/DashboardPage.test.tsx"}]}