{"numTotalTestSuites":2,"numPassedTestSuites":2,"numFailedTestSuites":0,"numPendingTestSuites":0,"numTotalTests":55,"numPassedTests":55,"numFailedTests":0,"numPendingTests":0,"numTodoTests":0,"snapshot":{"added":0,"failure":false,"filesAdded":0,"filesRemoved":0,"filesRemovedList":[],"filesUnmatched":0,"filesUpdated":0,"matched":0,"total":0,"unchecked":0,"uncheckedKeysByFile":[],"unmatched":0,"updated":0,"didUpdate":false},"startTime":1783957864706,"success":true,"testResults":[{"assertionResults":[{"ancestorTitles":["DashboardPage"],"fullName":"DashboardPage muestra menu de gestionar usuarios solo para admin","status":"passed","title":"muestra menu de gestionar usuarios solo para admin","duration":169.5614999999998,"failureMessages":[],"meta":{}},{"ancestorTitles":["DashboardPage"],"fullName":"DashboardPage oculta menu de gestionar usuarios para usuario no admin","status":"passed","title":"oculta menu de gestionar usuarios para usuario no admin","duration":78.56089999999995,"failureMessages":[],"meta":{}},{"ancestorTitles":["DashboardPage"],"fullName":"DashboardPage muestra menu de gestionar cuentas para cualquier rol","status":"passed","title":"muestra menu de gestionar cuentas para cualquier rol","duration":51.489300000000185,"failureMessages":[],"meta":{}},{"ancestorTitles":["DashboardPage"],"fullName":"DashboardPage cambia a tab de noticias y vuelve a resumen","status":"passed","title":"cambia a tab de noticias y vuelve a resumen","duration":91.8702000000003,"failureMessages":[],"meta":{}},{"ancestorTitles":["DashboardPage"],"fullName":"DashboardPage muestra menu de simulacion y cambia a su tab","status":"passed","title":"muestra menu de simulacion y cambia a su tab","duration":57.55760000000009,"failureMessages":[],"meta":{}},{"ancestorTitles":["DashboardPage"],"fullName":"DashboardPage filtra operaciones por año desde el combo superior","status":"passed","title":"filtra operaciones por año desde el combo superior","duration":54.40870000000041,"failureMessages":[],"meta":{}},{"ancestorTitles":["DashboardPage"],"fullName":"DashboardPage filtra operaciones por cuenta desde el combo superior","status":"passed","title":"filtra operaciones por cuenta desde el combo superior","duration":67.35370000000012,"failureMessages":[],"meta":{}},{"ancestorTitles":["DashboardPage"],"fullName":"DashboardPage filtra operaciones por mes desde el combo superior y actualiza el resumen","status":"passed","title":"filtra operaciones por mes desde el combo superior y actualiza el resumen","duration":76.15520000000015,"failureMessages":[],"meta":{}},{"ancestorTitles":["DashboardPage"],"fullName":"DashboardPage mantiene todas las opciones de año después de seleccionar una","status":"passed","title":"mantiene todas las opciones de año después de seleccionar una","duration":40.85579999999982,"failureMessages":[],"meta":{}},{"ancestorTitles":["DashboardPage"],"fullName":"DashboardPage aplica filtros de cuenta, año y mes en todos los KPI del resumen","status":"passed","title":"aplica filtros de cuenta, año y mes en todos los KPI del resumen","duration":107.36560000000009,"failureMessages":[],"meta":{}},{"ancestorTitles":["DashboardPage"],"fullName":"DashboardPage formatea moneda correctamente en los KPIs","status":"passed","title":"formatea moneda correctamente en los KPIs","duration":31.028600000000097,"failureMessages":[],"meta":{}},{"ancestorTitles":["DashboardPage"],"fullName":"DashboardPage calcula ganancia correcta del mes cuando hay operaciones cerradas","status":"passed","title":"calcula ganancia correcta del mes cuando hay operaciones cerradas","duration":31.173099999999977,"failureMessages":[],"meta":{}},{"ancestorTitles":["DashboardPage"],"fullName":"DashboardPage dispara toggles de sidebar y prefetch por hover/focus","status":"passed","title":"dispara toggles de sidebar y prefetch por hover/focus","duration":191.67000000000007,"failureMessages":[],"meta":{}},{"ancestorTitles":["DashboardPage"],"fullName":"DashboardPage calcula ganancia cero cuando no hay operaciones","status":"passed","title":"calcula ganancia cero cuando no hay operaciones","duration":26.308300000000145,"failureMessages":[],"meta":{}},{"ancestorTitles":["DashboardPage"],"fullName":"DashboardPage muestra tasa de exito 0% cuando no hay operaciones cerradas","status":"passed","title":"muestra tasa de exito 0% cuando no hay operaciones cerradas","duration":27.689899999999852,"failureMessages":[],"meta":{}},{"ancestorTitles":["DashboardPage"],"fullName":"DashboardPage muestra KPI de mejor día para operar con operaciones cerradas","status":"passed","title":"muestra KPI de mejor día para operar con operaciones cerradas","duration":31.214899999999943,"failureMessages":[],"meta":{}},{"ancestorTitles":["DashboardPage"],"fullName":"DashboardPage muestra tabla de operaciones recientes ordenadas por fecha","status":"passed","title":"muestra tabla de operaciones recientes ordenadas por fecha","duration":34.84029999999984,"failureMessages":[],"meta":{}},{"ancestorTitles":["DashboardPage"],"fullName":"DashboardPage muestra total y promedio en Breakeven cuando hay breaks tecnicos","status":"passed","title":"muestra total y promedio en Breakeven cuando hay breaks tecnicos","duration":35.011099999999715,"failureMessages":[],"meta":{}},{"ancestorTitles":["DashboardPage"],"fullName":"DashboardPage aplica filtros por columnas en la tabla de operaciones recientes","status":"passed","title":"aplica filtros por columnas en la tabla de operaciones recientes","duration":67.63030000000026,"failureMessages":[],"meta":{}},{"ancestorTitles":["DashboardPage"],"fullName":"DashboardPage permite editar entrada desde modal, cancelar y guardar cambios","status":"passed","title":"permite editar entrada desde modal, cancelar y guardar cambios","duration":297.03120000000035,"failureMessages":[],"meta":{}},{"ancestorTitles":["DashboardPage"],"fullName":"DashboardPage mantiene la cuenta asociada al cambiar a sin entrada desde el dashboard","status":"passed","title":"mantiene la cuenta asociada al cambiar a sin entrada desde el dashboard","duration":133.0024000000003,"failureMessages":[],"meta":{}},{"ancestorTitles":["DashboardPage"],"fullName":"DashboardPage muestra error al guardar con resultado R inválido en estado completada","status":"passed","title":"muestra error al guardar con resultado R inválido en estado completada","duration":105.11959999999999,"failureMessages":[],"meta":{}},{"ancestorTitles":["DashboardPage"],"fullName":"DashboardPage guarda edición con Resultado R usando coma decimal","status":"passed","title":"guarda edición con Resultado R usando coma decimal","duration":214.21529999999984,"failureMessages":[],"meta":{}},{"ancestorTitles":["DashboardPage"],"fullName":"DashboardPage abre modal de edición en dashboard desde el botón de ojo sin redirección","status":"passed","title":"abre modal de edición en dashboard desde el botón de ojo sin redirección","duration":85.43040000000019,"failureMessages":[],"meta":{}},{"ancestorTitles":["DashboardPage"],"fullName":"DashboardPage usa handlers de fecha readonly y cierra modal con evento cancel","status":"passed","title":"usa handlers de fecha readonly y cierra modal con evento cancel","duration":136.46250000000055,"failureMessages":[],"meta":{}},{"ancestorTitles":["DashboardPage"],"fullName":"DashboardPage abre el link de operación desde el botón de navegación","status":"passed","title":"abre el link de operación desde el botón de navegación","duration":50.65869999999995,"failureMessages":[],"meta":{}},{"ancestorTitles":["DashboardPage"],"fullName":"DashboardPage activa controles móviles y expande detalles de operación en la tabla","status":"passed","title":"activa controles móviles y expande detalles de operación en la tabla","duration":127.43189999999959,"failureMessages":[],"meta":{}},{"ancestorTitles":["DashboardPage"],"fullName":"DashboardPage muestra mensaje cuando no hay operaciones recientes","status":"passed","title":"muestra mensaje cuando no hay operaciones recientes","duration":25.700599999999213,"failureMessages":[],"meta":{}},{"ancestorTitles":["DashboardPage"],"fullName":"DashboardPage carga y persiste la pestaña activa en localStorage","status":"passed","title":"carga y persiste la pestaña activa en localStorage","duration":33.266200000000026,"failureMessages":[],"meta":{}},{"ancestorTitles":["DashboardPage"],"fullName":"DashboardPage muestra 'noticias' cuando se selecciona su pestaña","status":"passed","title":"muestra 'noticias' cuando se selecciona su pestaña","duration":42.25749999999971,"failureMessages":[],"meta":{}},{"ancestorTitles":["DashboardPage"],"fullName":"DashboardPage muestra 'entradas' cuando se selecciona su pestaña","status":"passed","title":"muestra 'entradas' cuando se selecciona su pestaña","duration":42.64349999999922,"failureMessages":[],"meta":{}},{"ancestorTitles":["DashboardPage"],"fullName":"DashboardPage muestra 'configuracion' cuando se selecciona su pestaña","status":"passed","title":"muestra 'configuracion' cuando se selecciona su pestaña","duration":43.257800000000316,"failureMessages":[],"meta":{}},{"ancestorTitles":["DashboardPage"],"fullName":"DashboardPage maneja error cuando falla la carga de cuentas","status":"passed","title":"maneja error cuando falla la carga de cuentas","duration":27.053399999999783,"failureMessages":[],"meta":{}},{"ancestorTitles":["DashboardPage"],"fullName":"DashboardPage maneja error cuando falla la carga de entradas","status":"passed","title":"maneja error cuando falla la carga de entradas","duration":20.525500000000648,"failureMessages":[],"meta":{}},{"ancestorTitles":["DashboardPage"],"fullName":"DashboardPage calcula profit factor con ramas de pérdida cero y normal","status":"passed","title":"calcula profit factor con ramas de pérdida cero y normal","duration":0.363999999999578,"failureMessages":[],"meta":{}},{"ancestorTitles":["DashboardPage"],"fullName":"DashboardPage calcula la serie mensual con entradas sin resultado, fecha invalida y fuera de rango","status":"passed","title":"calcula la serie mensual con entradas sin resultado, fecha invalida y fuera de rango","duration":1.0187999999998283,"failureMessages":[],"meta":{}},{"ancestorTitles":["DashboardPage"],"fullName":"DashboardPage la serie mensual separa monto de break tecnico en su indicador dedicado","status":"passed","title":"la serie mensual separa monto de break tecnico en su indicador dedicado","duration":0.2772000000004482,"failureMessages":[],"meta":{}},{"ancestorTitles":["DashboardPage"],"fullName":"DashboardPage la serie mensual muestra todo el año cuando se seleccionan todos los meses","status":"passed","title":"la serie mensual muestra todo el año cuando se seleccionan todos los meses","duration":0.3724000000001979,"failureMessages":[],"meta":{}},{"ancestorTitles":["DashboardPage"],"fullName":"DashboardPage la serie mensual centrada muestra 2 meses antes y 2 después del mes seleccionado","status":"passed","title":"la serie mensual centrada muestra 2 meses antes y 2 después del mes seleccionado","duration":0.42519999999967695,"failureMessages":[],"meta":{}},{"ancestorTitles":["DashboardPage"],"fullName":"DashboardPage la serie diaria incluye todos los días del mes seleccionado","status":"passed","title":"la serie diaria incluye todos los días del mes seleccionado","duration":0.38919999999961874,"failureMessages":[],"meta":{}},{"ancestorTitles":["DashboardPage"],"fullName":"DashboardPage formatea montos de distribución con signo","status":"passed","title":"formatea montos de distribución con signo","duration":0.6391999999996187,"failureMessages":[],"meta":{}},{"ancestorTitles":["DashboardPage"],"fullName":"DashboardPage cubre helpers de etiquetas y formato con múltiples ramas","status":"passed","title":"cubre helpers de etiquetas y formato con múltiples ramas","duration":0.7155999999995402,"failureMessages":[],"meta":{}},{"ancestorTitles":["DashboardPage"],"fullName":"DashboardPage maneja error cuando getCurrentUserRole falla","status":"passed","title":"maneja error cuando getCurrentUserRole falla","duration":41.46610000000055,"failureMessages":[],"meta":{}},{"ancestorTitles":["DashboardPage"],"fullName":"DashboardPage usa initialRole cuando está definido para evitar llamada a API","status":"passed","title":"usa initialRole cuando está definido para evitar llamada a API","duration":41.9966000000004,"failureMessages":[],"meta":{}},{"ancestorTitles":["DashboardPage"],"fullName":"DashboardPage reestablece tab a resumen cuando usuario no-admin intenta acceder a usuarios","status":"passed","title":"reestablece tab a resumen cuando usuario no-admin intenta acceder a usuarios","duration":66.69830000000002,"failureMessages":[],"meta":{}},{"ancestorTitles":["DashboardPage"],"fullName":"DashboardPage cambia de año y filtra resultados correctamente","status":"passed","title":"cambia de año y filtra resultados correctamente","duration":24.913900000000467,"failureMessages":[],"meta":{}},{"ancestorTitles":["DashboardPage"],"fullName":"DashboardPage cubre validadores y storage helpers del dashboard","status":"passed","title":"cubre validadores y storage helpers del dashboard","duration":0.6923999999999069,"failureMessages":[],"meta":{}},{"ancestorTitles":["DashboardPage"],"fullName":"DashboardPage cubre helpers de resultado técnico/financiero y fecha de ejecución","status":"passed","title":"cubre helpers de resultado técnico/financiero y fecha de ejecución","duration":0.43149999999968713,"failureMessages":[],"meta":{}},{"ancestorTitles":["DashboardPage"],"fullName":"DashboardPage prefetch de tabs no lanza errores en todas las rutas","status":"passed","title":"prefetch de tabs no lanza errores en todas las rutas","duration":2.7039000000004307,"failureMessages":[],"meta":{}},{"ancestorTitles":["DashboardPage"],"fullName":"DashboardPage cubre helpers internos de edición y formato USD","status":"passed","title":"cubre helpers internos de edición y formato USD","duration":1.087999999999738,"failureMessages":[],"meta":{}},{"ancestorTitles":["DashboardPage"],"fullName":"DashboardPage cubre helpers de insights, referencia mensual y navegación de links","status":"passed","title":"cubre helpers de insights, referencia mensual y navegación de links","duration":0.7836999999999534,"failureMessages":[],"meta":{}},{"ancestorTitles":["DashboardPage"],"fullName":"DashboardPage cubre ramas de fechas inválidas y fuera de rango en series","status":"passed","title":"cubre ramas de fechas inválidas y fuera de rango en series","duration":0.4705999999996493,"failureMessages":[],"meta":{}},{"ancestorTitles":["DashboardPage"],"fullName":"DashboardPage cubre prefetch con requestIdleCallback y cleanup con cancelIdleCallback","status":"passed","title":"cubre prefetch con requestIdleCallback y cleanup con cancelIdleCallback","duration":26.0020999999997,"failureMessages":[],"meta":{}},{"ancestorTitles":["DashboardPage"],"fullName":"DashboardPage resetea cuenta y mes cuando filtros quedan fuera de disponibilidad","status":"passed","title":"resetea cuenta y mes cuando filtros quedan fuera de disponibilidad","duration":117.24539999999979,"failureMessages":[],"meta":{}},{"ancestorTitles":["DashboardPage"],"fullName":"DashboardPage ejecuta onFocus de botones de sidebar para todas las pestañas","status":"passed","title":"ejecuta onFocus de botones de sidebar para todas las pestañas","duration":96.73929999999928,"failureMessages":[],"meta":{}}],"startTime":1783957867592,"endTime":1783957870674.7393,"status":"passed","message":"","name":"D:/Proyectos/Excel/frontend/src/pages/DashboardPage.test.tsx"}]}