{"numTotalTestSuites":2,"numPassedTestSuites":2,"numFailedTestSuites":0,"numPendingTestSuites":0,"numTotalTests":15,"numPassedTests":15,"numFailedTests":0,"numPendingTests":0,"numTodoTests":0,"snapshot":{"added":0,"failure":false,"filesAdded":0,"filesRemoved":0,"filesRemovedList":[],"filesUnmatched":0,"filesUpdated":0,"matched":0,"total":0,"unchecked":0,"uncheckedKeysByFile":[],"unmatched":0,"updated":0,"didUpdate":false},"startTime":1783966488722,"success":true,"testResults":[{"assertionResults":[{"ancestorTitles":["coverage helpers"],"fullName":"coverage helpers dashboard tabs valida valores","status":"passed","title":"dashboard tabs valida valores","duration":1.0783999999998741,"failureMessages":[],"meta":{}},{"ancestorTitles":["coverage helpers"],"fullName":"coverage helpers dashboard loadStoredDashboardTab usa fallback","status":"passed","title":"dashboard loadStoredDashboardTab usa fallback","duration":0.29730000000017753,"failureMessages":[],"meta":{}},{"ancestorTitles":["coverage helpers"],"fullName":"coverage helpers dashboard formatea fechas y moneda","status":"passed","title":"dashboard formatea fechas y moneda","duration":11.51220000000012,"failureMessages":[],"meta":{}},{"ancestorTitles":["coverage helpers"],"fullName":"coverage helpers dashboard labels y clase de resultado","status":"passed","title":"dashboard labels y clase de resultado","duration":0.35429999999996653,"failureMessages":[],"meta":{}},{"ancestorTitles":["coverage helpers"],"fullName":"coverage helpers accounts helpers de conversion","status":"passed","title":"accounts helpers de conversion","duration":0.28890000000001237,"failureMessages":[],"meta":{}},{"ancestorTitles":["coverage helpers"],"fullName":"coverage helpers accounts mapAccountToForm y mapFormToPayload","status":"passed","title":"accounts mapAccountToForm y mapFormToPayload","duration":0.36580000000003565,"failureMessages":[],"meta":{}},{"ancestorTitles":["coverage helpers"],"fullName":"coverage helpers accounts summary rows por defecto","status":"passed","title":"accounts summary rows por defecto","duration":3.3332000000000335,"failureMessages":[],"meta":{}},{"ancestorTitles":["coverage helpers"],"fullName":"coverage helpers market helpers basicos","status":"passed","title":"market helpers basicos","duration":1.0605999999997948,"failureMessages":[],"meta":{}},{"ancestorTitles":["coverage helpers"],"fullName":"coverage helpers market helpers extra cubren ramas de utilidades","status":"passed","title":"market helpers extra cubren ramas de utilidades","duration":0.5713999999998123,"failureMessages":[],"meta":{}},{"ancestorTitles":["coverage helpers"],"fullName":"coverage helpers market helpers cubren ramas adicionales","status":"passed","title":"market helpers cubren ramas adicionales","duration":1.2278999999998632,"failureMessages":[],"meta":{}},{"ancestorTitles":["coverage helpers"],"fullName":"coverage helpers market entryDeletionLabel cubre casos","status":"passed","title":"market entryDeletionLabel cubre casos","duration":0.24659999999994398,"failureMessages":[],"meta":{}},{"ancestorTitles":["coverage helpers"],"fullName":"coverage helpers market buildCreatePerAccountSelection valida duplicados y cuentas invalidas","status":"passed","title":"market buildCreatePerAccountSelection valida duplicados y cuentas invalidas","duration":1.3076000000000931,"failureMessages":[],"meta":{}},{"ancestorTitles":["coverage helpers"],"fullName":"coverage helpers market buildCreateMarketEntryRequest valida y transforma","status":"passed","title":"market buildCreateMarketEntryRequest valida y transforma","duration":0.24259999999958382,"failureMessages":[],"meta":{}},{"ancestorTitles":["coverage helpers"],"fullName":"coverage helpers market buildCreateMarketEntryRequest cubre newsArticleId y parseos numéricos","status":"passed","title":"market buildCreateMarketEntryRequest cubre newsArticleId y parseos numéricos","duration":0.24679999999989377,"failureMessages":[],"meta":{}},{"ancestorTitles":["coverage helpers"],"fullName":"coverage helpers market buildDefaultAccountRows usa cuenta por defecto","status":"passed","title":"market buildDefaultAccountRows usa cuenta por defecto","duration":0.17549999999982901,"failureMessages":[],"meta":{}}],"startTime":1783966492031,"endTime":1783966492054.2468,"status":"passed","message":"","name":"D:/Proyectos/Excel/frontend/src/services/coverage-helpers.test.ts"}]}