{"numTotalTestSuites":2,"numPassedTestSuites":0,"numFailedTestSuites":2,"numPendingTestSuites":0,"numTotalTests":16,"numPassedTests":10,"numFailedTests":6,"numPendingTests":0,"numTodoTests":0,"snapshot":{"added":0,"failure":false,"filesAdded":0,"filesRemoved":0,"filesRemovedList":[],"filesUnmatched":0,"filesUpdated":0,"matched":0,"total":0,"unchecked":0,"uncheckedKeysByFile":[],"unmatched":0,"updated":0,"didUpdate":false},"startTime":1782755563198,"success":false,"testResults":[{"assertionResults":[{"ancestorTitles":["MarketEntriesModule"],"fullName":"MarketEntriesModule should render the module","status":"passed","title":"should render the module","duration":28.120899999999892,"failureMessages":[],"meta":{}},{"ancestorTitles":["MarketEntriesModule"],"fullName":"MarketEntriesModule should show empty state when there are no accounts","status":"passed","title":"should show empty state when there are no accounts","duration":7.127399999999852,"failureMessages":[],"meta":{}},{"ancestorTitles":["MarketEntriesModule"],"fullName":"MarketEntriesModule should render the search input","status":"passed","title":"should render the search input","duration":4.975500000000011,"failureMessages":[],"meta":{}},{"ancestorTitles":["MarketEntriesModule"],"fullName":"MarketEntriesModule should render the account filter","status":"passed","title":"should render the account filter","duration":2.951799999999821,"failureMessages":[],"meta":{}},{"ancestorTitles":["MarketEntriesModule"],"fullName":"MarketEntriesModule should disable create button without accounts","status":"passed","title":"should disable create button without accounts","duration":38.440799999999854,"failureMessages":[],"meta":{}},{"ancestorTitles":["MarketEntriesModule"],"fullName":"MarketEntriesModule should show kpi cards","status":"passed","title":"should show kpi cards","duration":5.784799999999905,"failureMessages":[],"meta":{}},{"ancestorTitles":["MarketEntriesModule"],"fullName":"MarketEntriesModule should not offer duplicated accounts in second row","status":"passed","title":"should not offer duplicated accounts in second row","duration":49.9649000000004,"failureMessages":[],"meta":{}},{"ancestorTitles":["MarketEntriesModule"],"fullName":"MarketEntriesModule should load and display market entries","status":"failed","title":"should load and display market entries","duration":1012.3450000000003,"failureMessages":["Error: Unable to find an element with the text: EURUSD. This could be because the text is broken up by multiple elements. In this case, you can provide a function for your text matcher to make your matcher more flexible.\n\nIgnored nodes: comments, script, style\n\u001b[36m<body>\u001b[39m\n  \u001b[36m<div>\u001b[39m\n    \u001b[36m<section\u001b[39m\n      \u001b[33mclass\u001b[39m=\u001b[32m\"entries-module\"\u001b[39m\n    \u001b[36m>\u001b[39m\n      \u001b[36m<header\u001b[39m\n        \u001b[33mclass\u001b[39m=\u001b[32m\"entries-hero\"\u001b[39m\n      \u001b[36m>\u001b[39m\n        \u001b[36m<div>\u001b[39m\n          \u001b[36m<p\u001b[39m\n            \u001b[33mclass\u001b[39m=\u001b[32m\"entries-hero-kicker\"\u001b[39m\n          \u001b[36m>\u001b[39m\n            \u001b[0mOperacion multi-cuenta\u001b[0m\n          \u001b[36m</p>\u001b[39m\n          \u001b[36m<h2>\u001b[39m\n            \u001b[0mEntradas al mercado\u001b[0m\n          \u001b[36m</h2>\u001b[39m\n          \u001b[36m<p>\u001b[39m\n            \u001b[0mUna entrada puede asociarse a varias cuentas, guardando un registro independiente con su riesgo y % de inversion por cuenta.\u001b[0m\n          \u001b[36m</p>\u001b[39m\n        \u001b[36m</div>\u001b[39m\n        \u001b[36m<button\u001b[39m\n          \u001b[33mclass\u001b[39m=\u001b[32m\"primary-btn entries-create-btn\"\u001b[39m\n          \u001b[33mtype\u001b[39m=\u001b[32m\"button\"\u001b[39m\n        \u001b[36m>\u001b[39m\n          \u001b[36m<span\u001b[39m\n            \u001b[33maria-hidden\u001b[39m=\u001b[32m\"true\"\u001b[39m\n            \u001b[33mclass\u001b[39m=\u001b[32m\"app-icon material-symbols-rounded\"\u001b[39m\n          \u001b[36m>\u001b[39m\n            \u001b[0medit\u001b[0m\n          \u001b[36m</span>\u001b[39m\n          \u001b[0mNueva entrada\u001b[0m\n        \u001b[36m</button>\u001b[39m\n      \u001b[36m</header>\u001b[39m\n      \u001b[36m<div\u001b[39m\n        \u001b[33mclass\u001b[39m=\u001b[32m\"entries-toolbar\"\u001b[39m\n      \u001b[36m>\u001b[39m\n        \u001b[36m<input\u001b[39m\n          \u001b[33mclass\u001b[39m=\u001b[32m\"entries-search\"\u001b[39m\n          \u001b[33mplaceholder\u001b[39m=\u001b[32m\"Buscar por simbolo, contexto o cuenta\"\u001b[39m\n          \u001b[33mvalue\u001b[39m=\u001b[32m\"\"\u001b[39m\n        \u001b[36m/>\u001b[39m\n        \u001b[36m<select\u001b[39m\n          \u001b[33mclass\u001b[39m=\u001b[32m\"entries-filter\"\u001b[39m\n        \u001b[36m>\u001b[39m\n          \u001b[36m<option\u001b[39m\n            \u001b[33mvalue\u001b[39m=\u001b[32m\"all\"\u001b[39m\n          \u001b[36m>\u001b[39m\n            \u001b[0mTodas las cuentas\u001b[0m\n          \u001b[36m</option>\u001b[39m\n          \u001b[36m<option\u001b[39m\n            \u001b[33mvalue\u001b[39m=\u001b[32m\"acc-1\"\u001b[39m\n          \u001b[36m>\u001b[39m\n            \u001b[0mReal\u001b[0m\n          \u001b[36m</option>\u001b[39m\n        \u001b[36m</select>\u001b[39m\n      \u001b[36m</div>\u001b[39m\n      \u001b[36m<section\u001b[39m\n        \u001b[33mclass\u001b[39m=\u001b[32m\"entries-kpis\"\u001b[39m\n      \u001b[36m>\u001b[39m\n        \u001b[36m<article\u001b[39m\n          \u001b[33mclass\u001b[39m=\u001b[32m\"entries-kpi-card\"\u001b[39m\n        \u001b[36m>\u001b[39m\n          \u001b[36m<p>\u001b[39m\n            \u001b[0mRegistros visibles\u001b[0m\n          \u001b[36m</p>\u001b[39m\n          \u001b[36m<strong>\u001b[39m\n            \u001b[0m1\u001b[0m\n          \u001b[36m</strong>\u001b[39m\n        \u001b[36m</article>\u001b[39m\n        \u001b[36m<article\u001b[39m\n          \u001b[33mclass\u001b[39m=\u001b[32m\"entries-kpi-card\"\u001b[39m\n        \u001b[36m>\u001b[39m\n          \u001b[36m<p>\u001b[39m\n            \u001b[0mRiesgo total visible\u001b[0m\n          \u001b[36m</p>\u001b[39m\n          \u001b[36m<strong>\u001b[39m\n            \u001b[0m$\u001b[0m\n            \u001b[0m100.00\u001b[0m\n          \u001b[36m</strong>\u001b[39m\n        \u001b[36m</article>\u001b[39m\n        \u001b[36m<article\u001b[39m\n          \u001b[33mclass\u001b[39m=\u001b[32m\"entries-kpi-card\"\u001b[39m\n        \u001b[36m>\u001b[39m\n          \u001b[36m<p>\u001b[39m\n            \u001b[0mCuentas activas\u001b[0m\n          \u001b[36m</p>\u001b[39m\n          \u001b[36m<strong>\u001b[39m\n            \u001b[0m1\u001b[0m\n          \u001b[36m</strong>\u001b[39m\n        \u001b[36m</article>\u001b[39m\n      \u001b[36m</section>\u001b[39m\n      \u001b[36m<div\u001b[39m\n        \u001b[33mclass\u001b[39m=\u001b[32m\"entries-grid\"\u001b[39m\n      \u001b[36m>\u001b[39m\n        \u001b[36m<article\u001b[39m\n          \u001b[33mclass\u001b[39m=\u001b[32m\"entries-card\"\u001b[39m\n        \u001b[36m>\u001b[39m\n          \u001b[36m<header\u001b[39m\n            \u001b[33mclass\u001b[39m=\u001b[32m\"entries-card-header\"\u001b[39m\n          \u001b[36m>\u001b[39m\n            \u001b[36m<div>\u001b[39m\n              \u001b[36m<p\u001b[39m\n                \u001b[33mclass\u001b[39m=\u001b[32m\"entries-card-account\"\u001b[39m\n              \u001b[36m>\u001b[39m\n                \u001b[0mCuenta Real\u001b[0m\n              \u001b[36m</p>\u001b[39m\n              \u001b[36m<h3>\u001b[39m\n                \u001b[0mEURUSD · BUY\u001b[0m\n              \u001b[36m</h3>\u001b[39m\n            \u001b[36m</div>\u001b[39m\n            \u001b[36m<span\u001b[39m\n              \u001b[33mclass\u001b[39m=\u001b[32m\"entries-status entries-status-open\"\u001b[39m\n            \u001b[36m>\u001b[39m\n              \u001b[0mAbierta\u001b[0m\n            \u001b[36m</span>\u001b[39m\n          \u001b[36m</header>\u001b[39m\n          \u001b[36m<div\u001b[39m\n            \u001b[33mclass\u001b[39m=\u001b[32m\"entries-grid-meta\"\u001b[39m\n          \u001b[36m>\u001b[39m\n            \u001b[36m<p>\u001b[39m\n              \u001b[36m<strong>\u001b[39m\n                \u001b[0mContexto:\u001b[0m\n              \u001b[36m</strong>\u001b[39m\n              \u001b[0m \u001b[0m\n              \u001b[0mCPI\u001b[0m\n            \u001b[36m</p>\u001b[39m\n            \u001b[36m<p>\u001b[39m\n              \u001b[36m<strong>\u001b[39m\n                \u001b[0mSetup/Estrategia:\u001b[0m\n              \u001b[36m</strong>\u001b[39m\n              \u001b[0m \u001b[0m\n              \u001b[0mBreakout\u001b[0m\n            \u001b[36m</p>\u001b[39m\n            \u001b[36m<p>\u001b[39m\n              \u001b[36m<strong>\u001b[39m\n                \u001b[0mSesion:\u001b[0m\n              \u001b[36m</strong>\u001b[39m\n              \u001b[0m \u001b[0m\n              \u001b[0mNEW YORK\u001b[0m\n            \u001b[36m</p>\u001b[39m\n            \u001b[36m<p>\u001b[39m\n              \u001b[36m<strong>\u001b[39m\n                \u001b[0mFecha de ejecucion:\u001b[0m\n              \u001b[36m</strong>\u001b[39m\n              \u001b[0m \u001b[0m\n              \u001b[0m29 jun 2026, 12:52\u001b[0m\n            \u001b[36m</p>\u001b[39m\n          \u001b[36m</div>\u001b[39m\n          \u001b[36m<div\u001b[39m\n            \u001b[33mclass\u001b[39m=\u001b[32m\"entries-prices-row\"\u001b[39m\n          \u001b[36m>\u001b[39m\n            \u001b[36m<span>\u001b[39m\n              \u001b[0mEntrada: \u001b[0m\n              \u001b[0m1.1\u001b[0m\n            \u001b[36m</span>\u001b[39m\n            \u001b[36m<span>\u001b[39m\n              \u001b[0mSL: \u001b[0m\n              \u001b[0m1.05\u001b[0m\n            \u001b[36m</span>\u001b[39m\n            \u001b[36m<span>\u001b[39m\n              \u001b[0mTP: \u001b[0m\n              \u001b[0m1.15\u001b[0m\n            \u001b[36m</span>\u001b[39m\n          \u001b[36m</div>\u001b[39m\n          \u001b[36m<div\u001b[39m\n            \u001b[33mclass\u001b[39m=\u001b[32m\"entries-risk-row\"\u001b[39m\n          \u001b[36m>\u001b[39m\n            \u001b[36m<span>\u001b[39m\n              \u001b[0mRiesgo cuenta: $\u001b[0m\n              \u001b[0m100.00\u001b[0m\n            \u001b[36m</span>\u001b[39m\n            \u001b[36m<span>\u001b[39m\n              \u001b[0m% inversion: \u001b[0m\n              \u001b[0m1.00\u001b[0m\n              \u001b[0m%\u001b[0m\n            \u001b[36m</span>\u001b[39m\n            \u001b[36m<span>\u001b[39m\n              \u001b[0mResultado R: \u001b[0m\n              \u001b[0mN/A\u001b[0m\n            \u001b[36m</span>\u001b[39m\n          \u001b[36m</div>\u001b[39m\n          \u001b[36m<p\u001b[39m\n            \u001b[33mclass\u001b[39m=\u001b[32m\"entries-note\"\u001b[39m\n          \u001b[36m>\u001b[39m\n            \u001b[0mTest entry\u001b[0m\n          \u001b[36m</p>\u001b[39m\n          \u001b[36m<footer\u001b[39m\n            \u001b[33mclass\u001b[39m=\u001b[32m\"entries-card-actions\"\u001b[39m\n          \u001b[36m>\u001b[39m\n            \u001b[36m<button\u001b[39m\n              \u001b[33maria-label\u001b[39m=\u001b[32m\"Editar entrada\"\u001b[39m\n              \u001b[33mclass\u001b[39m=\u001b[32m\"entries-action-btn entries-action-btn-icon\"\u001b[39m\n              \u001b[33mtitle\u001b[39m=\u001b[32m\"Editar entrada\"\u001b[39m\n              \u001b[33mtype\u001b[39m=\u001b[32m\"button\"\u001b[39m\n            \u001b[36m>\u001b[39m\n              \u001b[36m<span\u001b[39m\n                \u001b[33maria-hidden\u001b[39m=\u001b[32m\"true\"\u001b[39m\n                \u001b[33mclass\u001b[39m=\u001b[32m\"app-icon material-symbols-rounded\"\u001b[39m\n              \u001b[36m>\u001b[39m\n                \u001b[0medit\u001b[0m\n              \u001b[36m</span>\u001b[39m\n            \u001b[36m</button>\u001b[39m\n            \u001b[36m<button\u001b[39m\n              \u001b[33maria-label\u001b[39m=\u001b[32m\"Eliminar entrada\"\u001b[39m\n              \u001b[33mclass\u001b[39m=\u001b[32m\"entries-action-btn entries-action-btn-danger entries-action-btn-icon\"\u001b[39m\n              \u001b[33mtitle\u001b[39m=\u001b[32m\"Eliminar entrada\"\u001b[39m\n              \u001b[33mtype\u001b[39m=\u001b[32m\"button\"\u001b[39m\n            \u001b[36m>\u001b[39m\n              \u001b[36m<span\u001b[39m\n                \u001b[33maria-hidden\u001b[39m=\u001b[32m\"true\"\u001b[39m\n                \u001b[33mclass\u001b[39m=\u001b[32m\"app-icon material-symbols-rounded\"\u001b[39m\n              \u001b[36m>\u001b[39m\n                \u001b[0mdelete\u001b[0m\n              \u001b[36m</span>\u001b[39m\n            \u001b[36m</button>\u001b[39m\n          \u001b[36m</footer>\u001b[39m\n        \u001b[36m</article>\u001b[39m\n      \u001b[36m</div>\u001b[39m\n    \u001b[36m</section>\u001b[39m\n  \u001b[36m</div>\u001b[39m\n\u001b[36m</body>\u001b[39m\n    at waitForWrapper (D:\\Proyectos\\Excel\\frontend\\node_modules\\@testing-library\\dom\\dist\\wait-for.js:163:27)\n    at D:\\Proyectos\\Excel\\frontend\\node_modules\\@testing-library\\dom\\dist\\query-helpers.js:86:33\n    at D:\\Proyectos\\Excel\\frontend\\src\\components\\MarketEntriesModule.test.tsx:126:25\n    at file:///D:/Proyectos/Excel/frontend/node_modules/@vitest/runner/dist/index.js:146:14\n    at file:///D:/Proyectos/Excel/frontend/node_modules/@vitest/runner/dist/index.js:533:11\n    at runWithTimeout (file:///D:/Proyectos/Excel/frontend/node_modules/@vitest/runner/dist/index.js:39:7)\n    at runTest (file:///D:/Proyectos/Excel/frontend/node_modules/@vitest/runner/dist/index.js:1056:17)\n    at runSuite (file:///D:/Proyectos/Excel/frontend/node_modules/@vitest/runner/dist/index.js:1205:15)\n    at runSuite (file:///D:/Proyectos/Excel/frontend/node_modules/@vitest/runner/dist/index.js:1205:15)\n    at runFiles (file:///D:/Proyectos/Excel/frontend/node_modules/@vitest/runner/dist/index.js:1262:5)"],"meta":{}},{"ancestorTitles":["MarketEntriesModule"],"fullName":"MarketEntriesModule should enable create button when accounts are available","status":"passed","title":"should enable create button when accounts are available","duration":9.582699999999932,"failureMessages":[],"meta":{}},{"ancestorTitles":["MarketEntriesModule"],"fullName":"MarketEntriesModule should open create modal when clicking Nueva entrada button","status":"passed","title":"should open create modal when clicking Nueva entrada button","duration":17.10649999999987,"failureMessages":[],"meta":{}},{"ancestorTitles":["MarketEntriesModule"],"fullName":"MarketEntriesModule should filter entries by account","status":"failed","title":"should filter entries by account","duration":1009.4611999999997,"failureMessages":["Error: Unable to find an element with the text: EURUSD. This could be because the text is broken up by multiple elements. In this case, you can provide a function for your text matcher to make your matcher more flexible.\n\nIgnored nodes: comments, script, style\n\u001b[36m<body>\u001b[39m\n  \u001b[36m<div>\u001b[39m\n    \u001b[36m<section\u001b[39m\n      \u001b[33mclass\u001b[39m=\u001b[32m\"entries-module\"\u001b[39m\n    \u001b[36m>\u001b[39m\n      \u001b[36m<header\u001b[39m\n        \u001b[33mclass\u001b[39m=\u001b[32m\"entries-hero\"\u001b[39m\n      \u001b[36m>\u001b[39m\n        \u001b[36m<div>\u001b[39m\n          \u001b[36m<p\u001b[39m\n            \u001b[33mclass\u001b[39m=\u001b[32m\"entries-hero-kicker\"\u001b[39m\n          \u001b[36m>\u001b[39m\n            \u001b[0mOperacion multi-cuenta\u001b[0m\n          \u001b[36m</p>\u001b[39m\n          \u001b[36m<h2>\u001b[39m\n            \u001b[0mEntradas al mercado\u001b[0m\n          \u001b[36m</h2>\u001b[39m\n          \u001b[36m<p>\u001b[39m\n            \u001b[0mUna entrada puede asociarse a varias cuentas, guardando un registro independiente con su riesgo y % de inversion por cuenta.\u001b[0m\n          \u001b[36m</p>\u001b[39m\n        \u001b[36m</div>\u001b[39m\n        \u001b[36m<button\u001b[39m\n          \u001b[33mclass\u001b[39m=\u001b[32m\"primary-btn entries-create-btn\"\u001b[39m\n          \u001b[33mtype\u001b[39m=\u001b[32m\"button\"\u001b[39m\n        \u001b[36m>\u001b[39m\n          \u001b[36m<span\u001b[39m\n            \u001b[33maria-hidden\u001b[39m=\u001b[32m\"true\"\u001b[39m\n            \u001b[33mclass\u001b[39m=\u001b[32m\"app-icon material-symbols-rounded\"\u001b[39m\n          \u001b[36m>\u001b[39m\n            \u001b[0medit\u001b[0m\n          \u001b[36m</span>\u001b[39m\n          \u001b[0mNueva entrada\u001b[0m\n        \u001b[36m</button>\u001b[39m\n      \u001b[36m</header>\u001b[39m\n      \u001b[36m<div\u001b[39m\n        \u001b[33mclass\u001b[39m=\u001b[32m\"entries-toolbar\"\u001b[39m\n      \u001b[36m>\u001b[39m\n        \u001b[36m<input\u001b[39m\n          \u001b[33mclass\u001b[39m=\u001b[32m\"entries-search\"\u001b[39m\n          \u001b[33mplaceholder\u001b[39m=\u001b[32m\"Buscar por simbolo, contexto o cuenta\"\u001b[39m\n          \u001b[33mvalue\u001b[39m=\u001b[32m\"\"\u001b[39m\n        \u001b[36m/>\u001b[39m\n        \u001b[36m<select\u001b[39m\n          \u001b[33mclass\u001b[39m=\u001b[32m\"entries-filter\"\u001b[39m\n        \u001b[36m>\u001b[39m\n          \u001b[36m<option\u001b[39m\n            \u001b[33mvalue\u001b[39m=\u001b[32m\"all\"\u001b[39m\n          \u001b[36m>\u001b[39m\n            \u001b[0mTodas las cuentas\u001b[0m\n          \u001b[36m</option>\u001b[39m\n          \u001b[36m<option\u001b[39m\n            \u001b[33mvalue\u001b[39m=\u001b[32m\"acc-1\"\u001b[39m\n          \u001b[36m>\u001b[39m\n            \u001b[0mReal\u001b[0m\n          \u001b[36m</option>\u001b[39m\n          \u001b[36m<option\u001b[39m\n            \u001b[33mvalue\u001b[39m=\u001b[32m\"acc-2\"\u001b[39m\n          \u001b[36m>\u001b[39m\n            \u001b[0mDemo\u001b[0m\n          \u001b[36m</option>\u001b[39m\n        \u001b[36m</select>\u001b[39m\n      \u001b[36m</div>\u001b[39m\n      \u001b[36m<section\u001b[39m\n        \u001b[33mclass\u001b[39m=\u001b[32m\"entries-kpis\"\u001b[39m\n      \u001b[36m>\u001b[39m\n        \u001b[36m<article\u001b[39m\n          \u001b[33mclass\u001b[39m=\u001b[32m\"entries-kpi-card\"\u001b[39m\n        \u001b[36m>\u001b[39m\n          \u001b[36m<p>\u001b[39m\n            \u001b[0mRegistros visibles\u001b[0m\n          \u001b[36m</p>\u001b[39m\n          \u001b[36m<strong>\u001b[39m\n            \u001b[0m2\u001b[0m\n          \u001b[36m</strong>\u001b[39m\n        \u001b[36m</article>\u001b[39m\n        \u001b[36m<article\u001b[39m\n          \u001b[33mclass\u001b[39m=\u001b[32m\"entries-kpi-card\"\u001b[39m\n        \u001b[36m>\u001b[39m\n          \u001b[36m<p>\u001b[39m\n            \u001b[0mRiesgo total visible\u001b[0m\n          \u001b[36m</p>\u001b[39m\n          \u001b[36m<strong>\u001b[39m\n            \u001b[0m$\u001b[0m\n            \u001b[0m150.00\u001b[0m\n          \u001b[36m</strong>\u001b[39m\n        \u001b[36m</article>\u001b[39m\n        \u001b[36m<article\u001b[39m\n          \u001b[33mclass\u001b[39m=\u001b[32m\"entries-kpi-card\"\u001b[39m\n        \u001b[36m>\u001b[39m\n          \u001b[36m<p>\u001b[39m\n            \u001b[0mCuentas activas\u001b[0m\n          \u001b[36m</p>\u001b[39m\n          \u001b[36m<strong>\u001b[39m\n            \u001b[0m2\u001b[0m\n          \u001b[36m</strong>\u001b[39m\n        \u001b[36m</article>\u001b[39m\n      \u001b[36m</section>\u001b[39m\n      \u001b[36m<div\u001b[39m\n        \u001b[33mclass\u001b[39m=\u001b[32m\"entries-grid\"\u001b[39m\n      \u001b[36m>\u001b[39m\n        \u001b[36m<article\u001b[39m\n          \u001b[33mclass\u001b[39m=\u001b[32m\"entries-card\"\u001b[39m\n        \u001b[36m>\u001b[39m\n          \u001b[36m<header\u001b[39m\n            \u001b[33mclass\u001b[39m=\u001b[32m\"entries-card-header\"\u001b[39m\n          \u001b[36m>\u001b[39m\n            \u001b[36m<div>\u001b[39m\n              \u001b[36m<p\u001b[39m\n                \u001b[33mclass\u001b[39m=\u001b[32m\"entries-card-account\"\u001b[39m\n              \u001b[36m>\u001b[39m\n                \u001b[0mCuenta Real\u001b[0m\n              \u001b[36m</p>\u001b[39m\n              \u001b[36m<h3>\u001b[39m\n                \u001b[0mEURUSD · BUY\u001b[0m\n              \u001b[36m</h3>\u001b[39m\n            \u001b[36m</div>\u001b[39m\n            \u001b[36m<span\u001b[39m\n              \u001b[33mclass\u001b[39m=\u001b[32m\"entries-status entries-status-open\"\u001b[39m\n            \u001b[36m>\u001b[39m\n              \u001b[0mAbierta\u001b[0m\n            \u001b[36m</span>\u001b[39m\n          \u001b[36m</header>\u001b[39m\n          \u001b[36m<div\u001b[39m\n            \u001b[33mclass\u001b[39m=\u001b[32m\"entries-grid-meta\"\u001b[39m\n          \u001b[36m>\u001b[39m\n            \u001b[36m<p>\u001b[39m\n              \u001b[36m<strong>\u001b[39m\n                \u001b[0mContexto:\u001b[0m\n              \u001b[36m</strong>\u001b[39m\n              \u001b[0m \u001b[0m\n              \u001b[0mCPI\u001b[0m\n            \u001b[36m</p>\u001b[39m\n            \u001b[36m<p>\u001b[39m\n              \u001b[36m<strong>\u001b[39m\n                \u001b[0mSetup/Estrategia:\u001b[0m\n              \u001b[36m</strong>\u001b[39m\n              \u001b[0m \u001b[0m\n              \u001b[0mBreakout\u001b[0m\n            \u001b[36m</p>\u001b[39m\n            \u001b[36m<p>\u001b[39m\n              \u001b[36m<strong>\u001b[39m\n                \u001b[0mSesion:\u001b[0m\n              \u001b[36m</strong>\u001b[39m\n              \u001b[0m \u001b[0m\n              \u001b[0mNEW YORK\u001b[0m\n            \u001b[36m</p>\u001b[39m\n            \u001b[36m<p>\u001b[39m\n              \u001b[36m<strong>\u001b[39m\n                \u001b[0mFecha de ejecucion:\u001b[0m\n              \u001b[36m</strong>\u001b[39m\n              \u001b[0m \u001b[0m\n              \u001b[0m29 jun 2026, 12:52\u001b[0m\n            \u001b[36m</p>\u001b[39m\n          \u001b[36m</div>\u001b[39m\n          \u001b[36m<div\u001b[39m\n            \u001b[33mclass\u001b[39m=\u001b[32m\"entries-prices-row\"\u001b[39m\n          \u001b[36m>\u001b[39m\n            \u001b[36m<span>\u001b[39m\n              \u001b[0mEntrada: \u001b[0m\n              \u001b[0m1.1\u001b[0m\n            \u001b[36m</span>\u001b[39m\n            \u001b[36m<span>\u001b[39m\n              \u001b[0mSL: \u001b[0m\n              \u001b[0m1.05\u001b[0m\n            \u001b[36m</span>\u001b[39m\n            \u001b[36m<span>\u001b[39m\n              \u001b[0mTP: \u001b[0m\n              \u001b[0m1.15\u001b[0m\n            \u001b[36m</span>\u001b[39m\n          \u001b[36m</div>\u001b[39m\n          \u001b[36m<div\u001b[39m\n            \u001b[33mclass\u001b[39m=\u001b[32m\"entries-risk-row\"\u001b[39m\n          \u001b[36m>\u001b[39m\n            \u001b[36m<span>\u001b[39m\n              \u001b[0mRiesgo cuenta: $\u001b[0m\n              \u001b[0m100.00\u001b[0m\n            \u001b[36m</span>\u001b[39m\n            \u001b[36m<span>\u001b[39m\n              \u001b[0m% inversion: \u001b[0m\n              \u001b[0m1.00\u001b[0m\n              \u001b[0m%\u001b[0m\n            \u001b[36m</span>\u001b[39m\n            \u001b[36m<span>\u001b[39m\n              \u001b[0mResultado R: \u001b[0m\n              \u001b[0mN/A\u001b[0m\n            \u001b[36m</span>\u001b[39m\n          \u001b[36m</div>\u001b[39m\n          \u001b[36m<p\u001b[39m\n            \u001b[33mclass\u001b[39m=\u001b[32m\"entries-note\"\u001b[39m\n          \u001b[36m>\u001b[39m\n            \u001b[0mSin notas.\u001b[0m\n          \u001b[36m</p>\u001b[39m\n          \u001b[36m<footer\u001b[39m\n            \u001b[33mclass\u001b[39m=\u001b[32m\"entries-card-actions\"\u001b[39m\n          \u001b[36m>\u001b[39m\n            \u001b[36m<button\u001b[39m\n              \u001b[33maria-label\u001b[39m=\u001b[32m\"Editar entrada\"\u001b[39m\n              \u001b[33mclass\u001b[39m=\u001b[32m\"entries-action-btn entries-action-btn-icon\"\u001b[39m\n              \u001b[33mtitle\u001b[39m=\u001b[32m\"Editar entrada\"\u001b[39m\n              \u001b[33mtype\u001b[39m=\u001b[32m\"button\"\u001b[39m\n            \u001b[36m>\u001b[39m\n              \u001b[36m<span\u001b[39m\n                \u001b[33maria-hidden\u001b[39m=\u001b[32m\"true\"\u001b[39m\n                \u001b[33mclass\u001b[39m=\u001b[32m\"app-icon material-symbols-rounded\"\u001b[39m\n              \u001b[36m>\u001b[39m\n                \u001b[0medit\u001b[0m\n              \u001b[36m</span>\u001b[39m\n            \u001b[36m</button>\u001b[39m\n            \u001b[36m<button\u001b[39m\n              \u001b[33maria-label\u001b[39m=\u001b[32m\"Eliminar entrada\"\u001b[39m\n              \u001b[33mclass\u001b[39m=\u001b[32m\"entries-action-btn entries-action-btn-danger entries-action-btn-icon\"\u001b[39m\n              \u001b[33mtitle\u001b[39m=\u001b[32m\"Eliminar entrada\"\u001b[39m\n              \u001b[33mtype\u001b[39m=\u001b[32m\"button\"\u001b[39m\n            \u001b[36m>\u001b[39m\n              \u001b[36m<span\u001b[39m\n                \u001b[33maria-hidden\u001b[39m=\u001b[32m\"true\"\u001b[39m\n                \u001b[33mclass\u001b[39m=\u001b[32m\"app-icon material-symbols-rounded\"\u001b[39m\n              \u001b[36m>\u001b[39m\n                \u001b[0mdelete\u001b[0m\n              \u001b[36m</span>\u001b[39m\n            \u001b[36m</button>\u001b[39m\n          \u001b[36m</footer>\u001b[39m\n        \u001b[36m</article>\u001b[39m\n        \u001b[36m<article\u001b[39m\n          \u001b[33mclass\u001b[39m=\u001b[32m\"entries-card\"\u001b[39m\n        \u001b[36m>\u001b[39m\n          \u001b[36m<header\u001b[39m\n            \u001b[33mclass\u001b[39m=\u001b[32m\"entries-card-header\"\u001b[39m\n          \u001b[36m>\u001b[39m\n            \u001b[36m<div>\u001b[39m\n              \u001b[36m<p\u001b[39m\n                \u001b[33mclass\u001b[39m=\u001b[32m\"entries-card-account\"\u001b[39m\n              \u001b[36m>\u001b[39m\n                \u001b[0mCuenta Demo\u001b[0m\n              \u001b[36m</p>\u001b[39m\n              \u001b[36m<h3>\u001b[39m\n                \u001b[0mGBPUSD · SELL\u001b[0m\n              \u001b[36m</h3>\u001b[39m\n            \u001b[36m</div>\u001b[39m\n            \u001b[36m<span\u001b[39m\n              \u001b[33mclass\u001b[39m=\u001b[32m\"entries-status entries-status-planned\"\u001b[39m\n            \u001b[36m>\u001b[39m\n              \u001b[0mPlanificada\u001b[0m\n            \u001b[36m</span>\u001b[39m\n          \u001b[36m</header>\u001b[39m\n          \u001b[36m<div\u001b[39m\n            \u001b[33mclass\u001b[39m=\u001b[32m\"entries-grid-meta\"\u001b[39m\n          \u001b[36m>\u001b[39m\n            \u001b[36m<p>\u001b[39m\n              \u001b[36m<strong>\u001b[39m\n                \u001b[0mContexto:\u001b[0m\n              \u001b[36m</strong>\u001b[39m\n              \u001b[0m \u001b[0m\n              \u001b[0mNFP\u001b[0m\n            \u001b[36m</p>\u001b[39m\n            \u001b[36m<p>\u001b[39m\n              \u001b[36m<strong>\u001b[39m\n                \u001b[0mSetup/Estrategia:\u001b[0m\n              \u001b[36m</strong>\u001b[39m\n              \u001b[0m \u001b[0m\n              \u001b[0mPullback\u001b[0m\n            \u001b[36m</p>\u001b[39m\n            \u001b[36m<p>\u001b[39m\n              \u001b[36m<strong>\u001b[39m\n                \u001b[0mSesion:\u001b[0m\n              \u001b[36m</strong>\u001b[39m\n              \u001b[0m \u001b[0m\n              \u001b[0mLONDON\u001b[0m\n            \u001b[36m</p>\u001b[39m\n            \u001b[36m<p>\u001b[39m\n              \u001b[36m<strong>\u001b[39m\n                \u001b[0mFecha de ejecucion:\u001b[0m\n              \u001b[36m</strong>\u001b[39m\n              \u001b[0m \u001b[0m\n              \u001b[0m29 jun 2026, 12:52\u001b[0m\n            \u001b[36m</p>\u001b[39m\n          \u001b[36m</div>\u001b[39m\n          \u001b[36m<div\u001b[39m\n            \u001b[33mclass\u001b[39m=\u001b[32m\"entries-prices-row\"\u001b[39m\n          \u001b[36m>\u001b[39m\n            \u001b[36m<span>\u001b[39m\n              \u001b[0mEntrada: \u001b[0m\n              \u001b[0m1.3\u001b[0m\n            \u001b[36m</span>\u001b[39m\n            \u001b[36m<span>\u001b[39m\n              \u001b[0mSL: \u001b[0m\n              \u001b[0m1.31\u001b[0m\n            \u001b[36m</span>\u001b[39m\n            \u001b[36m<span>\u001b[39m\n              \u001b[0mTP: \u001b[0m\n              \u001b[0m1.28\u001b[0m\n            \u001b[36m</span>\u001b[39m\n          \u001b[36m</div>\u001b[39m\n          \u001b[36m<div\u001b[39m\n            \u001b[33mclass\u001b[39m=\u001b[32m\"entries-risk-row\"\u001b[39m\n          \u001b[36m>\u001b[39m\n            \u001b[36m<span>\u001b[39m\n              \u001b[0mRiesgo cuenta: $\u001b[0m\n              \u001b[0m50.00\u001b[0m\n            \u001b[36m</span>\u001b[39m\n            \u001b[36m<span>\u001b[39m\n              \u001b[0m% inversion: \u001b[0m\n              \u001b[0m0.50\u001b[0m\n              \u001b[0m%\u001b[0m\n            \u001b[36m</span>\u001b[39m\n            \u001b[36m<span>\u001b[39m\n              \u001b[0mResultado R: \u001b[0m\n              \u001b[0mN/A\u001b[0m\n            \u001b[36m</span>\u001b[39m\n          \u001b[36m</div>\u001b[39m\n          \u001b[36m<p\u001b[39m\n            \u001b[33mclass\u001b[39m=\u001b[32m\"entries-note\"\u001b[39m\n          \u001b[36m>\u001b[39m\n            \u001b[0mSin notas.\u001b[0m\n          \u001b[36m</p>\u001b[39m\n          \u001b[36m<footer\u001b[39m\n            \u001b[33mclass\u001b[39m=\u001b[32m\"entries-card-actions\"\u001b[39m\n          \u001b[36m>\u001b[39m\n            \u001b[36m<button\u001b[39m\n              \u001b[33maria-label\u001b[39m=\u001b[32m\"Editar entrada\"\u001b[39m\n              \u001b[33mclass\u001b[39m=\u001b[32m\"entries-action-btn entries-action-btn-icon\"\u001b[39m\n              \u001b[33mtitle\u001b[39m=\u001b[32m\"Editar entrada\"\u001b[39m\n              \u001b[33mtype\u001b[39m=\u001b[32m\"button\"\u001b[39m\n            \u001b[36m>\u001b[39m\n              \u001b[36m<span\u001b[39m\n                \u001b[33maria-hidden\u001b[39m=\u001b[32m\"true\"\u001b[39m\n                \u001b[33mclass\u001b[39m=\u001b[32m\"app-icon material-symbols-rounded\"\u001b[39m\n              \u001b[36m>\u001b[39m\n                \u001b[0medit\u001b[0m\n              \u001b[36m</span>\u001b[39m\n            \u001b[36m</button>\u001b[39m\n            \u001b[36m<button\u001b[39m\n              \u001b[33maria-label\u001b[39m=\u001b[32m\"Eliminar entrada\"\u001b[39m\n              \u001b[33mclass\u001b[39m=\u001b[32m\"entries-action-btn entries-action-btn-danger entries-action-btn-icon\"\u001b[39m\n              \u001b[33mtitle\u001b[39m=\u001b[32m\"Eliminar entrada\"\u001b[39m\n              \u001b[33mtype\u001b[39m=\u001b[32m\"button\"\u001b[39m\n            \u001b[36m>\u001b[39m\n              \u001b[36m<span\u001b[39m\n                \u001b[33maria-hidden\u001b[39m=\u001b[32m\"true\"\u001b[39m\n                \u001b[33mclass\u001b[39m=\u001b[32m\"app-icon material-symbols-rounded\"\u001b[39m\n              \u001b[36m>\u001b[39m\n                \u001b[0mdelete\u001b[0m\n              \u001b[36m</span>\u001b[39m\n            \u001b[36m</button>\u001b[39m\n          \u001b[36m</footer>\u001b[39m\n        \u001b[36m</article>\u001b[39m\n      \u001b[36m</div>\u001b[39m\n    \u001b[36m</section>\u001b[39m\n  \u001b[36m</div>\u001b[39m\n\u001b[36m</body>\u001b[39m\n    at waitForWrapper (D:\\Proyectos\\Excel\\frontend\\node_modules\\@testing-library\\dom\\dist\\wait-for.js:163:27)\n    at D:\\Proyectos\\Excel\\frontend\\node_modules\\@testing-library\\dom\\dist\\query-helpers.js:86:33\n    at D:\\Proyectos\\Excel\\frontend\\src\\components\\MarketEntriesModule.test.tsx:225:25\n    at file:///D:/Proyectos/Excel/frontend/node_modules/@vitest/runner/dist/index.js:146:14\n    at file:///D:/Proyectos/Excel/frontend/node_modules/@vitest/runner/dist/index.js:533:11\n    at runWithTimeout (file:///D:/Proyectos/Excel/frontend/node_modules/@vitest/runner/dist/index.js:39:7)\n    at runTest (file:///D:/Proyectos/Excel/frontend/node_modules/@vitest/runner/dist/index.js:1056:17)\n    at runSuite (file:///D:/Proyectos/Excel/frontend/node_modules/@vitest/runner/dist/index.js:1205:15)\n    at runSuite (file:///D:/Proyectos/Excel/frontend/node_modules/@vitest/runner/dist/index.js:1205:15)\n    at runFiles (file:///D:/Proyectos/Excel/frontend/node_modules/@vitest/runner/dist/index.js:1262:5)"],"meta":{}},{"ancestorTitles":["MarketEntriesModule"],"fullName":"MarketEntriesModule should search entries by symbol","status":"failed","title":"should search entries by symbol","duration":1008.9342999999999,"failureMessages":["Error: Unable to find an element with the text: EURUSD. This could be because the text is broken up by multiple elements. In this case, you can provide a function for your text matcher to make your matcher more flexible.\n\nIgnored nodes: comments, script, style\n\u001b[36m<body>\u001b[39m\n  \u001b[36m<div>\u001b[39m\n    \u001b[36m<section\u001b[39m\n      \u001b[33mclass\u001b[39m=\u001b[32m\"entries-module\"\u001b[39m\n    \u001b[36m>\u001b[39m\n      \u001b[36m<header\u001b[39m\n        \u001b[33mclass\u001b[39m=\u001b[32m\"entries-hero\"\u001b[39m\n      \u001b[36m>\u001b[39m\n        \u001b[36m<div>\u001b[39m\n          \u001b[36m<p\u001b[39m\n            \u001b[33mclass\u001b[39m=\u001b[32m\"entries-hero-kicker\"\u001b[39m\n          \u001b[36m>\u001b[39m\n            \u001b[0mOperacion multi-cuenta\u001b[0m\n          \u001b[36m</p>\u001b[39m\n          \u001b[36m<h2>\u001b[39m\n            \u001b[0mEntradas al mercado\u001b[0m\n          \u001b[36m</h2>\u001b[39m\n          \u001b[36m<p>\u001b[39m\n            \u001b[0mUna entrada puede asociarse a varias cuentas, guardando un registro independiente con su riesgo y % de inversion por cuenta.\u001b[0m\n          \u001b[36m</p>\u001b[39m\n        \u001b[36m</div>\u001b[39m\n        \u001b[36m<button\u001b[39m\n          \u001b[33mclass\u001b[39m=\u001b[32m\"primary-btn entries-create-btn\"\u001b[39m\n          \u001b[33mtype\u001b[39m=\u001b[32m\"button\"\u001b[39m\n        \u001b[36m>\u001b[39m\n          \u001b[36m<span\u001b[39m\n            \u001b[33maria-hidden\u001b[39m=\u001b[32m\"true\"\u001b[39m\n            \u001b[33mclass\u001b[39m=\u001b[32m\"app-icon material-symbols-rounded\"\u001b[39m\n          \u001b[36m>\u001b[39m\n            \u001b[0medit\u001b[0m\n          \u001b[36m</span>\u001b[39m\n          \u001b[0mNueva entrada\u001b[0m\n        \u001b[36m</button>\u001b[39m\n      \u001b[36m</header>\u001b[39m\n      \u001b[36m<div\u001b[39m\n        \u001b[33mclass\u001b[39m=\u001b[32m\"entries-toolbar\"\u001b[39m\n      \u001b[36m>\u001b[39m\n        \u001b[36m<input\u001b[39m\n          \u001b[33mclass\u001b[39m=\u001b[32m\"entries-search\"\u001b[39m\n          \u001b[33mplaceholder\u001b[39m=\u001b[32m\"Buscar por simbolo, contexto o cuenta\"\u001b[39m\n          \u001b[33mvalue\u001b[39m=\u001b[32m\"\"\u001b[39m\n        \u001b[36m/>\u001b[39m\n        \u001b[36m<select\u001b[39m\n          \u001b[33mclass\u001b[39m=\u001b[32m\"entries-filter\"\u001b[39m\n        \u001b[36m>\u001b[39m\n          \u001b[36m<option\u001b[39m\n            \u001b[33mvalue\u001b[39m=\u001b[32m\"all\"\u001b[39m\n          \u001b[36m>\u001b[39m\n            \u001b[0mTodas las cuentas\u001b[0m\n          \u001b[36m</option>\u001b[39m\n          \u001b[36m<option\u001b[39m\n            \u001b[33mvalue\u001b[39m=\u001b[32m\"acc-1\"\u001b[39m\n          \u001b[36m>\u001b[39m\n            \u001b[0mReal\u001b[0m\n          \u001b[36m</option>\u001b[39m\n        \u001b[36m</select>\u001b[39m\n      \u001b[36m</div>\u001b[39m\n      \u001b[36m<section\u001b[39m\n        \u001b[33mclass\u001b[39m=\u001b[32m\"entries-kpis\"\u001b[39m\n      \u001b[36m>\u001b[39m\n        \u001b[36m<article\u001b[39m\n          \u001b[33mclass\u001b[39m=\u001b[32m\"entries-kpi-card\"\u001b[39m\n        \u001b[36m>\u001b[39m\n          \u001b[36m<p>\u001b[39m\n            \u001b[0mRegistros visibles\u001b[0m\n          \u001b[36m</p>\u001b[39m\n          \u001b[36m<strong>\u001b[39m\n            \u001b[0m2\u001b[0m\n          \u001b[36m</strong>\u001b[39m\n        \u001b[36m</article>\u001b[39m\n        \u001b[36m<article\u001b[39m\n          \u001b[33mclass\u001b[39m=\u001b[32m\"entries-kpi-card\"\u001b[39m\n        \u001b[36m>\u001b[39m\n          \u001b[36m<p>\u001b[39m\n            \u001b[0mRiesgo total visible\u001b[0m\n          \u001b[36m</p>\u001b[39m\n          \u001b[36m<strong>\u001b[39m\n            \u001b[0m$\u001b[0m\n            \u001b[0m150.00\u001b[0m\n          \u001b[36m</strong>\u001b[39m\n        \u001b[36m</article>\u001b[39m\n        \u001b[36m<article\u001b[39m\n          \u001b[33mclass\u001b[39m=\u001b[32m\"entries-kpi-card\"\u001b[39m\n        \u001b[36m>\u001b[39m\n          \u001b[36m<p>\u001b[39m\n            \u001b[0mCuentas activas\u001b[0m\n          \u001b[36m</p>\u001b[39m\n          \u001b[36m<strong>\u001b[39m\n            \u001b[0m1\u001b[0m\n          \u001b[36m</strong>\u001b[39m\n        \u001b[36m</article>\u001b[39m\n      \u001b[36m</section>\u001b[39m\n      \u001b[36m<div\u001b[39m\n        \u001b[33mclass\u001b[39m=\u001b[32m\"entries-grid\"\u001b[39m\n      \u001b[36m>\u001b[39m\n        \u001b[36m<article\u001b[39m\n          \u001b[33mclass\u001b[39m=\u001b[32m\"entries-card\"\u001b[39m\n        \u001b[36m>\u001b[39m\n          \u001b[36m<header\u001b[39m\n            \u001b[33mclass\u001b[39m=\u001b[32m\"entries-card-header\"\u001b[39m\n          \u001b[36m>\u001b[39m\n            \u001b[36m<div>\u001b[39m\n              \u001b[36m<p\u001b[39m\n                \u001b[33mclass\u001b[39m=\u001b[32m\"entries-card-account\"\u001b[39m\n              \u001b[36m>\u001b[39m\n                \u001b[0mCuenta Real\u001b[0m\n              \u001b[36m</p>\u001b[39m\n              \u001b[36m<h3>\u001b[39m\n                \u001b[0mEURUSD · BUY\u001b[0m\n              \u001b[36m</h3>\u001b[39m\n            \u001b[36m</div>\u001b[39m\n            \u001b[36m<span\u001b[39m\n              \u001b[33mclass\u001b[39m=\u001b[32m\"entries-status entries-status-open\"\u001b[39m\n            \u001b[36m>\u001b[39m\n              \u001b[0mAbierta\u001b[0m\n            \u001b[36m</span>\u001b[39m\n          \u001b[36m</header>\u001b[39m\n          \u001b[36m<div\u001b[39m\n            \u001b[33mclass\u001b[39m=\u001b[32m\"entries-grid-meta\"\u001b[39m\n          \u001b[36m>\u001b[39m\n            \u001b[36m<p>\u001b[39m\n              \u001b[36m<strong>\u001b[39m\n                \u001b[0mContexto:\u001b[0m\n              \u001b[36m</strong>\u001b[39m\n              \u001b[0m \u001b[0m\n              \u001b[0mCPI\u001b[0m\n            \u001b[36m</p>\u001b[39m\n            \u001b[36m<p>\u001b[39m\n              \u001b[36m<strong>\u001b[39m\n                \u001b[0mSetup/Estrategia:\u001b[0m\n              \u001b[36m</strong>\u001b[39m\n              \u001b[0m \u001b[0m\n              \u001b[0mBreakout\u001b[0m\n            \u001b[36m</p>\u001b[39m\n            \u001b[36m<p>\u001b[39m\n              \u001b[36m<strong>\u001b[39m\n                \u001b[0mSesion:\u001b[0m\n              \u001b[36m</strong>\u001b[39m\n              \u001b[0m \u001b[0m\n              \u001b[0mNEW YORK\u001b[0m\n            \u001b[36m</p>\u001b[39m\n            \u001b[36m<p>\u001b[39m\n              \u001b[36m<strong>\u001b[39m\n                \u001b[0mFecha de ejecucion:\u001b[0m\n              \u001b[36m</strong>\u001b[39m\n              \u001b[0m \u001b[0m\n              \u001b[0m29 jun 2026, 12:52\u001b[0m\n            \u001b[36m</p>\u001b[39m\n          \u001b[36m</div>\u001b[39m\n          \u001b[36m<div\u001b[39m\n            \u001b[33mclass\u001b[39m=\u001b[32m\"entries-prices-row\"\u001b[39m\n          \u001b[36m>\u001b[39m\n            \u001b[36m<span>\u001b[39m\n              \u001b[0mEntrada: \u001b[0m\n              \u001b[0m1.1\u001b[0m\n            \u001b[36m</span>\u001b[39m\n            \u001b[36m<span>\u001b[39m\n              \u001b[0mSL: \u001b[0m\n              \u001b[0m1.05\u001b[0m\n            \u001b[36m</span>\u001b[39m\n            \u001b[36m<span>\u001b[39m\n              \u001b[0mTP: \u001b[0m\n              \u001b[0m1.15\u001b[0m\n            \u001b[36m</span>\u001b[39m\n          \u001b[36m</div>\u001b[39m\n          \u001b[36m<div\u001b[39m\n            \u001b[33mclass\u001b[39m=\u001b[32m\"entries-risk-row\"\u001b[39m\n          \u001b[36m>\u001b[39m\n            \u001b[36m<span>\u001b[39m\n              \u001b[0mRiesgo cuenta: $\u001b[0m\n              \u001b[0m100.00\u001b[0m\n            \u001b[36m</span>\u001b[39m\n            \u001b[36m<span>\u001b[39m\n              \u001b[0m% inversion: \u001b[0m\n              \u001b[0m1.00\u001b[0m\n              \u001b[0m%\u001b[0m\n            \u001b[36m</span>\u001b[39m\n            \u001b[36m<span>\u001b[39m\n              \u001b[0mResultado R: \u001b[0m\n              \u001b[0mN/A\u001b[0m\n            \u001b[36m</span>\u001b[39m\n          \u001b[36m</div>\u001b[39m\n          \u001b[36m<p\u001b[39m\n            \u001b[33mclass\u001b[39m=\u001b[32m\"entries-note\"\u001b[39m\n          \u001b[36m>\u001b[39m\n            \u001b[0mSin notas.\u001b[0m\n          \u001b[36m</p>\u001b[39m\n          \u001b[36m<footer\u001b[39m\n            \u001b[33mclass\u001b[39m=\u001b[32m\"entries-card-actions\"\u001b[39m\n          \u001b[36m>\u001b[39m\n            \u001b[36m<button\u001b[39m\n              \u001b[33maria-label\u001b[39m=\u001b[32m\"Editar entrada\"\u001b[39m\n              \u001b[33mclass\u001b[39m=\u001b[32m\"entries-action-btn entries-action-btn-icon\"\u001b[39m\n              \u001b[33mtitle\u001b[39m=\u001b[32m\"Editar entrada\"\u001b[39m\n              \u001b[33mtype\u001b[39m=\u001b[32m\"button\"\u001b[39m\n            \u001b[36m>\u001b[39m\n              \u001b[36m<span\u001b[39m\n                \u001b[33maria-hidden\u001b[39m=\u001b[32m\"true\"\u001b[39m\n                \u001b[33mclass\u001b[39m=\u001b[32m\"app-icon material-symbols-rounded\"\u001b[39m\n              \u001b[36m>\u001b[39m\n                \u001b[0medit\u001b[0m\n              \u001b[36m</span>\u001b[39m\n            \u001b[36m</button>\u001b[39m\n            \u001b[36m<button\u001b[39m\n              \u001b[33maria-label\u001b[39m=\u001b[32m\"Eliminar entrada\"\u001b[39m\n              \u001b[33mclass\u001b[39m=\u001b[32m\"entries-action-btn entries-action-btn-danger entries-action-btn-icon\"\u001b[39m\n              \u001b[33mtitle\u001b[39m=\u001b[32m\"Eliminar entrada\"\u001b[39m\n              \u001b[33mtype\u001b[39m=\u001b[32m\"button\"\u001b[39m\n            \u001b[36m>\u001b[39m\n              \u001b[36m<span\u001b[39m\n                \u001b[33maria-hidden\u001b[39m=\u001b[32m\"true\"\u001b[39m\n                \u001b[33mclass\u001b[39m=\u001b[32m\"app-icon material-symbols-rounded\"\u001b[39m\n              \u001b[36m>\u001b[39m\n                \u001b[0mdelete\u001b[0m\n              \u001b[36m</span>\u001b[39m\n            \u001b[36m</button>\u001b[39m\n          \u001b[36m</footer>\u001b[39m\n        \u001b[36m</article>\u001b[39m\n        \u001b[36m<article\u001b[39m\n          \u001b[33mclass\u001b[39m=\u001b[32m\"entries-card\"\u001b[39m\n        \u001b[36m>\u001b[39m\n          \u001b[36m<header\u001b[39m\n            \u001b[33mclass\u001b[39m=\u001b[32m\"entries-card-header\"\u001b[39m\n          \u001b[36m>\u001b[39m\n            \u001b[36m<div>\u001b[39m\n              \u001b[36m<p\u001b[39m\n                \u001b[33mclass\u001b[39m=\u001b[32m\"entries-card-account\"\u001b[39m\n              \u001b[36m>\u001b[39m\n                \u001b[0mCuenta Real\u001b[0m\n              \u001b[36m</p>\u001b[39m\n              \u001b[36m<h3>\u001b[39m\n                \u001b[0mGBPUSD · SELL\u001b[0m\n              \u001b[36m</h3>\u001b[39m\n            \u001b[36m</div>\u001b[39m\n            \u001b[36m<span\u001b[39m\n              \u001b[33mclass\u001b[39m=\u001b[32m\"entries-status entries-status-planned\"\u001b[39m\n            \u001b[36m>\u001b[39m\n              \u001b[0mPlanificada\u001b[0m\n            \u001b[36m</span>\u001b[39m\n          \u001b[36m</header>\u001b[39m\n          \u001b[36m<div\u001b[39m\n            \u001b[33mclass\u001b[39m=\u001b[32m\"entries-grid-meta\"\u001b[39m\n          \u001b[36m>\u001b[39m\n            \u001b[36m<p>\u001b[39m\n              \u001b[36m<strong>\u001b[39m\n                \u001b[0mContexto:\u001b[0m\n              \u001b[36m</strong>\u001b[39m\n              \u001b[0m \u001b[0m\n              \u001b[0mNFP\u001b[0m\n            \u001b[36m</p>\u001b[39m\n            \u001b[36m<p>\u001b[39m\n              \u001b[36m<strong>\u001b[39m\n                \u001b[0mSetup/Estrategia:\u001b[0m\n              \u001b[36m</strong>\u001b[39m\n              \u001b[0m \u001b[0m\n              \u001b[0mPullback\u001b[0m\n            \u001b[36m</p>\u001b[39m\n            \u001b[36m<p>\u001b[39m\n              \u001b[36m<strong>\u001b[39m\n                \u001b[0mSesion:\u001b[0m\n              \u001b[36m</strong>\u001b[39m\n              \u001b[0m \u001b[0m\n              \u001b[0mLONDON\u001b[0m\n            \u001b[36m</p>\u001b[39m\n            \u001b[36m<p>\u001b[39m\n              \u001b[36m<strong>\u001b[39m\n                \u001b[0mFecha de ejecucion:\u001b[0m\n              \u001b[36m</strong>\u001b[39m\n              \u001b[0m \u001b[0m\n              \u001b[0m29 jun 2026, 12:52\u001b[0m\n            \u001b[36m</p>\u001b[39m\n          \u001b[36m</div>\u001b[39m\n          \u001b[36m<div\u001b[39m\n            \u001b[33mclass\u001b[39m=\u001b[32m\"entries-prices-row\"\u001b[39m\n          \u001b[36m>\u001b[39m\n            \u001b[36m<span>\u001b[39m\n              \u001b[0mEntrada: \u001b[0m\n              \u001b[0m1.3\u001b[0m\n            \u001b[36m</span>\u001b[39m\n            \u001b[36m<span>\u001b[39m\n              \u001b[0mSL: \u001b[0m\n              \u001b[0m1.31\u001b[0m\n            \u001b[36m</span>\u001b[39m\n            \u001b[36m<span>\u001b[39m\n              \u001b[0mTP: \u001b[0m\n              \u001b[0m1.28\u001b[0m\n            \u001b[36m</span>\u001b[39m\n          \u001b[36m</div>\u001b[39m\n          \u001b[36m<div\u001b[39m\n            \u001b[33mclass\u001b[39m=\u001b[32m\"entries-risk-row\"\u001b[39m\n          \u001b[36m>\u001b[39m\n            \u001b[36m<span>\u001b[39m\n              \u001b[0mRiesgo cuenta: $\u001b[0m\n              \u001b[0m50.00\u001b[0m\n            \u001b[36m</span>\u001b[39m\n            \u001b[36m<span>\u001b[39m\n              \u001b[0m% inversion: \u001b[0m\n              \u001b[0m0.50\u001b[0m\n              \u001b[0m%\u001b[0m\n            \u001b[36m</span>\u001b[39m\n            \u001b[36m<span>\u001b[39m\n              \u001b[0mResultado R: \u001b[0m\n              \u001b[0mN/A\u001b[0m\n            \u001b[36m</span>\u001b[39m\n          \u001b[36m</div>\u001b[39m\n          \u001b[36m<p\u001b[39m\n            \u001b[33mclass\u001b[39m=\u001b[32m\"entries-note\"\u001b[39m\n          \u001b[36m>\u001b[39m\n            \u001b[0mSin notas.\u001b[0m\n          \u001b[36m</p>\u001b[39m\n          \u001b[36m<footer\u001b[39m\n            \u001b[33mclass\u001b[39m=\u001b[32m\"entries-card-actions\"\u001b[39m\n          \u001b[36m>\u001b[39m\n            \u001b[36m<button\u001b[39m\n              \u001b[33maria-label\u001b[39m=\u001b[32m\"Editar entrada\"\u001b[39m\n              \u001b[33mclass\u001b[39m=\u001b[32m\"entries-action-btn entries-action-btn-icon\"\u001b[39m\n              \u001b[33mtitle\u001b[39m=\u001b[32m\"Editar entrada\"\u001b[39m\n              \u001b[33mtype\u001b[39m=\u001b[32m\"button\"\u001b[39m\n            \u001b[36m>\u001b[39m\n              \u001b[36m<span\u001b[39m\n                \u001b[33maria-hidden\u001b[39m=\u001b[32m\"true\"\u001b[39m\n                \u001b[33mclass\u001b[39m=\u001b[32m\"app-icon material-symbols-rounded\"\u001b[39m\n              \u001b[36m>\u001b[39m\n                \u001b[0medit\u001b[0m\n              \u001b[36m</span>\u001b[39m\n            \u001b[36m</button>\u001b[39m\n            \u001b[36m<button\u001b[39m\n              \u001b[33maria-label\u001b[39m=\u001b[32m\"Eliminar entrada\"\u001b[39m\n              \u001b[33mclass\u001b[39m=\u001b[32m\"entries-action-btn entries-action-btn-danger entries-action-btn-icon\"\u001b[39m\n              \u001b[33mtitle\u001b[39m=\u001b[32m\"Eliminar entrada\"\u001b[39m\n              \u001b[33mtype\u001b[39m=\u001b[32m\"button\"\u001b[39m\n            \u001b[36m>\u001b[39m\n              \u001b[36m<span\u001b[39m\n                \u001b[33maria-hidden\u001b[39m=\u001b[32m\"true\"\u001b[39m\n                \u001b[33mclass\u001b[39m=\u001b[32m\"app-icon material-symbols-rounded\"\u001b[39m\n              \u001b[36m>\u001b[39m\n                \u001b[0mdelete\u001b[0m\n              \u001b[36m</span>\u001b[39m\n            \u001b[36m</button>\u001b[39m\n          \u001b[36m</footer>\u001b[39m\n        \u001b[36m</article>\u001b[39m\n      \u001b[36m</div>\u001b[39m\n    \u001b[36m</section>\u001b[39m\n  \u001b[36m</div>\u001b[39m\n\u001b[36m</body>\u001b[39m\n    at waitForWrapper (D:\\Proyectos\\Excel\\frontend\\node_modules\\@testing-library\\dom\\dist\\wait-for.js:163:27)\n    at D:\\Proyectos\\Excel\\frontend\\node_modules\\@testing-library\\dom\\dist\\query-helpers.js:86:33\n    at D:\\Proyectos\\Excel\\frontend\\src\\components\\MarketEntriesModule.test.tsx:295:25\n    at file:///D:/Proyectos/Excel/frontend/node_modules/@vitest/runner/dist/index.js:146:14\n    at file:///D:/Proyectos/Excel/frontend/node_modules/@vitest/runner/dist/index.js:533:11\n    at runWithTimeout (file:///D:/Proyectos/Excel/frontend/node_modules/@vitest/runner/dist/index.js:39:7)\n    at runTest (file:///D:/Proyectos/Excel/frontend/node_modules/@vitest/runner/dist/index.js:1056:17)\n    at runSuite (file:///D:/Proyectos/Excel/frontend/node_modules/@vitest/runner/dist/index.js:1205:15)\n    at runSuite (file:///D:/Proyectos/Excel/frontend/node_modules/@vitest/runner/dist/index.js:1205:15)\n    at runFiles (file:///D:/Proyectos/Excel/frontend/node_modules/@vitest/runner/dist/index.js:1262:5)"],"meta":{}},{"ancestorTitles":["MarketEntriesModule"],"fullName":"MarketEntriesModule should calculate correct KPIs","status":"failed","title":"should calculate correct KPIs","duration":1017.5897999999997,"failureMessages":["Error: Found multiple elements with the text: 1\n\nHere are the matching elements:\n\nIgnored nodes: comments, script, style\n\u001b[36m<strong>\u001b[39m\n  \u001b[0m1\u001b[0m\n\u001b[36m</strong>\u001b[39m\n\nIgnored nodes: comments, script, style\n\u001b[36m<strong>\u001b[39m\n  \u001b[0m1\u001b[0m\n\u001b[36m</strong>\u001b[39m\n\n(If this is intentional, then use the `*AllBy*` variant of the query (like `queryAllByText`, `getAllByText`, or `findAllByText`)).\n\nIgnored nodes: comments, script, style\n\u001b[36m<body>\u001b[39m\n  \u001b[36m<div>\u001b[39m\n    \u001b[36m<section\u001b[39m\n      \u001b[33mclass\u001b[39m=\u001b[32m\"entries-module\"\u001b[39m\n    \u001b[36m>\u001b[39m\n      \u001b[36m<header\u001b[39m\n        \u001b[33mclass\u001b[39m=\u001b[32m\"entries-hero\"\u001b[39m\n      \u001b[36m>\u001b[39m\n        \u001b[36m<div>\u001b[39m\n          \u001b[36m<p\u001b[39m\n            \u001b[33mclass\u001b[39m=\u001b[32m\"entries-hero-kicker\"\u001b[39m\n          \u001b[36m>\u001b[39m\n            \u001b[0mOperacion multi-cuenta\u001b[0m\n          \u001b[36m</p>\u001b[39m\n          \u001b[36m<h2>\u001b[39m\n            \u001b[0mEntradas al mercado\u001b[0m\n          \u001b[36m</h2>\u001b[39m\n          \u001b[36m<p>\u001b[39m\n            \u001b[0mUna entrada puede asociarse a varias cuentas, guardando un registro independiente con su riesgo y % de inversion por cuenta.\u001b[0m\n          \u001b[36m</p>\u001b[39m\n        \u001b[36m</div>\u001b[39m\n        \u001b[36m<button\u001b[39m\n          \u001b[33mclass\u001b[39m=\u001b[32m\"primary-btn entries-create-btn\"\u001b[39m\n          \u001b[33mtype\u001b[39m=\u001b[32m\"button\"\u001b[39m\n        \u001b[36m>\u001b[39m\n          \u001b[36m<span\u001b[39m\n            \u001b[33maria-hidden\u001b[39m=\u001b[32m\"true\"\u001b[39m\n            \u001b[33mclass\u001b[39m=\u001b[32m\"app-icon material-symbols-rounded\"\u001b[39m\n          \u001b[36m>\u001b[39m\n            \u001b[0medit\u001b[0m\n          \u001b[36m</span>\u001b[39m\n          \u001b[0mNueva entrada\u001b[0m\n        \u001b[36m</button>\u001b[39m\n      \u001b[36m</header>\u001b[39m\n      \u001b[36m<div\u001b[39m\n        \u001b[33mclass\u001b[39m=\u001b[32m\"entries-toolbar\"\u001b[39m\n      \u001b[36m>\u001b[39m\n        \u001b[36m<input\u001b[39m\n          \u001b[33mclass\u001b[39m=\u001b[32m\"entries-search\"\u001b[39m\n          \u001b[33mplaceholder\u001b[39m=\u001b[32m\"Buscar por simbolo, contexto o cuenta\"\u001b[39m\n          \u001b[33mvalue\u001b[39m=\u001b[32m\"\"\u001b[39m\n        \u001b[36m/>\u001b[39m\n        \u001b[36m<select\u001b[39m\n          \u001b[33mclass\u001b[39m=\u001b[32m\"entries-filter\"\u001b[39m\n        \u001b[36m>\u001b[39m\n          \u001b[36m<option\u001b[39m\n            \u001b[33mvalue\u001b[39m=\u001b[32m\"all\"\u001b[39m\n          \u001b[36m>\u001b[39m\n            \u001b[0mTodas las cuentas\u001b[0m\n          \u001b[36m</option>\u001b[39m\n          \u001b[36m<option\u001b[39m\n            \u001b[33mvalue\u001b[39m=\u001b[32m\"acc-1\"\u001b[39m\n          \u001b[36m>\u001b[39m\n            \u001b[0mReal\u001b[0m\n          \u001b[36m</option>\u001b[39m\n        \u001b[36m</select>\u001b[39m\n      \u001b[36m</div>\u001b[39m\n      \u001b[36m<section\u001b[39m\n        \u001b[33mclass\u001b[39m=\u001b[32m\"entries-kpis\"\u001b[39m\n      \u001b[36m>\u001b[39m\n        \u001b[36m<article\u001b[39m\n          \u001b[33mclass\u001b[39m=\u001b[32m\"entries-kpi-card\"\u001b[39m\n        \u001b[36m>\u001b[39m\n          \u001b[36m<p>\u001b[39m\n            \u001b[0mRegistros visibles\u001b[0m\n          \u001b[36m</p>\u001b[39m\n          \u001b[36m<strong>\u001b[39m\n            \u001b[0m1\u001b[0m\n          \u001b[36m</strong>\u001b[39m\n        \u001b[36m</article>\u001b[39m\n        \u001b[36m<article\u001b[39m\n          \u001b[33mclass\u001b[39m=\u001b[32m\"entries-kpi-card\"\u001b[39m\n        \u001b[36m>\u001b[39m\n          \u001b[36m<p>\u001b[39m\n            \u001b[0mRiesgo total visible\u001b[0m\n          \u001b[36m</p>\u001b[39m\n          \u001b[36m<strong>\u001b[39m\n            \u001b[0m$\u001b[0m\n            \u001b[0m100.00\u001b[0m\n          \u001b[36m</strong>\u001b[39m\n        \u001b[36m</article>\u001b[39m\n        \u001b[36m<article\u001b[39m\n          \u001b[33mclass\u001b[39m=\u001b[32m\"entries-kpi-card\"\u001b[39m\n        \u001b[36m>\u001b[39m\n          \u001b[36m<p>\u001b[39m\n            \u001b[0mCuentas activas\u001b[0m\n          \u001b[36m</p>\u001b[39m\n          \u001b[36m<strong>\u001b[39m\n            \u001b[0m1\u001b[0m\n          \u001b[36m</strong>\u001b[39m\n        \u001b[36m</article>\u001b[39m\n      \u001b[36m</section>\u001b[39m\n      \u001b[36m<div\u001b[39m\n        \u001b[33mclass\u001b[39m=\u001b[32m\"entries-grid\"\u001b[39m\n      \u001b[36m>\u001b[39m\n        \u001b[36m<article\u001b[39m\n          \u001b[33mclass\u001b[39m=\u001b[32m\"entries-card\"\u001b[39m\n        \u001b[36m>\u001b[39m\n          \u001b[36m<header\u001b[39m\n            \u001b[33mclass\u001b[39m=\u001b[32m\"entries-card-header\"\u001b[39m\n          \u001b[36m>\u001b[39m\n            \u001b[36m<div>\u001b[39m\n              \u001b[36m<p\u001b[39m\n                \u001b[33mclass\u001b[39m=\u001b[32m\"entries-card-account\"\u001b[39m\n              \u001b[36m>\u001b[39m\n                \u001b[0mCuenta Real\u001b[0m\n              \u001b[36m</p>\u001b[39m\n              \u001b[36m<h3>\u001b[39m\n                \u001b[0mEURUSD · BUY\u001b[0m\n              \u001b[36m</h3>\u001b[39m\n            \u001b[36m</div>\u001b[39m\n            \u001b[36m<span\u001b[39m\n              \u001b[33mclass\u001b[39m=\u001b[32m\"entries-status entries-status-open\"\u001b[39m\n            \u001b[36m>\u001b[39m\n              \u001b[0mAbierta\u001b[0m\n            \u001b[36m</span>\u001b[39m\n          \u001b[36m</header>\u001b[39m\n          \u001b[36m<div\u001b[39m\n            \u001b[33mclass\u001b[39m=\u001b[32m\"entries-grid-meta\"\u001b[39m\n          \u001b[36m>\u001b[39m\n            \u001b[36m<p>\u001b[39m\n              \u001b[36m<strong>\u001b[39m\n                \u001b[0mContexto:\u001b[0m\n              \u001b[36m</strong>\u001b[39m\n              \u001b[0m \u001b[0m\n              \u001b[0mCPI\u001b[0m\n            \u001b[36m</p>\u001b[39m\n            \u001b[36m<p>\u001b[39m\n              \u001b[36m<strong>\u001b[39m\n                \u001b[0mSetup/Estrategia:\u001b[0m\n              \u001b[36m</strong>\u001b[39m\n              \u001b[0m \u001b[0m\n              \u001b[0mBreakout\u001b[0m\n            \u001b[36m</p>\u001b[39m\n            \u001b[36m<p>\u001b[39m\n              \u001b[36m<strong>\u001b[39m\n                \u001b[0mSesion:\u001b[0m\n              \u001b[36m</strong>\u001b[39m\n              \u001b[0m \u001b[0m\n              \u001b[0mNEW YORK\u001b[0m\n            \u001b[36m</p>\u001b[39m\n            \u001b[36m<p>\u001b[39m\n              \u001b[36m<strong>\u001b[39m\n                \u001b[0mFecha de ejecucion:\u001b[0m\n              \u001b[36m</strong>\u001b[39m\n              \u001b[0m \u001b[0m\n              \u001b[0m29 jun 2026, 12:52\u001b[0m\n            \u001b[36m</p>\u001b[39m\n          \u001b[36m</div>\u001b[39m\n          \u001b[36m<div\u001b[39m\n            \u001b[33mclass\u001b[39m=\u001b[32m\"entries-prices-row\"\u001b[39m\n          \u001b[36m>\u001b[39m\n            \u001b[36m<span>\u001b[39m\n              \u001b[0mEntrada: \u001b[0m\n              \u001b[0m1.1\u001b[0m\n            \u001b[36m</span>\u001b[39m\n            \u001b[36m<span>\u001b[39m\n              \u001b[0mSL: \u001b[0m\n              \u001b[0m1.05\u001b[0m\n            \u001b[36m</span>\u001b[39m\n            \u001b[36m<span>\u001b[39m\n              \u001b[0mTP: \u001b[0m\n              \u001b[0m1.15\u001b[0m\n            \u001b[36m</span>\u001b[39m\n          \u001b[36m</div>\u001b[39m\n          \u001b[36m<div\u001b[39m\n            \u001b[33mclass\u001b[39m=\u001b[32m\"entries-risk-row\"\u001b[39m\n          \u001b[36m>\u001b[39m\n            \u001b[36m<span>\u001b[39m\n              \u001b[0mRiesgo cuenta: $\u001b[0m\n              \u001b[0m100.00\u001b[0m\n            \u001b[36m</span>\u001b[39m\n            \u001b[36m<span>\u001b[39m\n              \u001b[0m% inversion: \u001b[0m\n              \u001b[0m1.00\u001b[0m\n              \u001b[0m%\u001b[0m\n            \u001b[36m</span>\u001b[39m\n            \u001b[36m<span>\u001b[39m\n              \u001b[0mResultado R: \u001b[0m\n              \u001b[0mN/A\u001b[0m\n            \u001b[36m</span>\u001b[39m\n          \u001b[36m</div>\u001b[39m\n          \u001b[36m<p\u001b[39m\n            \u001b[33mclass\u001b[39m=\u001b[32m\"entries-note\"\u001b[39m\n          \u001b[36m>\u001b[39m\n            \u001b[0mSin notas.\u001b[0m\n          \u001b[36m</p>\u001b[39m\n          \u001b[36m<footer\u001b[39m\n            \u001b[33mclass\u001b[39m=\u001b[32m\"entries-card-actions\"\u001b[39m\n          \u001b[36m>\u001b[39m\n            \u001b[36m<button\u001b[39m\n              \u001b[33maria-label\u001b[39m=\u001b[32m\"Editar entrada\"\u001b[39m\n              \u001b[33mclass\u001b[39m=\u001b[32m\"entries-action-btn entries-action-btn-icon\"\u001b[39m\n              \u001b[33mtitle\u001b[39m=\u001b[32m\"Editar entrada\"\u001b[39m\n              \u001b[33mtype\u001b[39m=\u001b[32m\"button\"\u001b[39m\n            \u001b[36m>\u001b[39m\n              \u001b[36m<span\u001b[39m\n                \u001b[33maria-hidden\u001b[39m=\u001b[32m\"true\"\u001b[39m\n                \u001b[33mclass\u001b[39m=\u001b[32m\"app-icon material-symbols-rounded\"\u001b[39m\n              \u001b[36m>\u001b[39m\n                \u001b[0medit\u001b[0m\n              \u001b[36m</span>\u001b[39m\n            \u001b[36m</button>\u001b[39m\n            \u001b[36m<button\u001b[39m\n              \u001b[33maria-label\u001b[39m=\u001b[32m\"Eliminar entrada\"\u001b[39m\n              \u001b[33mclass\u001b[39m=\u001b[32m\"entries-action-btn entries-action-btn-danger entries-action-btn-icon\"\u001b[39m\n              \u001b[33mtitle\u001b[39m=\u001b[32m\"Eliminar entrada\"\u001b[39m\n              \u001b[33mtype\u001b[39m=\u001b[32m\"button\"\u001b[39m\n            \u001b[36m>\u001b[39m\n              \u001b[36m<span\u001b[39m\n                \u001b[33maria-hidden\u001b[39m=\u001b[32m\"true\"\u001b[39m\n                \u001b[33mclass\u001b[39m=\u001b[32m\"app-icon material-symbols-rounded\"\u001b[39m\n              \u001b[36m>\u001b[39m\n                \u001b[0mdelete\u001b[0m\n              \u001b[36m</span>\u001b[39m\n            \u001b[36m</button>\u001b[39m\n          \u001b[36m</footer>\u001b[39m\n        \u001b[36m</article>\u001b[39m\n      \u001b[36m</div>\u001b[39m\n    \u001b[36m</section>\u001b[39m\n  \u001b[36m</div>\u001b[39m\n\u001b[36m</body>\u001b[39m\n    at waitForWrapper (D:\\Proyectos\\Excel\\frontend\\node_modules\\@testing-library\\dom\\dist\\wait-for.js:163:27)\n    at D:\\Proyectos\\Excel\\frontend\\node_modules\\@testing-library\\dom\\dist\\query-helpers.js:86:33\n    at D:\\Proyectos\\Excel\\frontend\\src\\components\\MarketEntriesModule.test.tsx:342:25\n    at file:///D:/Proyectos/Excel/frontend/node_modules/@vitest/runner/dist/index.js:146:14\n    at file:///D:/Proyectos/Excel/frontend/node_modules/@vitest/runner/dist/index.js:533:11\n    at runWithTimeout (file:///D:/Proyectos/Excel/frontend/node_modules/@vitest/runner/dist/index.js:39:7)\n    at runTest (file:///D:/Proyectos/Excel/frontend/node_modules/@vitest/runner/dist/index.js:1056:17)\n    at runSuite (file:///D:/Proyectos/Excel/frontend/node_modules/@vitest/runner/dist/index.js:1205:15)\n    at runSuite (file:///D:/Proyectos/Excel/frontend/node_modules/@vitest/runner/dist/index.js:1205:15)\n    at runFiles (file:///D:/Proyectos/Excel/frontend/node_modules/@vitest/runner/dist/index.js:1262:5)"],"meta":{}},{"ancestorTitles":["MarketEntriesModule"],"fullName":"MarketEntriesModule should handle entry deletion","status":"failed","title":"should handle entry deletion","duration":1018.0184000000008,"failureMessages":["Error: Unable to find an element with the text: EURUSD. This could be because the text is broken up by multiple elements. In this case, you can provide a function for your text matcher to make your matcher more flexible.\n\nIgnored nodes: comments, script, style\n\u001b[36m<body>\u001b[39m\n  \u001b[36m<div>\u001b[39m\n    \u001b[36m<section\u001b[39m\n      \u001b[33mclass\u001b[39m=\u001b[32m\"entries-module\"\u001b[39m\n    \u001b[36m>\u001b[39m\n      \u001b[36m<header\u001b[39m\n        \u001b[33mclass\u001b[39m=\u001b[32m\"entries-hero\"\u001b[39m\n      \u001b[36m>\u001b[39m\n        \u001b[36m<div>\u001b[39m\n          \u001b[36m<p\u001b[39m\n            \u001b[33mclass\u001b[39m=\u001b[32m\"entries-hero-kicker\"\u001b[39m\n          \u001b[36m>\u001b[39m\n            \u001b[0mOperacion multi-cuenta\u001b[0m\n          \u001b[36m</p>\u001b[39m\n          \u001b[36m<h2>\u001b[39m\n            \u001b[0mEntradas al mercado\u001b[0m\n          \u001b[36m</h2>\u001b[39m\n          \u001b[36m<p>\u001b[39m\n            \u001b[0mUna entrada puede asociarse a varias cuentas, guardando un registro independiente con su riesgo y % de inversion por cuenta.\u001b[0m\n          \u001b[36m</p>\u001b[39m\n        \u001b[36m</div>\u001b[39m\n        \u001b[36m<button\u001b[39m\n          \u001b[33mclass\u001b[39m=\u001b[32m\"primary-btn entries-create-btn\"\u001b[39m\n          \u001b[33mtype\u001b[39m=\u001b[32m\"button\"\u001b[39m\n        \u001b[36m>\u001b[39m\n          \u001b[36m<span\u001b[39m\n            \u001b[33maria-hidden\u001b[39m=\u001b[32m\"true\"\u001b[39m\n            \u001b[33mclass\u001b[39m=\u001b[32m\"app-icon material-symbols-rounded\"\u001b[39m\n          \u001b[36m>\u001b[39m\n            \u001b[0medit\u001b[0m\n          \u001b[36m</span>\u001b[39m\n          \u001b[0mNueva entrada\u001b[0m\n        \u001b[36m</button>\u001b[39m\n      \u001b[36m</header>\u001b[39m\n      \u001b[36m<div\u001b[39m\n        \u001b[33mclass\u001b[39m=\u001b[32m\"entries-toolbar\"\u001b[39m\n      \u001b[36m>\u001b[39m\n        \u001b[36m<input\u001b[39m\n          \u001b[33mclass\u001b[39m=\u001b[32m\"entries-search\"\u001b[39m\n          \u001b[33mplaceholder\u001b[39m=\u001b[32m\"Buscar por simbolo, contexto o cuenta\"\u001b[39m\n          \u001b[33mvalue\u001b[39m=\u001b[32m\"\"\u001b[39m\n        \u001b[36m/>\u001b[39m\n        \u001b[36m<select\u001b[39m\n          \u001b[33mclass\u001b[39m=\u001b[32m\"entries-filter\"\u001b[39m\n        \u001b[36m>\u001b[39m\n          \u001b[36m<option\u001b[39m\n            \u001b[33mvalue\u001b[39m=\u001b[32m\"all\"\u001b[39m\n          \u001b[36m>\u001b[39m\n            \u001b[0mTodas las cuentas\u001b[0m\n          \u001b[36m</option>\u001b[39m\n          \u001b[36m<option\u001b[39m\n            \u001b[33mvalue\u001b[39m=\u001b[32m\"acc-1\"\u001b[39m\n          \u001b[36m>\u001b[39m\n            \u001b[0mReal\u001b[0m\n          \u001b[36m</option>\u001b[39m\n        \u001b[36m</select>\u001b[39m\n      \u001b[36m</div>\u001b[39m\n      \u001b[36m<section\u001b[39m\n        \u001b[33mclass\u001b[39m=\u001b[32m\"entries-kpis\"\u001b[39m\n      \u001b[36m>\u001b[39m\n        \u001b[36m<article\u001b[39m\n          \u001b[33mclass\u001b[39m=\u001b[32m\"entries-kpi-card\"\u001b[39m\n        \u001b[36m>\u001b[39m\n          \u001b[36m<p>\u001b[39m\n            \u001b[0mRegistros visibles\u001b[0m\n          \u001b[36m</p>\u001b[39m\n          \u001b[36m<strong>\u001b[39m\n            \u001b[0m1\u001b[0m\n          \u001b[36m</strong>\u001b[39m\n        \u001b[36m</article>\u001b[39m\n        \u001b[36m<article\u001b[39m\n          \u001b[33mclass\u001b[39m=\u001b[32m\"entries-kpi-card\"\u001b[39m\n        \u001b[36m>\u001b[39m\n          \u001b[36m<p>\u001b[39m\n            \u001b[0mRiesgo total visible\u001b[0m\n          \u001b[36m</p>\u001b[39m\n          \u001b[36m<strong>\u001b[39m\n            \u001b[0m$\u001b[0m\n            \u001b[0m100.00\u001b[0m\n          \u001b[36m</strong>\u001b[39m\n        \u001b[36m</article>\u001b[39m\n        \u001b[36m<article\u001b[39m\n          \u001b[33mclass\u001b[39m=\u001b[32m\"entries-kpi-card\"\u001b[39m\n        \u001b[36m>\u001b[39m\n          \u001b[36m<p>\u001b[39m\n            \u001b[0mCuentas activas\u001b[0m\n          \u001b[36m</p>\u001b[39m\n          \u001b[36m<strong>\u001b[39m\n            \u001b[0m1\u001b[0m\n          \u001b[36m</strong>\u001b[39m\n        \u001b[36m</article>\u001b[39m\n      \u001b[36m</section>\u001b[39m\n      \u001b[36m<div\u001b[39m\n        \u001b[33mclass\u001b[39m=\u001b[32m\"entries-grid\"\u001b[39m\n      \u001b[36m>\u001b[39m\n        \u001b[36m<article\u001b[39m\n          \u001b[33mclass\u001b[39m=\u001b[32m\"entries-card\"\u001b[39m\n        \u001b[36m>\u001b[39m\n          \u001b[36m<header\u001b[39m\n            \u001b[33mclass\u001b[39m=\u001b[32m\"entries-card-header\"\u001b[39m\n          \u001b[36m>\u001b[39m\n            \u001b[36m<div>\u001b[39m\n              \u001b[36m<p\u001b[39m\n                \u001b[33mclass\u001b[39m=\u001b[32m\"entries-card-account\"\u001b[39m\n              \u001b[36m>\u001b[39m\n                \u001b[0mCuenta Real\u001b[0m\n              \u001b[36m</p>\u001b[39m\n              \u001b[36m<h3>\u001b[39m\n                \u001b[0mEURUSD · BUY\u001b[0m\n              \u001b[36m</h3>\u001b[39m\n            \u001b[36m</div>\u001b[39m\n            \u001b[36m<span\u001b[39m\n              \u001b[33mclass\u001b[39m=\u001b[32m\"entries-status entries-status-open\"\u001b[39m\n            \u001b[36m>\u001b[39m\n              \u001b[0mAbierta\u001b[0m\n            \u001b[36m</span>\u001b[39m\n          \u001b[36m</header>\u001b[39m\n          \u001b[36m<div\u001b[39m\n            \u001b[33mclass\u001b[39m=\u001b[32m\"entries-grid-meta\"\u001b[39m\n          \u001b[36m>\u001b[39m\n            \u001b[36m<p>\u001b[39m\n              \u001b[36m<strong>\u001b[39m\n                \u001b[0mContexto:\u001b[0m\n              \u001b[36m</strong>\u001b[39m\n              \u001b[0m \u001b[0m\n              \u001b[0mCPI\u001b[0m\n            \u001b[36m</p>\u001b[39m\n            \u001b[36m<p>\u001b[39m\n              \u001b[36m<strong>\u001b[39m\n                \u001b[0mSetup/Estrategia:\u001b[0m\n              \u001b[36m</strong>\u001b[39m\n              \u001b[0m \u001b[0m\n              \u001b[0mBreakout\u001b[0m\n            \u001b[36m</p>\u001b[39m\n            \u001b[36m<p>\u001b[39m\n              \u001b[36m<strong>\u001b[39m\n                \u001b[0mSesion:\u001b[0m\n              \u001b[36m</strong>\u001b[39m\n              \u001b[0m \u001b[0m\n              \u001b[0mNEW YORK\u001b[0m\n            \u001b[36m</p>\u001b[39m\n            \u001b[36m<p>\u001b[39m\n              \u001b[36m<strong>\u001b[39m\n                \u001b[0mFecha de ejecucion:\u001b[0m\n              \u001b[36m</strong>\u001b[39m\n              \u001b[0m \u001b[0m\n              \u001b[0m29 jun 2026, 12:52\u001b[0m\n            \u001b[36m</p>\u001b[39m\n          \u001b[36m</div>\u001b[39m\n          \u001b[36m<div\u001b[39m\n            \u001b[33mclass\u001b[39m=\u001b[32m\"entries-prices-row\"\u001b[39m\n          \u001b[36m>\u001b[39m\n            \u001b[36m<span>\u001b[39m\n              \u001b[0mEntrada: \u001b[0m\n              \u001b[0m1.1\u001b[0m\n            \u001b[36m</span>\u001b[39m\n            \u001b[36m<span>\u001b[39m\n              \u001b[0mSL: \u001b[0m\n              \u001b[0m1.05\u001b[0m\n            \u001b[36m</span>\u001b[39m\n            \u001b[36m<span>\u001b[39m\n              \u001b[0mTP: \u001b[0m\n              \u001b[0m1.15\u001b[0m\n            \u001b[36m</span>\u001b[39m\n          \u001b[36m</div>\u001b[39m\n          \u001b[36m<div\u001b[39m\n            \u001b[33mclass\u001b[39m=\u001b[32m\"entries-risk-row\"\u001b[39m\n          \u001b[36m>\u001b[39m\n            \u001b[36m<span>\u001b[39m\n              \u001b[0mRiesgo cuenta: $\u001b[0m\n              \u001b[0m100.00\u001b[0m\n            \u001b[36m</span>\u001b[39m\n            \u001b[36m<span>\u001b[39m\n              \u001b[0m% inversion: \u001b[0m\n              \u001b[0m1.00\u001b[0m\n              \u001b[0m%\u001b[0m\n            \u001b[36m</span>\u001b[39m\n            \u001b[36m<span>\u001b[39m\n              \u001b[0mResultado R: \u001b[0m\n              \u001b[0mN/A\u001b[0m\n            \u001b[36m</span>\u001b[39m\n          \u001b[36m</div>\u001b[39m\n          \u001b[36m<p\u001b[39m\n            \u001b[33mclass\u001b[39m=\u001b[32m\"entries-note\"\u001b[39m\n          \u001b[36m>\u001b[39m\n            \u001b[0mSin notas.\u001b[0m\n          \u001b[36m</p>\u001b[39m\n          \u001b[36m<footer\u001b[39m\n            \u001b[33mclass\u001b[39m=\u001b[32m\"entries-card-actions\"\u001b[39m\n          \u001b[36m>\u001b[39m\n            \u001b[36m<button\u001b[39m\n              \u001b[33maria-label\u001b[39m=\u001b[32m\"Editar entrada\"\u001b[39m\n              \u001b[33mclass\u001b[39m=\u001b[32m\"entries-action-btn entries-action-btn-icon\"\u001b[39m\n              \u001b[33mtitle\u001b[39m=\u001b[32m\"Editar entrada\"\u001b[39m\n              \u001b[33mtype\u001b[39m=\u001b[32m\"button\"\u001b[39m\n            \u001b[36m>\u001b[39m\n              \u001b[36m<span\u001b[39m\n                \u001b[33maria-hidden\u001b[39m=\u001b[32m\"true\"\u001b[39m\n                \u001b[33mclass\u001b[39m=\u001b[32m\"app-icon material-symbols-rounded\"\u001b[39m\n              \u001b[36m>\u001b[39m\n                \u001b[0medit\u001b[0m\n              \u001b[36m</span>\u001b[39m\n            \u001b[36m</button>\u001b[39m\n            \u001b[36m<button\u001b[39m\n              \u001b[33maria-label\u001b[39m=\u001b[32m\"Eliminar entrada\"\u001b[39m\n              \u001b[33mclass\u001b[39m=\u001b[32m\"entries-action-btn entries-action-btn-danger entries-action-btn-icon\"\u001b[39m\n              \u001b[33mtitle\u001b[39m=\u001b[32m\"Eliminar entrada\"\u001b[39m\n              \u001b[33mtype\u001b[39m=\u001b[32m\"button\"\u001b[39m\n            \u001b[36m>\u001b[39m\n              \u001b[36m<span\u001b[39m\n                \u001b[33maria-hidden\u001b[39m=\u001b[32m\"true\"\u001b[39m\n                \u001b[33mclass\u001b[39m=\u001b[32m\"app-icon material-symbols-rounded\"\u001b[39m\n              \u001b[36m>\u001b[39m\n                \u001b[0mdelete\u001b[0m\n              \u001b[36m</span>\u001b[39m\n            \u001b[36m</button>\u001b[39m\n          \u001b[36m</footer>\u001b[39m\n        \u001b[36m</article>\u001b[39m\n      \u001b[36m</div>\u001b[39m\n    \u001b[36m</section>\u001b[39m\n  \u001b[36m</div>\u001b[39m\n\u001b[36m</body>\u001b[39m\n    at waitForWrapper (D:\\Proyectos\\Excel\\frontend\\node_modules\\@testing-library\\dom\\dist\\wait-for.js:163:27)\n    at D:\\Proyectos\\Excel\\frontend\\node_modules\\@testing-library\\dom\\dist\\query-helpers.js:86:33\n    at D:\\Proyectos\\Excel\\frontend\\src\\components\\MarketEntriesModule.test.tsx:387:25\n    at file:///D:/Proyectos/Excel/frontend/node_modules/@vitest/runner/dist/index.js:146:14\n    at file:///D:/Proyectos/Excel/frontend/node_modules/@vitest/runner/dist/index.js:533:11\n    at runWithTimeout (file:///D:/Proyectos/Excel/frontend/node_modules/@vitest/runner/dist/index.js:39:7)\n    at runTest (file:///D:/Proyectos/Excel/frontend/node_modules/@vitest/runner/dist/index.js:1056:17)\n    at runSuite (file:///D:/Proyectos/Excel/frontend/node_modules/@vitest/runner/dist/index.js:1205:15)\n    at runSuite (file:///D:/Proyectos/Excel/frontend/node_modules/@vitest/runner/dist/index.js:1205:15)\n    at runFiles (file:///D:/Proyectos/Excel/frontend/node_modules/@vitest/runner/dist/index.js:1262:5)"],"meta":{}},{"ancestorTitles":["MarketEntriesModule"],"fullName":"MarketEntriesModule should handle error when loading entries fails","status":"passed","title":"should handle error when loading entries fails","duration":2.437300000000505,"failureMessages":[],"meta":{}},{"ancestorTitles":["MarketEntriesModule"],"fullName":"MarketEntriesModule should display different entry statuses","status":"failed","title":"should display different entry statuses","duration":1006.9500999999991,"failureMessages":["Error: Unable to find an element with the text: EURUSD. This could be because the text is broken up by multiple elements. In this case, you can provide a function for your text matcher to make your matcher more flexible.\n\nIgnored nodes: comments, script, style\n\u001b[36m<body>\u001b[39m\n  \u001b[36m<div>\u001b[39m\n    \u001b[36m<section\u001b[39m\n      \u001b[33mclass\u001b[39m=\u001b[32m\"entries-module\"\u001b[39m\n    \u001b[36m>\u001b[39m\n      \u001b[36m<header\u001b[39m\n        \u001b[33mclass\u001b[39m=\u001b[32m\"entries-hero\"\u001b[39m\n      \u001b[36m>\u001b[39m\n        \u001b[36m<div>\u001b[39m\n          \u001b[36m<p\u001b[39m\n            \u001b[33mclass\u001b[39m=\u001b[32m\"entries-hero-kicker\"\u001b[39m\n          \u001b[36m>\u001b[39m\n            \u001b[0mOperacion multi-cuenta\u001b[0m\n          \u001b[36m</p>\u001b[39m\n          \u001b[36m<h2>\u001b[39m\n            \u001b[0mEntradas al mercado\u001b[0m\n          \u001b[36m</h2>\u001b[39m\n          \u001b[36m<p>\u001b[39m\n            \u001b[0mUna entrada puede asociarse a varias cuentas, guardando un registro independiente con su riesgo y % de inversion por cuenta.\u001b[0m\n          \u001b[36m</p>\u001b[39m\n        \u001b[36m</div>\u001b[39m\n        \u001b[36m<button\u001b[39m\n          \u001b[33mclass\u001b[39m=\u001b[32m\"primary-btn entries-create-btn\"\u001b[39m\n          \u001b[33mtype\u001b[39m=\u001b[32m\"button\"\u001b[39m\n        \u001b[36m>\u001b[39m\n          \u001b[36m<span\u001b[39m\n            \u001b[33maria-hidden\u001b[39m=\u001b[32m\"true\"\u001b[39m\n            \u001b[33mclass\u001b[39m=\u001b[32m\"app-icon material-symbols-rounded\"\u001b[39m\n          \u001b[36m>\u001b[39m\n            \u001b[0medit\u001b[0m\n          \u001b[36m</span>\u001b[39m\n          \u001b[0mNueva entrada\u001b[0m\n        \u001b[36m</button>\u001b[39m\n      \u001b[36m</header>\u001b[39m\n      \u001b[36m<div\u001b[39m\n        \u001b[33mclass\u001b[39m=\u001b[32m\"entries-toolbar\"\u001b[39m\n      \u001b[36m>\u001b[39m\n        \u001b[36m<input\u001b[39m\n          \u001b[33mclass\u001b[39m=\u001b[32m\"entries-search\"\u001b[39m\n          \u001b[33mplaceholder\u001b[39m=\u001b[32m\"Buscar por simbolo, contexto o cuenta\"\u001b[39m\n          \u001b[33mvalue\u001b[39m=\u001b[32m\"\"\u001b[39m\n        \u001b[36m/>\u001b[39m\n        \u001b[36m<select\u001b[39m\n          \u001b[33mclass\u001b[39m=\u001b[32m\"entries-filter\"\u001b[39m\n        \u001b[36m>\u001b[39m\n          \u001b[36m<option\u001b[39m\n            \u001b[33mvalue\u001b[39m=\u001b[32m\"all\"\u001b[39m\n          \u001b[36m>\u001b[39m\n            \u001b[0mTodas las cuentas\u001b[0m\n          \u001b[36m</option>\u001b[39m\n          \u001b[36m<option\u001b[39m\n            \u001b[33mvalue\u001b[39m=\u001b[32m\"acc-1\"\u001b[39m\n          \u001b[36m>\u001b[39m\n            \u001b[0mReal\u001b[0m\n          \u001b[36m</option>\u001b[39m\n        \u001b[36m</select>\u001b[39m\n      \u001b[36m</div>\u001b[39m\n      \u001b[36m<section\u001b[39m\n        \u001b[33mclass\u001b[39m=\u001b[32m\"entries-kpis\"\u001b[39m\n      \u001b[36m>\u001b[39m\n        \u001b[36m<article\u001b[39m\n          \u001b[33mclass\u001b[39m=\u001b[32m\"entries-kpi-card\"\u001b[39m\n        \u001b[36m>\u001b[39m\n          \u001b[36m<p>\u001b[39m\n            \u001b[0mRegistros visibles\u001b[0m\n          \u001b[36m</p>\u001b[39m\n          \u001b[36m<strong>\u001b[39m\n            \u001b[0m2\u001b[0m\n          \u001b[36m</strong>\u001b[39m\n        \u001b[36m</article>\u001b[39m\n        \u001b[36m<article\u001b[39m\n          \u001b[33mclass\u001b[39m=\u001b[32m\"entries-kpi-card\"\u001b[39m\n        \u001b[36m>\u001b[39m\n          \u001b[36m<p>\u001b[39m\n            \u001b[0mRiesgo total visible\u001b[0m\n          \u001b[36m</p>\u001b[39m\n          \u001b[36m<strong>\u001b[39m\n            \u001b[0m$\u001b[0m\n            \u001b[0m150.00\u001b[0m\n          \u001b[36m</strong>\u001b[39m\n        \u001b[36m</article>\u001b[39m\n        \u001b[36m<article\u001b[39m\n          \u001b[33mclass\u001b[39m=\u001b[32m\"entries-kpi-card\"\u001b[39m\n        \u001b[36m>\u001b[39m\n          \u001b[36m<p>\u001b[39m\n            \u001b[0mCuentas activas\u001b[0m\n          \u001b[36m</p>\u001b[39m\n          \u001b[36m<strong>\u001b[39m\n            \u001b[0m1\u001b[0m\n          \u001b[36m</strong>\u001b[39m\n        \u001b[36m</article>\u001b[39m\n      \u001b[36m</section>\u001b[39m\n      \u001b[36m<div\u001b[39m\n        \u001b[33mclass\u001b[39m=\u001b[32m\"entries-grid\"\u001b[39m\n      \u001b[36m>\u001b[39m\n        \u001b[36m<article\u001b[39m\n          \u001b[33mclass\u001b[39m=\u001b[32m\"entries-card\"\u001b[39m\n        \u001b[36m>\u001b[39m\n          \u001b[36m<header\u001b[39m\n            \u001b[33mclass\u001b[39m=\u001b[32m\"entries-card-header\"\u001b[39m\n          \u001b[36m>\u001b[39m\n            \u001b[36m<div>\u001b[39m\n              \u001b[36m<p\u001b[39m\n                \u001b[33mclass\u001b[39m=\u001b[32m\"entries-card-account\"\u001b[39m\n              \u001b[36m>\u001b[39m\n                \u001b[0mCuenta Real\u001b[0m\n              \u001b[36m</p>\u001b[39m\n              \u001b[36m<h3>\u001b[39m\n                \u001b[0mEURUSD · BUY\u001b[0m\n              \u001b[36m</h3>\u001b[39m\n            \u001b[36m</div>\u001b[39m\n            \u001b[36m<span\u001b[39m\n              \u001b[33mclass\u001b[39m=\u001b[32m\"entries-status entries-status-open\"\u001b[39m\n            \u001b[36m>\u001b[39m\n              \u001b[0mAbierta\u001b[0m\n            \u001b[36m</span>\u001b[39m\n          \u001b[36m</header>\u001b[39m\n          \u001b[36m<div\u001b[39m\n            \u001b[33mclass\u001b[39m=\u001b[32m\"entries-grid-meta\"\u001b[39m\n          \u001b[36m>\u001b[39m\n            \u001b[36m<p>\u001b[39m\n              \u001b[36m<strong>\u001b[39m\n                \u001b[0mContexto:\u001b[0m\n              \u001b[36m</strong>\u001b[39m\n              \u001b[0m \u001b[0m\n              \u001b[0mCPI\u001b[0m\n            \u001b[36m</p>\u001b[39m\n            \u001b[36m<p>\u001b[39m\n              \u001b[36m<strong>\u001b[39m\n                \u001b[0mSetup/Estrategia:\u001b[0m\n              \u001b[36m</strong>\u001b[39m\n              \u001b[0m \u001b[0m\n              \u001b[0mBreakout\u001b[0m\n            \u001b[36m</p>\u001b[39m\n            \u001b[36m<p>\u001b[39m\n              \u001b[36m<strong>\u001b[39m\n                \u001b[0mSesion:\u001b[0m\n              \u001b[36m</strong>\u001b[39m\n              \u001b[0m \u001b[0m\n              \u001b[0mNEW YORK\u001b[0m\n            \u001b[36m</p>\u001b[39m\n            \u001b[36m<p>\u001b[39m\n              \u001b[36m<strong>\u001b[39m\n                \u001b[0mFecha de ejecucion:\u001b[0m\n              \u001b[36m</strong>\u001b[39m\n              \u001b[0m \u001b[0m\n              \u001b[0m29 jun 2026, 12:52\u001b[0m\n            \u001b[36m</p>\u001b[39m\n          \u001b[36m</div>\u001b[39m\n          \u001b[36m<div\u001b[39m\n            \u001b[33mclass\u001b[39m=\u001b[32m\"entries-prices-row\"\u001b[39m\n          \u001b[36m>\u001b[39m\n            \u001b[36m<span>\u001b[39m\n              \u001b[0mEntrada: \u001b[0m\n              \u001b[0m1.1\u001b[0m\n            \u001b[36m</span>\u001b[39m\n            \u001b[36m<span>\u001b[39m\n              \u001b[0mSL: \u001b[0m\n              \u001b[0m1.05\u001b[0m\n            \u001b[36m</span>\u001b[39m\n            \u001b[36m<span>\u001b[39m\n              \u001b[0mTP: \u001b[0m\n              \u001b[0m1.15\u001b[0m\n            \u001b[36m</span>\u001b[39m\n          \u001b[36m</div>\u001b[39m\n          \u001b[36m<div\u001b[39m\n            \u001b[33mclass\u001b[39m=\u001b[32m\"entries-risk-row\"\u001b[39m\n          \u001b[36m>\u001b[39m\n            \u001b[36m<span>\u001b[39m\n              \u001b[0mRiesgo cuenta: $\u001b[0m\n              \u001b[0m100.00\u001b[0m\n            \u001b[36m</span>\u001b[39m\n            \u001b[36m<span>\u001b[39m\n              \u001b[0m% inversion: \u001b[0m\n              \u001b[0m1.00\u001b[0m\n              \u001b[0m%\u001b[0m\n            \u001b[36m</span>\u001b[39m\n            \u001b[36m<span>\u001b[39m\n              \u001b[0mResultado R: \u001b[0m\n              \u001b[0mN/A\u001b[0m\n            \u001b[36m</span>\u001b[39m\n          \u001b[36m</div>\u001b[39m\n          \u001b[36m<p\u001b[39m\n            \u001b[33mclass\u001b[39m=\u001b[32m\"entries-note\"\u001b[39m\n          \u001b[36m>\u001b[39m\n            \u001b[0mSin notas.\u001b[0m\n          \u001b[36m</p>\u001b[39m\n          \u001b[36m<footer\u001b[39m\n            \u001b[33mclass\u001b[39m=\u001b[32m\"entries-card-actions\"\u001b[39m\n          \u001b[36m>\u001b[39m\n            \u001b[36m<button\u001b[39m\n              \u001b[33maria-label\u001b[39m=\u001b[32m\"Editar entrada\"\u001b[39m\n              \u001b[33mclass\u001b[39m=\u001b[32m\"entries-action-btn entries-action-btn-icon\"\u001b[39m\n              \u001b[33mtitle\u001b[39m=\u001b[32m\"Editar entrada\"\u001b[39m\n              \u001b[33mtype\u001b[39m=\u001b[32m\"button\"\u001b[39m\n            \u001b[36m>\u001b[39m\n              \u001b[36m<span\u001b[39m\n                \u001b[33maria-hidden\u001b[39m=\u001b[32m\"true\"\u001b[39m\n                \u001b[33mclass\u001b[39m=\u001b[32m\"app-icon material-symbols-rounded\"\u001b[39m\n              \u001b[36m>\u001b[39m\n                \u001b[0medit\u001b[0m\n              \u001b[36m</span>\u001b[39m\n            \u001b[36m</button>\u001b[39m\n            \u001b[36m<button\u001b[39m\n              \u001b[33maria-label\u001b[39m=\u001b[32m\"Eliminar entrada\"\u001b[39m\n              \u001b[33mclass\u001b[39m=\u001b[32m\"entries-action-btn entries-action-btn-danger entries-action-btn-icon\"\u001b[39m\n              \u001b[33mtitle\u001b[39m=\u001b[32m\"Eliminar entrada\"\u001b[39m\n              \u001b[33mtype\u001b[39m=\u001b[32m\"button\"\u001b[39m\n            \u001b[36m>\u001b[39m\n              \u001b[36m<span\u001b[39m\n                \u001b[33maria-hidden\u001b[39m=\u001b[32m\"true\"\u001b[39m\n                \u001b[33mclass\u001b[39m=\u001b[32m\"app-icon material-symbols-rounded\"\u001b[39m\n              \u001b[36m>\u001b[39m\n                \u001b[0mdelete\u001b[0m\n              \u001b[36m</span>\u001b[39m\n            \u001b[36m</button>\u001b[39m\n          \u001b[36m</footer>\u001b[39m\n        \u001b[36m</article>\u001b[39m\n        \u001b[36m<article\u001b[39m\n          \u001b[33mclass\u001b[39m=\u001b[32m\"entries-card\"\u001b[39m\n        \u001b[36m>\u001b[39m\n          \u001b[36m<header\u001b[39m\n            \u001b[33mclass\u001b[39m=\u001b[32m\"entries-card-header\"\u001b[39m\n          \u001b[36m>\u001b[39m\n            \u001b[36m<div>\u001b[39m\n              \u001b[36m<p\u001b[39m\n                \u001b[33mclass\u001b[39m=\u001b[32m\"entries-card-account\"\u001b[39m\n              \u001b[36m>\u001b[39m\n                \u001b[0mCuenta Real\u001b[0m\n              \u001b[36m</p>\u001b[39m\n              \u001b[36m<h3>\u001b[39m\n                \u001b[0mGBPUSD · SELL\u001b[0m\n              \u001b[36m</h3>\u001b[39m\n            \u001b[36m</div>\u001b[39m\n            \u001b[36m<span\u001b[39m\n              \u001b[33mclass\u001b[39m=\u001b[32m\"entries-status entries-status-closed\"\u001b[39m\n            \u001b[36m>\u001b[39m\n              \u001b[0mCompletada\u001b[0m\n            \u001b[36m</span>\u001b[39m\n          \u001b[36m</header>\u001b[39m\n          \u001b[36m<div\u001b[39m\n            \u001b[33mclass\u001b[39m=\u001b[32m\"entries-grid-meta\"\u001b[39m\n          \u001b[36m>\u001b[39m\n            \u001b[36m<p>\u001b[39m\n              \u001b[36m<strong>\u001b[39m\n                \u001b[0mContexto:\u001b[0m\n              \u001b[36m</strong>\u001b[39m\n              \u001b[0m \u001b[0m\n              \u001b[0mNFP\u001b[0m\n            \u001b[36m</p>\u001b[39m\n            \u001b[36m<p>\u001b[39m\n              \u001b[36m<strong>\u001b[39m\n                \u001b[0mSetup/Estrategia:\u001b[0m\n              \u001b[36m</strong>\u001b[39m\n              \u001b[0m \u001b[0m\n              \u001b[0mPullback\u001b[0m\n            \u001b[36m</p>\u001b[39m\n            \u001b[36m<p>\u001b[39m\n              \u001b[36m<strong>\u001b[39m\n                \u001b[0mSesion:\u001b[0m\n              \u001b[36m</strong>\u001b[39m\n              \u001b[0m \u001b[0m\n              \u001b[0mLONDON\u001b[0m\n            \u001b[36m</p>\u001b[39m\n            \u001b[36m<p>\u001b[39m\n              \u001b[36m<strong>\u001b[39m\n                \u001b[0mFecha de ejecucion:\u001b[0m\n              \u001b[36m</strong>\u001b[39m\n              \u001b[0m \u001b[0m\n              \u001b[0m29 jun 2026, 12:52\u001b[0m\n            \u001b[36m</p>\u001b[39m\n          \u001b[36m</div>\u001b[39m\n          \u001b[36m<div\u001b[39m\n            \u001b[33mclass\u001b[39m=\u001b[32m\"entries-prices-row\"\u001b[39m\n          \u001b[36m>\u001b[39m\n            \u001b[36m<span>\u001b[39m\n              \u001b[0mEntrada: \u001b[0m\n              \u001b[0m1.3\u001b[0m\n            \u001b[36m</span>\u001b[39m\n            \u001b[36m<span>\u001b[39m\n              \u001b[0mSL: \u001b[0m\n              \u001b[0m1.31\u001b[0m\n            \u001b[36m</span>\u001b[39m\n            \u001b[36m<span>\u001b[39m\n              \u001b[0mTP: \u001b[0m\n              \u001b[0m1.28\u001b[0m\n            \u001b[36m</span>\u001b[39m\n          \u001b[36m</div>\u001b[39m\n          \u001b[36m<div\u001b[39m\n            \u001b[33mclass\u001b[39m=\u001b[32m\"entries-risk-row\"\u001b[39m\n          \u001b[36m>\u001b[39m\n            \u001b[36m<span>\u001b[39m\n              \u001b[0mRiesgo cuenta: $\u001b[0m\n              \u001b[0m50.00\u001b[0m\n            \u001b[36m</span>\u001b[39m\n            \u001b[36m<span>\u001b[39m\n              \u001b[0m% inversion: \u001b[0m\n              \u001b[0m0.50\u001b[0m\n              \u001b[0m%\u001b[0m\n            \u001b[36m</span>\u001b[39m\n            \u001b[36m<span>\u001b[39m\n              \u001b[0mResultado R: \u001b[0m\n              \u001b[0m1.50\u001b[0m\n            \u001b[36m</span>\u001b[39m\n          \u001b[36m</div>\u001b[39m\n          \u001b[36m<p\u001b[39m\n            \u001b[33mclass\u001b[39m=\u001b[32m\"entries-note\"\u001b[39m\n          \u001b[36m>\u001b[39m\n            \u001b[0mSin notas.\u001b[0m\n          \u001b[36m</p>\u001b[39m\n          \u001b[36m<footer\u001b[39m\n            \u001b[33mclass\u001b[39m=\u001b[32m\"entries-card-actions\"\u001b[39m\n          \u001b[36m>\u001b[39m\n            \u001b[36m<button\u001b[39m\n              \u001b[33maria-label\u001b[39m=\u001b[32m\"Editar entrada\"\u001b[39m\n              \u001b[33mclass\u001b[39m=\u001b[32m\"entries-action-btn entries-action-btn-icon\"\u001b[39m\n              \u001b[33mtitle\u001b[39m=\u001b[32m\"Editar entrada\"\u001b[39m\n              \u001b[33mtype\u001b[39m=\u001b[32m\"button\"\u001b[39m\n            \u001b[36m>\u001b[39m\n              \u001b[36m<span\u001b[39m\n                \u001b[33maria-hidden\u001b[39m=\u001b[32m\"true\"\u001b[39m\n                \u001b[33mclass\u001b[39m=\u001b[32m\"app-icon material-symbols-rounded\"\u001b[39m\n              \u001b[36m>\u001b[39m\n                \u001b[0medit\u001b[0m\n              \u001b[36m</span>\u001b[39m\n            \u001b[36m</button>\u001b[39m\n            \u001b[36m<button\u001b[39m\n              \u001b[33maria-label\u001b[39m=\u001b[32m\"Eliminar entrada\"\u001b[39m\n              \u001b[33mclass\u001b[39m=\u001b[32m\"entries-action-btn entries-action-btn-danger entries-action-btn-icon\"\u001b[39m\n              \u001b[33mtitle\u001b[39m=\u001b[32m\"Eliminar entrada\"\u001b[39m\n              \u001b[33mtype\u001b[39m=\u001b[32m\"button\"\u001b[39m\n            \u001b[36m>\u001b[39m\n              \u001b[36m<span\u001b[39m\n                \u001b[33maria-hidden\u001b[39m=\u001b[32m\"true\"\u001b[39m\n                \u001b[33mclass\u001b[39m=\u001b[32m\"app-icon material-symbols-rounded\"\u001b[39m\n              \u001b[36m>\u001b[39m\n                \u001b[0mdelete\u001b[0m\n              \u001b[36m</span>\u001b[39m\n            \u001b[36m</button>\u001b[39m\n          \u001b[36m</footer>\u001b[39m\n        \u001b[36m</article>\u001b[39m\n      \u001b[36m</div>\u001b[39m\n    \u001b[36m</section>\u001b[39m\n  \u001b[36m</div>\u001b[39m\n\u001b[36m</body>\u001b[39m\n    at waitForWrapper (D:\\Proyectos\\Excel\\frontend\\node_modules\\@testing-library\\dom\\dist\\wait-for.js:163:27)\n    at D:\\Proyectos\\Excel\\frontend\\node_modules\\@testing-library\\dom\\dist\\query-helpers.js:86:33\n    at D:\\Proyectos\\Excel\\frontend\\src\\components\\MarketEntriesModule.test.tsx:465:25\n    at file:///D:/Proyectos/Excel/frontend/node_modules/@vitest/runner/dist/index.js:146:14\n    at file:///D:/Proyectos/Excel/frontend/node_modules/@vitest/runner/dist/index.js:533:11\n    at runWithTimeout (file:///D:/Proyectos/Excel/frontend/node_modules/@vitest/runner/dist/index.js:39:7)\n    at runTest (file:///D:/Proyectos/Excel/frontend/node_modules/@vitest/runner/dist/index.js:1056:17)\n    at runSuite (file:///D:/Proyectos/Excel/frontend/node_modules/@vitest/runner/dist/index.js:1205:15)\n    at runSuite (file:///D:/Proyectos/Excel/frontend/node_modules/@vitest/runner/dist/index.js:1205:15)\n    at runFiles (file:///D:/Proyectos/Excel/frontend/node_modules/@vitest/runner/dist/index.js:1262:5)"],"meta":{}}],"startTime":1782755565781,"endTime":1782755572020.9502,"status":"failed","message":"","name":"D:/Proyectos/Excel/frontend/src/components/MarketEntriesModule.test.tsx"}]}