{"numTotalTestSuites":4,"numPassedTestSuites":2,"numFailedTestSuites":2,"numPendingTestSuites":0,"numTotalTests":40,"numPassedTests":38,"numFailedTests":2,"numPendingTests":0,"numTodoTests":0,"snapshot":{"added":0,"failure":false,"filesAdded":0,"filesRemoved":0,"filesRemovedList":[],"filesUnmatched":0,"filesUpdated":0,"matched":0,"total":0,"unchecked":0,"uncheckedKeysByFile":[],"unmatched":0,"updated":0,"didUpdate":false},"startTime":1782755662600,"success":false,"testResults":[{"assertionResults":[{"ancestorTitles":["MarketEntriesModule"],"fullName":"MarketEntriesModule should render the module","status":"passed","title":"should render the module","duration":27.318599999999606,"failureMessages":[],"meta":{}},{"ancestorTitles":["MarketEntriesModule"],"fullName":"MarketEntriesModule should show empty state when there are no accounts","status":"passed","title":"should show empty state when there are no accounts","duration":8.090799999999945,"failureMessages":[],"meta":{}},{"ancestorTitles":["MarketEntriesModule"],"fullName":"MarketEntriesModule should render the search input","status":"passed","title":"should render the search input","duration":3.459100000000035,"failureMessages":[],"meta":{}},{"ancestorTitles":["MarketEntriesModule"],"fullName":"MarketEntriesModule should render the account filter","status":"passed","title":"should render the account filter","duration":3.064400000000205,"failureMessages":[],"meta":{}},{"ancestorTitles":["MarketEntriesModule"],"fullName":"MarketEntriesModule should disable create button without accounts","status":"passed","title":"should disable create button without accounts","duration":36.6853000000001,"failureMessages":[],"meta":{}},{"ancestorTitles":["MarketEntriesModule"],"fullName":"MarketEntriesModule should show kpi cards","status":"passed","title":"should show kpi cards","duration":3.9010999999995875,"failureMessages":[],"meta":{}},{"ancestorTitles":["MarketEntriesModule"],"fullName":"MarketEntriesModule should not offer duplicated accounts in second row","status":"passed","title":"should not offer duplicated accounts in second row","duration":48.26899999999978,"failureMessages":[],"meta":{}},{"ancestorTitles":["MarketEntriesModule"],"fullName":"MarketEntriesModule should load and display market entries","status":"passed","title":"should load and display market entries","duration":23.84960000000001,"failureMessages":[],"meta":{}},{"ancestorTitles":["MarketEntriesModule"],"fullName":"MarketEntriesModule should enable create button when accounts are available","status":"passed","title":"should enable create button when accounts are available","duration":15.130400000000009,"failureMessages":[],"meta":{}},{"ancestorTitles":["MarketEntriesModule"],"fullName":"MarketEntriesModule should open create modal when clicking Nueva entrada button","status":"passed","title":"should open create modal when clicking Nueva entrada button","duration":15.782600000000002,"failureMessages":[],"meta":{}},{"ancestorTitles":["MarketEntriesModule"],"fullName":"MarketEntriesModule should filter entries by account","status":"passed","title":"should filter entries by account","duration":22.597800000000007,"failureMessages":[],"meta":{}},{"ancestorTitles":["MarketEntriesModule"],"fullName":"MarketEntriesModule should search entries by symbol","status":"passed","title":"should search entries by symbol","duration":28.72980000000007,"failureMessages":[],"meta":{}},{"ancestorTitles":["MarketEntriesModule"],"fullName":"MarketEntriesModule should calculate correct KPIs","status":"passed","title":"should calculate correct KPIs","duration":4.575399999999718,"failureMessages":[],"meta":{}},{"ancestorTitles":["MarketEntriesModule"],"fullName":"MarketEntriesModule should handle entry deletion","status":"passed","title":"should handle entry deletion","duration":22.228999999999814,"failureMessages":[],"meta":{}},{"ancestorTitles":["MarketEntriesModule"],"fullName":"MarketEntriesModule should handle error when loading entries fails","status":"passed","title":"should handle error when loading entries fails","duration":3.1143999999999323,"failureMessages":[],"meta":{}},{"ancestorTitles":["MarketEntriesModule"],"fullName":"MarketEntriesModule should display different entry statuses","status":"passed","title":"should display different entry statuses","duration":9.270700000000033,"failureMessages":[],"meta":{}}],"startTime":1782755665511,"endTime":1782755665787.2708,"status":"passed","message":"","name":"D:/Proyectos/Excel/frontend/src/components/MarketEntriesModule.test.tsx"},{"assertionResults":[{"ancestorTitles":["DashboardPage"],"fullName":"DashboardPage muestra menu de gestionar usuarios solo para admin","status":"passed","title":"muestra menu de gestionar usuarios solo para admin","duration":126.94680000000017,"failureMessages":[],"meta":{}},{"ancestorTitles":["DashboardPage"],"fullName":"DashboardPage oculta menu de gestionar usuarios para usuario no admin","status":"passed","title":"oculta menu de gestionar usuarios para usuario no admin","duration":31.852499999999964,"failureMessages":[],"meta":{}},{"ancestorTitles":["DashboardPage"],"fullName":"DashboardPage muestra menu de gestionar cuentas para cualquier rol","status":"passed","title":"muestra menu de gestionar cuentas para cualquier rol","duration":21.719500000000153,"failureMessages":[],"meta":{}},{"ancestorTitles":["DashboardPage"],"fullName":"DashboardPage muestra modulo de cuentas al seleccionar Gestionar cuentas","status":"passed","title":"muestra modulo de cuentas al seleccionar Gestionar cuentas","duration":38.42939999999999,"failureMessages":[],"meta":{}},{"ancestorTitles":["DashboardPage"],"fullName":"DashboardPage muestra informacion principal y email del usuario","status":"passed","title":"muestra informacion principal y email del usuario","duration":31.07649999999967,"failureMessages":[],"meta":{}},{"ancestorTitles":["DashboardPage"],"fullName":"DashboardPage muestra panel de administracion para admin","status":"passed","title":"muestra panel de administracion para admin","duration":31.73929999999973,"failureMessages":[],"meta":{}},{"ancestorTitles":["DashboardPage"],"fullName":"DashboardPage permite volver a resumen desde gestionar usuarios","status":"passed","title":"permite volver a resumen desde gestionar usuarios","duration":50.1271999999999,"failureMessages":[],"meta":{}},{"ancestorTitles":["DashboardPage"],"fullName":"DashboardPage oculta menu de usuarios cuando el rol no es admin","status":"passed","title":"oculta menu de usuarios cuando el rol no es admin","duration":23.757700000000114,"failureMessages":[],"meta":{}},{"ancestorTitles":["DashboardPage"],"fullName":"DashboardPage oculta menu de usuarios si falla la carga del rol","status":"passed","title":"oculta menu de usuarios si falla la carga del rol","duration":21.960599999999886,"failureMessages":[],"meta":{}},{"ancestorTitles":["DashboardPage"],"fullName":"DashboardPage ejecuta onSignOut al pulsar cerrar sesion","status":"passed","title":"ejecuta onSignOut al pulsar cerrar sesion","duration":14.645399999999881,"failureMessages":[],"meta":{}},{"ancestorTitles":["DashboardPage"],"fullName":"DashboardPage filtra operaciones por cuenta desde el combo superior","status":"passed","title":"filtra operaciones por cuenta desde el combo superior","duration":20.096399999999903,"failureMessages":[],"meta":{}},{"ancestorTitles":["DashboardPage"],"fullName":"DashboardPage formatea moneda correctamente en los KPIs","status":"failed","title":"formatea moneda correctamente en los KPIs","duration":1020.1743999999999,"failureMessages":["Error: Found multiple elements with the text: (content) => content.includes(\"USD\")\n\nHere are the matching elements:\n\nIgnored nodes: comments, script, style\n\u001b[36m<p\u001b[39m\n  \u001b[33mclass\u001b[39m=\u001b[32m\"kpi-value\"\u001b[39m\n\u001b[36m>\u001b[39m\n  \u001b[0mUSD 2,500.00\u001b[0m\n\u001b[36m</p>\u001b[39m\n\nIgnored nodes: comments, script, style\n\u001b[36m<p\u001b[39m\n  \u001b[33mclass\u001b[39m=\u001b[32m\"kpi-value\"\u001b[39m\n\u001b[36m>\u001b[39m\n  \u001b[0mUSD 0.00\u001b[0m\n\u001b[36m</p>\u001b[39m\n\nIgnored nodes: comments, script, style\n\u001b[36m<td>\u001b[39m\n  \u001b[0mEURUSD\u001b[0m\n\u001b[36m</td>\u001b[39m\n\nIgnored nodes: comments, script, style\n\u001b[36m<td\u001b[39m\n  \u001b[33mclass\u001b[39m=\u001b[32m\"positive\"\u001b[39m\n\u001b[36m>\u001b[39m\n  \u001b[0mUSD 2,500.00\u001b[0m\n\u001b[36m</td>\u001b[39m\n\n(If this is intentional, then use the `*AllBy*` variant of the query (like `queryAllByText`, `getAllByText`, or `findAllByText`)).\n\nIgnored nodes: comments, script, style\n\u001b[36m<body>\u001b[39m\n  \u001b[36m<div>\u001b[39m\n    \u001b[36m<main\u001b[39m\n      \u001b[33mclass\u001b[39m=\u001b[32m\"dashboard-shell\"\u001b[39m\n    \u001b[36m>\u001b[39m\n      \u001b[36m<aside\u001b[39m\n        \u001b[33maria-label\u001b[39m=\u001b[32m\"Menu lateral del dashboard\"\u001b[39m\n        \u001b[33mclass\u001b[39m=\u001b[32m\"dashboard-sidebar\"\u001b[39m\n      \u001b[36m>\u001b[39m\n        \u001b[36m<div\u001b[39m\n          \u001b[33mclass\u001b[39m=\u001b[32m\"sidebar-brand\"\u001b[39m\n        \u001b[36m>\u001b[39m\n          \u001b[36m<span\u001b[39m\n            \u001b[33maria-hidden\u001b[39m=\u001b[32m\"true\"\u001b[39m\n            \u001b[33mclass\u001b[39m=\u001b[32m\"app-icon material-symbols-rounded sidebar-brand-icon\"\u001b[39m\n          \u001b[36m>\u001b[39m\n            \u001b[0maccount_balance_wallet\u001b[0m\n          \u001b[36m</span>\u001b[39m\n          \u001b[36m<span\u001b[39m\n            \u001b[33mclass\u001b[39m=\u001b[32m\"sidebar-brand-text\"\u001b[39m\n          \u001b[36m>\u001b[39m\n            \u001b[0mInversiones\u001b[0m\n          \u001b[36m</span>\u001b[39m\n        \u001b[36m</div>\u001b[39m\n        \u001b[36m<div\u001b[39m\n          \u001b[33mclass\u001b[39m=\u001b[32m\"sidebar-scroll\"\u001b[39m\n        \u001b[36m>\u001b[39m\n          \u001b[36m<div\u001b[39m\n            \u001b[33mclass\u001b[39m=\u001b[32m\"sidebar-section\"\u001b[39m\n          \u001b[36m>\u001b[39m\n            \u001b[36m<button\u001b[39m\n              \u001b[33maria-controls\u001b[39m=\u001b[32m\"sidebar-principal\"\u001b[39m\n              \u001b[33maria-expanded\u001b[39m=\u001b[32m\"true\"\u001b[39m\n              \u001b[33mclass\u001b[39m=\u001b[32m\"sidebar-nav-section\"\u001b[39m\n              \u001b[33mtype\u001b[39m=\u001b[32m\"button\"\u001b[39m\n            \u001b[36m>\u001b[39m\n              \u001b[36m<span\u001b[39m\n                \u001b[33mclass\u001b[39m=\u001b[32m\"sidebar-group-title\"\u001b[39m\n              \u001b[36m>\u001b[39m\n                \u001b[36m<span\u001b[39m\n                  \u001b[33mclass\u001b[39m=\u001b[32m\"sidebar-group-icon\"\u001b[39m\n                \u001b[36m>\u001b[39m\n                  \u001b[36m<span\u001b[39m\n                    \u001b[33maria-hidden\u001b[39m=\u001b[32m\"true\"\u001b[39m\n                    \u001b[33mclass\u001b[39m=\u001b[32m\"app-icon material-symbols-rounded\"\u001b[39m\n                  \u001b[36m>\u001b[39m\n                    \u001b[0mspace_dashboard\u001b[0m\n                  \u001b[36m</span>\u001b[39m\n                \u001b[36m</span>\u001b[39m\n                \u001b[0mPrincipal\u001b[0m\n                \u001b[0m \u001b[0m\n                \u001b[36m<span\u001b[39m\n                  \u001b[33mclass\u001b[39m=\u001b[32m\"sidebar-count\"\u001b[39m\n                \u001b[36m>\u001b[39m\n                  \u001b[0m1\u001b[0m\n                \u001b[36m</span>\u001b[39m\n              \u001b[36m</span>\u001b[39m\n              \u001b[36m<span\u001b[39m\n                \u001b[33maria-hidden\u001b[39m=\u001b[32m\"true\"\u001b[39m\n                \u001b[33mclass\u001b[39m=\u001b[32m\"sidebar-section-arrow\"\u001b[39m\n              \u001b[36m>\u001b[39m\n                \u001b[36m<span\u001b[39m\n                  \u001b[33maria-hidden\u001b[39m=\u001b[32m\"true\"\u001b[39m\n                  \u001b[33mclass\u001b[39m=\u001b[32m\"app-icon material-symbols-rounded\"\u001b[39m\n                \u001b[36m>\u001b[39m\n                  \u001b[0mexpand_more\u001b[0m\n                \u001b[36m</span>\u001b[39m\n              \u001b[36m</span>\u001b[39m\n            \u001b[36m</button>\u001b[39m\n            \u001b[36m<div\u001b[39m\n              \u001b[33mclass\u001b[39m=\u001b[32m\"sidebar-section-content \"\u001b[39m\n              \u001b[33mid\u001b[39m=\u001b[32m\"sidebar-principal\"\u001b[39m\n            \u001b[36m>\u001b[39m\n              \u001b[36m<button\u001b[39m\n                \u001b[33mclass\u001b[39m=\u001b[32m\"menu-btn menu-dashboard active\"\u001b[39m\n                \u001b[33mtype\u001b[39m=\u001b[32m\"button\"\u001b[39m\n              \u001b[36m>\u001b[39m\n                \u001b[36m<span\u001b[39m\n                  \u001b[33maria-hidden\u001b[39m=\u001b[32m\"true\"\u001b[39m\n                  \u001b[33mclass\u001b[39m=\u001b[32m\"app-icon material-symbols-rounded menu-btn-icon\"\u001b[39m\n                \u001b[36m>\u001b[39m\n                  \u001b[0mspace_dashboard\u001b[0m\n                \u001b[36m</span>\u001b[39m\n                \u001b[36m<span>\u001b[39m\n                  \u001b[0mResumen\u001b[0m\n                \u001b[36m</span>\u001b[39m\n              \u001b[36m</button>\u001b[39m\n            \u001b[36m</div>\u001b[39m\n          \u001b[36m</div>\u001b[39m\n          \u001b[36m<div\u001b[39m\n            \u001b[33mclass\u001b[39m=\u001b[32m\"sidebar-section\"\u001b[39m\n          \u001b[36m>\u001b[39m\n            \u001b[36m<button\u001b[39m\n              \u001b[33maria-controls\u001b[39m=\u001b[32m\"sidebar-gestion\"\u001b[39m\n              \u001b[33maria-expanded\u001b[39m=\u001b[32m\"true\"\u001b[39m\n              \u001b[33mclass\u001b[39m=\u001b[32m\"sidebar-nav-section\"\u001b[39m\n              \u001b[33mtype\u001b[39m=\u001b[32m\"button\"\u001b[39m\n            \u001b[36m>\u001b[39m\n              \u001b[36m<span\u001b[39m\n                \u001b[33mclass\u001b[39m=\u001b[32m\"sidebar-group-title\"\u001b[39m\n              \u001b[36m>\u001b[39m\n                \u001b[36m<span\u001b[39m\n                  \u001b[33mclass\u001b[39m=\u001b[32m\"sidebar-group-icon\"\u001b[39m\n                \u001b[36m>\u001b[39m\n                  \u001b[36m<span\u001b[39m\n                    \u001b[33maria-hidden\u001b[39m=\u001b[32m\"true\"\u001b[39m\n                    \u001b[33mclass\u001b[39m=\u001b[32m\"app-icon material-symbols-rounded\"\u001b[39m\n                  \u001b[36m>\u001b[39m\n                    \u001b[0maccount_balance\u001b[0m\n                  \u001b[36m</span>\u001b[39m\n                \u001b[36m</span>\u001b[39m\n                \u001b[0mGestion\u001b[0m\n                \u001b[0m \u001b[0m\n                \u001b[36m<span\u001b[39m\n                  \u001b[33mclass\u001b[39m=\u001b[32m\"sidebar-count\"\u001b[39m\n                \u001b[36m>\u001b[39m\n                  \u001b[0m2\u001b[0m\n                \u001b[36m</span>\u001b[39m\n              \u001b[36m</span>\u001b[39m\n              \u001b[36m<span\u001b[39m\n                \u001b[33maria-hidden\u001b[39m=\u001b[32m\"true\"\u001b[39m\n                \u001b[33mclass\u001b[39m=\u001b[32m\"sidebar-section-arrow\"\u001b[39m\n              \u001b[36m>\u001b[39m\n                \u001b[36m<span\u001b[39m\n                  \u001b[33maria-hidden\u001b[39m=\u001b[32m\"true\"\u001b[39m\n                  \u001b[33mclass\u001b[39m=\u001b[32m\"app-icon material-symbols-rounded\"\u001b[39m\n                \u001b[36m>\u001b[39m\n                  \u001b[0mexpand_more\u001b[0m\n                \u001b[36m</span>\u001b[39m\n              \u001b[36m</span>\u001b[39m\n            \u001b[36m</button>\u001b[39m\n            \u001b[36m<div\u001b[39m\n              \u001b[33mclass\u001b[39m=\u001b[32m\"sidebar-section-content \"\u001b[39m\n              \u001b[33mid\u001b[39m=\u001b[32m\"sidebar-gestion\"\u001b[39m\n            \u001b[36m>\u001b[39m\n              \u001b[36m<button\u001b[39m\n                \u001b[33mclass\u001b[39m=\u001b[32m\"menu-btn menu-news \"\u001b[39m\n                \u001b[33mtype\u001b[39m=\u001b[32m\"button\"\u001b[39m\n              \u001b[36m>\u001b[39m\n                \u001b[36m<span\u001b[39m\n                  \u001b[33maria-hidden\u001b[39m=\u001b[32m\"true\"\u001b[39m\n                  \u001b[33mclass\u001b[39m=\u001b[32m\"app-icon material-symbols-rounded menu-btn-icon\"\u001b[39m\n                \u001b[36m>\u001b[39m\n                  \u001b[0marticle\u001b[0m\n                \u001b[36m</span>\u001b[39m\n                \u001b[36m<span>\u001b[39m\n                  \u001b[0mMis noticias\u001b[0m\n                \u001b[36m</span>\u001b[39m\n              \u001b[36m</button>\u001b[39m\n              \u001b[36m<button\u001b[39m\n                \u001b[33mclass\u001b[39m=\u001b[32m\"menu-btn menu-entries \"\u001b[39m\n                \u001b[33mtype\u001b[39m=\u001b[32m\"button\"\u001b[39m\n              \u001b[36m>\u001b[39m\n                \u001b[36m<span\u001b[39m\n                  \u001b[33maria-hidden\u001b[39m=\u001b[32m\"true\"\u001b[39m\n                  \u001b[33mclass\u001b[39m=\u001b[32m\"app-icon material-symbols-rounded menu-btn-icon\"\u001b[39m\n                \u001b[36m>\u001b[39m\n                  \u001b[0mplaylist_add_check_circle\u001b[0m\n                \u001b[36m</span>\u001b[39m\n                \u001b[36m<span>\u001b[39m\n                  \u001b[0mEntradas mercado\u001b[0m\n                \u001b[36m</span>\u001b[39m\n              \u001b[36m</button>\u001b[39m\n              \u001b[36m<button\u001b[39m\n                \u001b[33mclass\u001b[39m=\u001b[32m\"menu-btn menu-accounts \"\u001b[39m\n                \u001b[33mtype\u001b[39m=\u001b[32m\"button\"\u001b[39m\n              \u001b[36m>\u001b[39m\n                \u001b[36m<span\u001b[39m\n                  \u001b[33maria-hidden\u001b[39m=\u001b[32m\"true\"\u001b[39m\n                  \u001b[33mclass\u001b[39m=\u001b[32m\"app-icon material-symbols-rounded menu-btn-icon\"\u001b[39m\n                \u001b[36m>\u001b[39m\n                  \u001b[0maccount_balance\u001b[0m\n                \u001b[36m</span>\u001b[39m\n                \u001b[36m<span>\u001b[39m\n                  \u001b[0mGestionar cuentas\u001b[0m\n                \u001b[36m</span>\u001b[39m\n              \u001b[36m</button>\u001b[39m\n            \u001b[36m</div>\u001b[39m\n          \u001b[36m</div>\u001b[39m\n          \u001b[36m<div\u001b[39m\n            \u001b[33mclass\u001b[39m=\u001b[32m\"sidebar-section\"\u001b[39m\n          \u001b[36m>\u001b[39m\n            \u001b[36m<button\u001b[39m\n              \u001b[33maria-controls\u001b[39m=\u001b[32m\"sidebar-cuenta\"\u001b[39m\n              \u001b[33maria-expanded\u001b[39m=\u001b[32m\"true\"\u001b[39m\n              \u001b[33mclass\u001b[39m=\u001b[32m\"sidebar-nav-section\"\u001b[39m\n              \u001b[33mtype\u001b[39m=\u001b[32m\"button\"\u001b[39m\n            \u001b[36m>\u001b[39m\n              \u001b[36m<span\u001b[39m\n                \u001b[33mclass\u001b[39m=\u001b[32m\"sidebar-group-title\"\u001b[39m\n              \u001b[36m>\u001b[39m\n                \u001b[36m<span\u001b[39m\n                  \u001b[33mclass\u001b[39m=\u001b[32m\"sidebar-group-icon\"\u001b[39m\n                \u001b[36m>\u001b[39m\n                  \u001b[36m<span\u001b[39m\n                    \u001b[33maria-hidden\u001b[39m=\u001b[32m\"true\"\u001b[39m\n                    \u001b[33mclass\u001b[39m=\u001b[32m\"app-icon material-symbols-rounded\"\u001b[39m\n                  \u001b[36m>\u001b[39m\n                    \u001b[0msettings\u001b[0m\n                  \u001b[36m</span>\u001b[39m\n                \u001b[36m</span>\u001b[39m\n                \u001b[0mMi cuenta\u001b[0m\n                \u001b[0m \u001b[0m\n                \u001b[36m<span\u001b[39m\n                  \u001b[33mclass\u001b[39m=\u001b[32m\"sidebar-count\"\u001b[39m\n                \u001b[36m>\u001b[39m\n                  \u001b[0m1\u001b[0m\n                \u001b[36m</span>\u001b[39m\n              \u001b[36m</span>\u001b[39m\n              \u001b[36m<span\u001b[39m\n                \u001b[33maria-hidden\u001b[39m=\u001b[32m\"true\"\u001b[39m\n                \u001b[33mclass\u001b[39m=\u001b[32m\"sidebar-section-arrow\"\u001b[39m\n              \u001b[36m>\u001b[39m\n                \u001b[36m<span\u001b[39m\n                  \u001b[33maria-hidden\u001b[39m=\u001b[32m\"true\"\u001b[39m\n                  \u001b[33mclass\u001b[39m=\u001b[32m\"app-icon material-symbols-rounded\"\u001b[39m\n                \u001b[36m>\u001b[39m\n                  \u001b[0mexpand_more\u001b[0m\n                \u001b[36m</span>\u001b[39m\n              \u001b[36m</span>\u001b[39m\n            \u001b[36m</button>\u001b[39m\n            \u001b[36m<div\u001b[39m\n              \u001b[33mclass\u001b[39m=\u001b[32m\"sidebar-section-content \"\u001b[39m\n              \u001b[33mid\u001b[39m=\u001b[32m\"sidebar-cuenta\"\u001b[39m\n            \u001b[36m>\u001b[39m\n              \u001b[36m<button\u001b[39m\n                \u001b[33mclass\u001b[39m=\u001b[32m\"menu-btn menu-settings \"\u001b[39m\n                \u001b[33mtype\u001b[39m=\u001b[32m\"button\"\u001b[39m\n              \u001b[36m>\u001b[39m\n                \u001b[36m<span\u001b[39m\n                  \u001b[33maria-hidden\u001b[39m=\u001b[32m\"true\"\u001b[39m\n                  \u001b[33mclass\u001b[39m=\u001b[32m\"app-icon material-symbols-rounded menu-btn-icon\"\u001b[39m\n                \u001b[36m>\u001b[39m\n                  \u001b[0msettings\u001b[0m\n                \u001b[36m</span>\u001b[39m\n                \u001b[36m<span>\u001b[39m\n                  \u001b[0mConfiguración\u001b[0m\n                \u001b[36m</span>\u001b[39m\n              \u001b[36m</button>\u001b[39m\n            \u001b[36m</div>\u001b[39m\n          \u001b[36m</div>\u001b[39m\n        \u001b[36m</div>\u001b[39m\n        \u001b[36m<div\u001b[39m\n          \u001b[33mclass\u001b[39m=\u001b[32m\"sidebar-footer\"\u001b[39m\n        \u001b[36m>\u001b[39m\n          \u001b[36m<div\u001b[39m\n            \u001b[33maria-hidden\u001b[39m=\u001b[32m\"true\"\u001b[39m\n            \u001b[33mclass\u001b[39m=\u001b[32m\"sidebar-user-avatar\"\u001b[39m\n          \u001b[36m>\u001b[39m\n            \u001b[36m<span\u001b[39m\n              \u001b[33maria-hidden\u001b[39m=\u001b[32m\"true\"\u001b[39m\n              \u001b[33mclass\u001b[39m=\u001b[32m\"app-icon material-symbols-rounded\"\u001b[39m\n            \u001b[36m>\u001b[39m\n              \u001b[0mgroup\u001b[0m\n            \u001b[36m</span>\u001b[39m\n          \u001b[36m</div>\u001b[39m\n          \u001b[36m<div\u001b[39m\n            \u001b[33mclass\u001b[39m=\u001b[32m\"sidebar-user-copy\"\u001b[39m\n          \u001b[36m>\u001b[39m\n            \u001b[36m<p\u001b[39m\n              \u001b[33mclass\u001b[39m=\u001b[32m\"sidebar-user-name\"\u001b[39m\n            \u001b[36m>\u001b[39m\n              \u001b[0musuario\u001b[0m\n            \u001b[36m</p>\u001b[39m\n            \u001b[36m<p\u001b[39m\n              \u001b[33mclass\u001b[39m=\u001b[32m\"sidebar-user-role\"\u001b[39m\n            \u001b[36m>\u001b[39m\n              \u001b[0mUSUARIO\u001b[0m\n            \u001b[36m</p>\u001b[39m\n            \u001b[36m<p\u001b[39m\n              \u001b[33mclass\u001b[39m=\u001b[32m\"sidebar-user-email\"\u001b[39m\n              \u001b[33mtitle\u001b[39m=\u001b[32m\"usuario@demo.com\"\u001b[39m\n            \u001b[36m>\u001b[39m\n              \u001b[0musuario@demo.com\u001b[0m\n            \u001b[36m</p>\u001b[39m\n          \u001b[36m</div>\u001b[39m\n        \u001b[36m</div>\u001b[39m\n      \u001b[36m</aside>\u001b[39m\n      \u001b[36m<section\u001b[39m\n        \u001b[33mclass\u001b[39m=\u001b[32m\"dashboard-layout\"\u001b[39m\n      \u001b[36m>\u001b[39m\n        \u001b[36m<header\u001b[39m\n          \u001b[33mclass\u001b[39m=\u001b[32m\"dashboard-header\"\u001b[39m\n        \u001b[36m>\u001b[39m\n          \u001b[36m<div\u001b[39m\n            \u001b[33mclass\u001b[39m=\u001b[32m\"dashboard-header-title\"\u001b[39m\n          \u001b[36m>\u001b[39m\n            \u001b[36m<h1>\u001b[39m\n              \u001b[0mDashboard de Inversiones\u001b[0m\n            \u001b[36m</h1>\u001b[39m\n          \u001b[36m</div>\u001b[39m\n          \u001b[36m<div\u001b[39m\n            \u001b[33mclass\u001b[39m=\u001b[32m\"header-right\"\u001b[39m\n          \u001b[36m>\u001b[39m\n            \u001b[36m<span\u001b[39m\n              \u001b[33mclass\u001b[39m=\u001b[32m\"system-status\"\u001b[39m\n            \u001b[36m>\u001b[39m\n              \u001b[36m<span\u001b[39m\n                \u001b[33maria-hidden\u001b[39m=\u001b[32m\"true\"\u001b[39m\n                \u001b[33mclass\u001b[39m=\u001b[32m\"app-icon material-symbols-rounded\"\u001b[39m\n              \u001b[36m>\u001b[39m\n                \u001b[0mmemory\u001b[0m\n              \u001b[36m</span>\u001b[39m\n              \u001b[0m \u001b[0m\n              \u001b[36m<span>\u001b[39m\n                \u001b[0mSistema online\u001b[0m\n              \u001b[36m</span>\u001b[39m\n            \u001b[36m</span>\u001b[39m\n            \u001b[36m<button\u001b[39m\n              \u001b[33mclass\u001b[39m=\u001b[32m\"secondary-btn\"\u001b[39m\n              \u001b[33mtype\u001b[39m=\u001b[32m\"button\"\u001b[39m\n            \u001b[36m>\u001b[39m\n              \u001b[36m<span\u001b[39m\n                \u001b[33maria-hidden\u001b[39m=\u001b[32m\"true\"\u001b[39m\n                \u001b[33mclass\u001b[39m=\u001b[32m\"app-icon material-symbols-rounded\"\u001b[39m\n              \u001b[36m>\u001b[39m\n                \u001b[0mlogout\u001b[0m\n              \u001b[36m</span>\u001b[39m\n              \u001b[0mCerrar sesion\u001b[0m\n            \u001b[36m</button>\u001b[39m\n          \u001b[36m</div>\u001b[39m\n        \u001b[36m</header>\u001b[39m\n        \u001b[36m<div\u001b[39m\n          \u001b[33maria-labelledby\u001b[39m=\u001b[32m\"tab-resumen\"\u001b[39m\n          \u001b[33mrole\u001b[39m=\u001b[32m\"tabpanel\"\u001b[39m\n          \u001b[33mstyle\u001b[39m=\u001b[32m\"display: block;\"\u001b[39m\n        \u001b[36m>\u001b[39m\n          \u001b[36m<section\u001b[39m\n            \u001b[33mclass\u001b[39m=\u001b[32m\"dashboard-summary-toolbar\"\u001b[39m\n          \u001b[36m>\u001b[39m\n            \u001b[36m<label\u001b[39m\n              \u001b[33mclass\u001b[39m=\u001b[32m\"dashboard-summary-filter-label\"\u001b[39m\n              \u001b[33mfor\u001b[39m=\u001b[32m\"dashboard-account-filter\"\u001b[39m\n            \u001b[36m>\u001b[39m\n              \u001b[0mFiltrar por cuenta\u001b[0m\n            \u001b[36m</label>\u001b[39m\n            \u001b[36m<select\u001b[39m\n              \u001b[33mclass\u001b[39m=\u001b[32m\"dashboard-summary-filter\"\u001b[39m\n              \u001b[33mid\u001b[39m=\u001b[32m\"dashboard-account-filter\"\u001b[39m\n            \u001b[36m>\u001b[39m\n              \u001b[36m<option\u001b[39m\n                \u001b[33mvalue\u001b[39m=\u001b[32m\"all\"\u001b[39m\n              \u001b[36m>\u001b[39m\n                \u001b[0mTodas las cuentas\u001b[0m\n              \u001b[36m</option>\u001b[39m\n            \u001b[36m</select>\u001b[39m\n          \u001b[36m</section>\u001b[39m\n          \u001b[36m<section\u001b[39m\n            \u001b[33mclass\u001b[39m=\u001b[32m\"kpi-grid\"\u001b[39m\n          \u001b[36m>\u001b[39m\n            \u001b[36m<article\u001b[39m\n              \u001b[33mclass\u001b[39m=\u001b[32m\"kpi-card\"\u001b[39m\n            \u001b[36m>\u001b[39m\n              \u001b[36m<h2>\u001b[39m\n                \u001b[0mGanancia del mes\u001b[0m\n              \u001b[36m</h2>\u001b[39m\n              \u001b[36m<p\u001b[39m\n                \u001b[33mclass\u001b[39m=\u001b[32m\"kpi-value\"\u001b[39m\n              \u001b[36m>\u001b[39m\n                \u001b[0mUSD 2,500.00\u001b[0m\n              \u001b[36m</p>\u001b[39m\n              \u001b[36m<span\u001b[39m\n                \u001b[33mclass\u001b[39m=\u001b[32m\"kpi-trend positive\"\u001b[39m\n              \u001b[36m>\u001b[39m\n                \u001b[0m1\u001b[0m\n                \u001b[0m operaciones\u001b[0m\n              \u001b[36m</span>\u001b[39m\n            \u001b[36m</article>\u001b[39m\n            \u001b[36m<article\u001b[39m\n              \u001b[33mclass\u001b[39m=\u001b[32m\"kpi-card\"\u001b[39m\n            \u001b[36m>\u001b[39m\n              \u001b[36m<h2>\u001b[39m\n                \u001b[0mTasa de exito\u001b[0m\n              \u001b[36m</h2>\u001b[39m\n              \u001b[36m<p\u001b[39m\n                \u001b[33mclass\u001b[39m=\u001b[32m\"kpi-value\"\u001b[39m\n              \u001b[36m>\u001b[39m\n                \u001b[0m100.0\u001b[0m\n                \u001b[0m%\u001b[0m\n              \u001b[36m</p>\u001b[39m\n              \u001b[36m<span\u001b[39m\n                \u001b[33mclass\u001b[39m=\u001b[32m\"kpi-trend neutral\"\u001b[39m\n              \u001b[36m>\u001b[39m\n                \u001b[0mSobre operaciones cerradas\u001b[0m\n              \u001b[36m</span>\u001b[39m\n            \u001b[36m</article>\u001b[39m\n            \u001b[36m<article\u001b[39m\n              \u001b[33mclass\u001b[39m=\u001b[32m\"kpi-card\"\u001b[39m\n            \u001b[36m>\u001b[39m\n              \u001b[36m<h2>\u001b[39m\n                \u001b[0mRiesgo abierto\u001b[0m\n              \u001b[36m</h2>\u001b[39m\n              \u001b[36m<p\u001b[39m\n                \u001b[33mclass\u001b[39m=\u001b[32m\"kpi-value\"\u001b[39m\n              \u001b[36m>\u001b[39m\n                \u001b[0mUSD 0.00\u001b[0m\n              \u001b[36m</p>\u001b[39m\n              \u001b[36m<span\u001b[39m\n                \u001b[33mclass\u001b[39m=\u001b[32m\"kpi-trend neutral\"\u001b[39m\n              \u001b[36m>\u001b[39m\n                \u001b[0mControlado\u001b[0m\n              \u001b[36m</span>\u001b[39m\n            \u001b[36m</article>\u001b[39m\n          \u001b[36m</section>\u001b[39m\n          \u001b[36m<section\u001b[39m\n            \u001b[33mclass\u001b[39m=\u001b[32m\"chart-grid\"\u001b[39m\n          \u001b[36m>\u001b[39m\n            \u001b[36m<article\u001b[39m\n              \u001b[33mclass\u001b[39m=\u001b[32m\"chart-card\"\u001b[39m\n            \u001b[36m>\u001b[39m\n              \u001b[36m<h2>\u001b[39m\n                \u001b[0mEvolucion de ganancias\u001b[0m\n              \u001b[36m</h2>\u001b[39m\n              \u001b[36m<div\u001b[39m\n                \u001b[33mclass\u001b[39m=\u001b[32m\"chart-wrapper\"\u001b[39m\n              \u001b[36m>\u001b[39m\n                \u001b[36m<div>\u001b[39m\n                  \u001b[36m<div>\u001b[39m\n                    \u001b[36m<div />\u001b[39m\n                    \u001b[36m<div />\u001b[39m\n                    \u001b[36m<div />\u001b[39m\n                    \u001b[36m<div />\u001b[39m\n                    \u001b[36m<div />\u001b[39m\n                  \u001b[36m</div>\u001b[39m\n                \u001b[36m</div>\u001b[39m\n              \u001b[36m</div>\u001b[39m\n            \u001b[36m</article>\u001b[39m\n            \u001b[36m<article\u001b[39m\n              \u001b[33mclass\u001b[39m=\u001b[32m\"chart-card\"\u001b[39m\n            \u001b[36m>\u001b[39m\n              \u001b[36m<h2>\u001b[39m\n                \u001b[0mDistribucion de operaciones\u001b[0m\n              \u001b[36m</h2>\u001b[39m\n              \u001b[36m<div\u001b[39m\n                \u001b[33mclass\u001b[39m=\u001b[32m\"chart-wrapper\"\u001b[39m\n              \u001b[36m>\u001b[39m\n                \u001b[36m<div>\u001b[39m\n                  \u001b[36m<div>\u001b[39m\n                    \u001b[36m<div>\u001b[39m\n                      \u001b[36m<div />\u001b[39m\n                      \u001b[36m<div />\u001b[39m\n                      \u001b[36m<div />\u001b[39m\n                    \u001b[36m</div>\u001b[39m\n                    \u001b[36m<div />\u001b[39m\n                    \u001b[36m<div />\u001b[39m\n                  \u001b[36m</div>\u001b[39m\n                \u001b[36m</div>\u001b[39m\n              \u001b[36m</div>\u001b[39m\n            \u001b[36m</article>\u001b[39m\n          \u001b[36m</section>\u001b[39m\n          \u001b[36m<section\u001b[39m\n            \u001b[33mclass\u001b[39m=\u001b[32m\"table-card\"\u001b[39m\n          \u001b[36m>\u001b[39m\n            \u001b[36m<h2>\u001b[39m\n              \u001b[0mOperaciones recientes\u001b[0m\n            \u001b[36m</h2>\u001b[39m\n            \u001b[36m<div\u001b[39m\n              \u001b[33mclass\u001b[39m=\u001b[32m\"table-wrapper\"\u001b[39m\n            \u001b[36m>\u001b[39m\n              \u001b[36m<table>\u001b[39m\n                \u001b[36m<thead>\u001b[39m\n                  \u001b[36m<tr>\u001b[39m\n                    \u001b[36m<th>\u001b[39m\n                      \u001b[0mFecha\u001b[0m\n                    \u001b[36m</th>\u001b[39m\n                    \u001b[36m<th>\u001b[39m\n                      \u001b[0mPar\u001b[0m\n                    \u001b[36m</th>\u001b[39m\n                    \u001b[36m<th>\u001b[39m\n                      \u001b[0mTipo\u001b[0m\n                    \u001b[36m</th>\u001b[39m\n                    \u001b[36m<th>\u001b[39m\n                      \u001b[0mResultado\u001b[0m\n                    \u001b[36m</th>\u001b[39m\n                    \u001b[36m<th>\u001b[39m\n                      \u001b[0mEstado\u001b[0m\n                    \u001b[36m</th>\u001b[39m\n                  \u001b[36m</tr>\u001b[39m\n                \u001b[36m</thead>\u001b[39m\n                \u001b[36m<tbody>\u001b[39m\n                  \u001b[36m<tr>\u001b[39m\n                    \u001b[36m<td>\u001b[39m\n                      \u001b[0m20/6/2026\u001b[0m\n                    \u001b[36m</td>\u001b[39m\n                    \u001b[36m<td>\u001b[39m\n                      \u001b[0mEURUSD\u001b[0m\n                    \u001b[36m</td>\u001b[39m\n                    \u001b[36m<td>\u001b[39m\n                      \u001b[0mBUY\u001b[0m\n                    \u001b[36m</td>\u001b[39m\n                    \u001b[36m<td\u001b[39m\n                      \u001b[33mclass\u001b[39m=\u001b[32m\"positive\"\u001b[39m\n                    \u001b[36m>\u001b[39m\n                      \u001b[0mUSD 2,500.00\u001b[0m\n                    \u001b[36m</td>\u001b[39m\n                    \u001b[36m<td>\u001b[39m\n                      \u001b[0mCompletada\u001b[0m\n                    \u001b[36m</td>\u001b[39m\n                  \u001b[36m</tr>\u001b[39m\n                \u001b[36m</tbody>\u001b[39m\n              \u001b[36m</table>\u001b[39m\n            \u001b[36m</div>\u001b[39m\n          \u001b[36m</section>\u001b[39m\n        \u001b[36m</div>\u001b[39m\n        \u001b[36m<div\u001b[39m\n          \u001b[33maria-labelledby\u001b[39m=\u001b[32m\"tab-noticias\"\u001b[39m\n          \u001b[33mrole\u001b[39m=\u001b[32m\"tabpanel\"\u001b[39m\n          \u001b[33mstyle\u001b[39m=\u001b[32m\"display: none;\"\u001b[39m\n        \u001b[36m>\u001b[39m\n          \u001b[36m<div>\u001b[39m\n            \u001b[0mModulo de Noticias\u001b[0m\n          \u001b[36m</div>\u001b[39m\n        \u001b[36m</div>\u001b[39m\n        \u001b[36m<div\u001b[39m\n          \u001b[33maria-labelledby\u001b[39m=\u001b[32m\"tab-entradas\"\u001b[39m\n          \u001b[33mrole\u001b[39m=\u001b[32m\"tabpanel\"\u001b[39m\n          \u001b[33mstyle\u001b[39m=\u001b[32m\"display: none;\"\u001b[39m\n        \u001b[36m>\u001b[39m\n          \u001b[36m<div>\u001b[39m\n            \u001b[0mModulo de Entradas\u001b[0m\n          \u001b[36m</div>\u001b[39m\n        \u001b[36m</div>\u001b[39m\n        \u001b[36m<div\u001b[39m\n          \u001b[33maria-labelledby\u001b[39m=\u001b[32m\"tab-cuentas\"\u001b[39m\n          \u001b[33mrole\u001b[39m=\u001b[32m\"tabpanel\"\u001b[39m\n          \u001b[33mstyle\u001b[39m=\u001b[32m\"display: none;\"\u001b[39m\n        \u001b[36m>\u001b[39m\n          \u001b[36m<div>\u001b[39m\n            \u001b[0mModulo de Cuentas\u001b[0m\n          \u001b[36m</div>\u001b[39m\n        \u001b[36m</div>\u001b[39m\n        \u001b[36m<div\u001b[39m\n          \u001b[33maria-labelledby\u001b[39m=\u001b[32m\"tab-usuarios\"\u001b[39m\n          \u001b[33mrole\u001b[39m=\u001b[32m\"tabpanel\"\u001b[39m\n          \u001b[33mstyle\u001b[39m=\u001b[32m\"display: none;\"\u001b[39m\n        \u001b[36m>\u001b[39m\n          \u001b[36m<section\u001b[39m\n            \u001b[33mclass\u001b[39m=\u001b[32m\"table-card restricted-card\"\u001b[39m\n          \u001b[36m>\u001b[39m\n            \u001b[36m<h2>\u001b[39m\n              \u001b[0mGestionar usuarios\u001b[0m\n            \u001b[36m</h2>\u001b[39m\n            \u001b[36m<p>\u001b[39m\n              \u001b[0mEsta seccion es solo para administradores. Solicita permisos de admin para gestionar usuarios.\u001b[0m\n            \u001b[36m</p>\u001b[39m\n          \u001b[36m</section>\u001b[39m\n        \u001b[36m</div>\u001b[39m\n        \u001b[36m<div\u001b[39m\n          \u001b[33maria-labelledby\u001b[39m=\u001b[32m\"tab-configuracion\"\u001b[39m\n          \u001b[33mrole\u001b[39m=\u001b[32m\"tabpanel\"\u001b[39m\n          \u001b[33mstyle\u001b[39m=\u001b[32m\"display: none;\"\u001b[39m\n        \u001b[36m>\u001b[39m\n          \u001b[36m<div>\u001b[39m\n            \u001b[0mModulo de Configuracion\u001b[0m\n          \u001b[36m</div>\u001b[39m\n        \u001b[36m</div>\u001b[39m\n      \u001b[36m</section>\u001b[39m\n    \u001b[36m</main>\u001b[39m\n  \u001b[36m</div>\u001b[39m\n\u001b[36m</body>\u001b[39m\n    at waitForWrapper (D:\\Proyectos\\Excel\\frontend\\node_modules\\@testing-library\\dom\\dist\\wait-for.js:163:27)\n    at D:\\Proyectos\\Excel\\frontend\\node_modules\\@testing-library\\dom\\dist\\query-helpers.js:86:33\n    at D:\\Proyectos\\Excel\\frontend\\src\\pages\\DashboardPage.test.tsx:349:25\n    at file:///D:/Proyectos/Excel/frontend/node_modules/@vitest/runner/dist/index.js:146:14\n    at file:///D:/Proyectos/Excel/frontend/node_modules/@vitest/runner/dist/index.js:533:11\n    at runWithTimeout (file:///D:/Proyectos/Excel/frontend/node_modules/@vitest/runner/dist/index.js:39:7)\n    at runTest (file:///D:/Proyectos/Excel/frontend/node_modules/@vitest/runner/dist/index.js:1056:17)\n    at runSuite (file:///D:/Proyectos/Excel/frontend/node_modules/@vitest/runner/dist/index.js:1205:15)\n    at runSuite (file:///D:/Proyectos/Excel/frontend/node_modules/@vitest/runner/dist/index.js:1205:15)\n    at runFiles (file:///D:/Proyectos/Excel/frontend/node_modules/@vitest/runner/dist/index.js:1262:5)"],"meta":{}},{"ancestorTitles":["DashboardPage"],"fullName":"DashboardPage calcula ganancia correcta del mes cuando hay operaciones cerradas","status":"passed","title":"calcula ganancia correcta del mes cuando hay operaciones cerradas","duration":9.113000000000284,"failureMessages":[],"meta":{}},{"ancestorTitles":["DashboardPage"],"fullName":"DashboardPage calcula ganancia cero cuando no hay operaciones","status":"failed","title":"calcula ganancia cero cuando no hay operaciones","duration":1014.3496000000005,"failureMessages":["Error: Found multiple elements with the text: (content) => content.includes(\"USD\") && content.includes(\"0.00\")\n\nHere are the matching elements:\n\nIgnored nodes: comments, script, style\n\u001b[36m<p\u001b[39m\n  \u001b[33mclass\u001b[39m=\u001b[32m\"kpi-value\"\u001b[39m\n\u001b[36m>\u001b[39m\n  \u001b[0mUSD 0.00\u001b[0m\n\u001b[36m</p>\u001b[39m\n\nIgnored nodes: comments, script, style\n\u001b[36m<p\u001b[39m\n  \u001b[33mclass\u001b[39m=\u001b[32m\"kpi-value\"\u001b[39m\n\u001b[36m>\u001b[39m\n  \u001b[0mUSD 0.00\u001b[0m\n\u001b[36m</p>\u001b[39m\n\n(If this is intentional, then use the `*AllBy*` variant of the query (like `queryAllByText`, `getAllByText`, or `findAllByText`)).\n\nIgnored nodes: comments, script, style\n\u001b[36m<body>\u001b[39m\n  \u001b[36m<div>\u001b[39m\n    \u001b[36m<main\u001b[39m\n      \u001b[33mclass\u001b[39m=\u001b[32m\"dashboard-shell\"\u001b[39m\n    \u001b[36m>\u001b[39m\n      \u001b[36m<aside\u001b[39m\n        \u001b[33maria-label\u001b[39m=\u001b[32m\"Menu lateral del dashboard\"\u001b[39m\n        \u001b[33mclass\u001b[39m=\u001b[32m\"dashboard-sidebar\"\u001b[39m\n      \u001b[36m>\u001b[39m\n        \u001b[36m<div\u001b[39m\n          \u001b[33mclass\u001b[39m=\u001b[32m\"sidebar-brand\"\u001b[39m\n        \u001b[36m>\u001b[39m\n          \u001b[36m<span\u001b[39m\n            \u001b[33maria-hidden\u001b[39m=\u001b[32m\"true\"\u001b[39m\n            \u001b[33mclass\u001b[39m=\u001b[32m\"app-icon material-symbols-rounded sidebar-brand-icon\"\u001b[39m\n          \u001b[36m>\u001b[39m\n            \u001b[0maccount_balance_wallet\u001b[0m\n          \u001b[36m</span>\u001b[39m\n          \u001b[36m<span\u001b[39m\n            \u001b[33mclass\u001b[39m=\u001b[32m\"sidebar-brand-text\"\u001b[39m\n          \u001b[36m>\u001b[39m\n            \u001b[0mInversiones\u001b[0m\n          \u001b[36m</span>\u001b[39m\n        \u001b[36m</div>\u001b[39m\n        \u001b[36m<div\u001b[39m\n          \u001b[33mclass\u001b[39m=\u001b[32m\"sidebar-scroll\"\u001b[39m\n        \u001b[36m>\u001b[39m\n          \u001b[36m<div\u001b[39m\n            \u001b[33mclass\u001b[39m=\u001b[32m\"sidebar-section\"\u001b[39m\n          \u001b[36m>\u001b[39m\n            \u001b[36m<button\u001b[39m\n              \u001b[33maria-controls\u001b[39m=\u001b[32m\"sidebar-principal\"\u001b[39m\n              \u001b[33maria-expanded\u001b[39m=\u001b[32m\"true\"\u001b[39m\n              \u001b[33mclass\u001b[39m=\u001b[32m\"sidebar-nav-section\"\u001b[39m\n              \u001b[33mtype\u001b[39m=\u001b[32m\"button\"\u001b[39m\n            \u001b[36m>\u001b[39m\n              \u001b[36m<span\u001b[39m\n                \u001b[33mclass\u001b[39m=\u001b[32m\"sidebar-group-title\"\u001b[39m\n              \u001b[36m>\u001b[39m\n                \u001b[36m<span\u001b[39m\n                  \u001b[33mclass\u001b[39m=\u001b[32m\"sidebar-group-icon\"\u001b[39m\n                \u001b[36m>\u001b[39m\n                  \u001b[36m<span\u001b[39m\n                    \u001b[33maria-hidden\u001b[39m=\u001b[32m\"true\"\u001b[39m\n                    \u001b[33mclass\u001b[39m=\u001b[32m\"app-icon material-symbols-rounded\"\u001b[39m\n                  \u001b[36m>\u001b[39m\n                    \u001b[0mspace_dashboard\u001b[0m\n                  \u001b[36m</span>\u001b[39m\n                \u001b[36m</span>\u001b[39m\n                \u001b[0mPrincipal\u001b[0m\n                \u001b[0m \u001b[0m\n                \u001b[36m<span\u001b[39m\n                  \u001b[33mclass\u001b[39m=\u001b[32m\"sidebar-count\"\u001b[39m\n                \u001b[36m>\u001b[39m\n                  \u001b[0m1\u001b[0m\n                \u001b[36m</span>\u001b[39m\n              \u001b[36m</span>\u001b[39m\n              \u001b[36m<span\u001b[39m\n                \u001b[33maria-hidden\u001b[39m=\u001b[32m\"true\"\u001b[39m\n                \u001b[33mclass\u001b[39m=\u001b[32m\"sidebar-section-arrow\"\u001b[39m\n              \u001b[36m>\u001b[39m\n                \u001b[36m<span\u001b[39m\n                  \u001b[33maria-hidden\u001b[39m=\u001b[32m\"true\"\u001b[39m\n                  \u001b[33mclass\u001b[39m=\u001b[32m\"app-icon material-symbols-rounded\"\u001b[39m\n                \u001b[36m>\u001b[39m\n                  \u001b[0mexpand_more\u001b[0m\n                \u001b[36m</span>\u001b[39m\n              \u001b[36m</span>\u001b[39m\n            \u001b[36m</button>\u001b[39m\n            \u001b[36m<div\u001b[39m\n              \u001b[33mclass\u001b[39m=\u001b[32m\"sidebar-section-content \"\u001b[39m\n              \u001b[33mid\u001b[39m=\u001b[32m\"sidebar-principal\"\u001b[39m\n            \u001b[36m>\u001b[39m\n              \u001b[36m<button\u001b[39m\n                \u001b[33mclass\u001b[39m=\u001b[32m\"menu-btn menu-dashboard active\"\u001b[39m\n                \u001b[33mtype\u001b[39m=\u001b[32m\"button\"\u001b[39m\n              \u001b[36m>\u001b[39m\n                \u001b[36m<span\u001b[39m\n                  \u001b[33maria-hidden\u001b[39m=\u001b[32m\"true\"\u001b[39m\n                  \u001b[33mclass\u001b[39m=\u001b[32m\"app-icon material-symbols-rounded menu-btn-icon\"\u001b[39m\n                \u001b[36m>\u001b[39m\n                  \u001b[0mspace_dashboard\u001b[0m\n                \u001b[36m</span>\u001b[39m\n                \u001b[36m<span>\u001b[39m\n                  \u001b[0mResumen\u001b[0m\n                \u001b[36m</span>\u001b[39m\n              \u001b[36m</button>\u001b[39m\n            \u001b[36m</div>\u001b[39m\n          \u001b[36m</div>\u001b[39m\n          \u001b[36m<div\u001b[39m\n            \u001b[33mclass\u001b[39m=\u001b[32m\"sidebar-section\"\u001b[39m\n          \u001b[36m>\u001b[39m\n            \u001b[36m<button\u001b[39m\n              \u001b[33maria-controls\u001b[39m=\u001b[32m\"sidebar-gestion\"\u001b[39m\n              \u001b[33maria-expanded\u001b[39m=\u001b[32m\"true\"\u001b[39m\n              \u001b[33mclass\u001b[39m=\u001b[32m\"sidebar-nav-section\"\u001b[39m\n              \u001b[33mtype\u001b[39m=\u001b[32m\"button\"\u001b[39m\n            \u001b[36m>\u001b[39m\n              \u001b[36m<span\u001b[39m\n                \u001b[33mclass\u001b[39m=\u001b[32m\"sidebar-group-title\"\u001b[39m\n              \u001b[36m>\u001b[39m\n                \u001b[36m<span\u001b[39m\n                  \u001b[33mclass\u001b[39m=\u001b[32m\"sidebar-group-icon\"\u001b[39m\n                \u001b[36m>\u001b[39m\n                  \u001b[36m<span\u001b[39m\n                    \u001b[33maria-hidden\u001b[39m=\u001b[32m\"true\"\u001b[39m\n                    \u001b[33mclass\u001b[39m=\u001b[32m\"app-icon material-symbols-rounded\"\u001b[39m\n                  \u001b[36m>\u001b[39m\n                    \u001b[0maccount_balance\u001b[0m\n                  \u001b[36m</span>\u001b[39m\n                \u001b[36m</span>\u001b[39m\n                \u001b[0mGestion\u001b[0m\n                \u001b[0m \u001b[0m\n                \u001b[36m<span\u001b[39m\n                  \u001b[33mclass\u001b[39m=\u001b[32m\"sidebar-count\"\u001b[39m\n                \u001b[36m>\u001b[39m\n                  \u001b[0m2\u001b[0m\n                \u001b[36m</span>\u001b[39m\n              \u001b[36m</span>\u001b[39m\n              \u001b[36m<span\u001b[39m\n                \u001b[33maria-hidden\u001b[39m=\u001b[32m\"true\"\u001b[39m\n                \u001b[33mclass\u001b[39m=\u001b[32m\"sidebar-section-arrow\"\u001b[39m\n              \u001b[36m>\u001b[39m\n                \u001b[36m<span\u001b[39m\n                  \u001b[33maria-hidden\u001b[39m=\u001b[32m\"true\"\u001b[39m\n                  \u001b[33mclass\u001b[39m=\u001b[32m\"app-icon material-symbols-rounded\"\u001b[39m\n                \u001b[36m>\u001b[39m\n                  \u001b[0mexpand_more\u001b[0m\n                \u001b[36m</span>\u001b[39m\n              \u001b[36m</span>\u001b[39m\n            \u001b[36m</button>\u001b[39m\n            \u001b[36m<div\u001b[39m\n              \u001b[33mclass\u001b[39m=\u001b[32m\"sidebar-section-content \"\u001b[39m\n              \u001b[33mid\u001b[39m=\u001b[32m\"sidebar-gestion\"\u001b[39m\n            \u001b[36m>\u001b[39m\n              \u001b[36m<button\u001b[39m\n                \u001b[33mclass\u001b[39m=\u001b[32m\"menu-btn menu-news \"\u001b[39m\n                \u001b[33mtype\u001b[39m=\u001b[32m\"button\"\u001b[39m\n              \u001b[36m>\u001b[39m\n                \u001b[36m<span\u001b[39m\n                  \u001b[33maria-hidden\u001b[39m=\u001b[32m\"true\"\u001b[39m\n                  \u001b[33mclass\u001b[39m=\u001b[32m\"app-icon material-symbols-rounded menu-btn-icon\"\u001b[39m\n                \u001b[36m>\u001b[39m\n                  \u001b[0marticle\u001b[0m\n                \u001b[36m</span>\u001b[39m\n                \u001b[36m<span>\u001b[39m\n                  \u001b[0mMis noticias\u001b[0m\n                \u001b[36m</span>\u001b[39m\n              \u001b[36m</button>\u001b[39m\n              \u001b[36m<button\u001b[39m\n                \u001b[33mclass\u001b[39m=\u001b[32m\"menu-btn menu-entries \"\u001b[39m\n                \u001b[33mtype\u001b[39m=\u001b[32m\"button\"\u001b[39m\n              \u001b[36m>\u001b[39m\n                \u001b[36m<span\u001b[39m\n                  \u001b[33maria-hidden\u001b[39m=\u001b[32m\"true\"\u001b[39m\n                  \u001b[33mclass\u001b[39m=\u001b[32m\"app-icon material-symbols-rounded menu-btn-icon\"\u001b[39m\n                \u001b[36m>\u001b[39m\n                  \u001b[0mplaylist_add_check_circle\u001b[0m\n                \u001b[36m</span>\u001b[39m\n                \u001b[36m<span>\u001b[39m\n                  \u001b[0mEntradas mercado\u001b[0m\n                \u001b[36m</span>\u001b[39m\n              \u001b[36m</button>\u001b[39m\n              \u001b[36m<button\u001b[39m\n                \u001b[33mclass\u001b[39m=\u001b[32m\"menu-btn menu-accounts \"\u001b[39m\n                \u001b[33mtype\u001b[39m=\u001b[32m\"button\"\u001b[39m\n              \u001b[36m>\u001b[39m\n                \u001b[36m<span\u001b[39m\n                  \u001b[33maria-hidden\u001b[39m=\u001b[32m\"true\"\u001b[39m\n                  \u001b[33mclass\u001b[39m=\u001b[32m\"app-icon material-symbols-rounded menu-btn-icon\"\u001b[39m\n                \u001b[36m>\u001b[39m\n                  \u001b[0maccount_balance\u001b[0m\n                \u001b[36m</span>\u001b[39m\n                \u001b[36m<span>\u001b[39m\n                  \u001b[0mGestionar cuentas\u001b[0m\n                \u001b[36m</span>\u001b[39m\n              \u001b[36m</button>\u001b[39m\n            \u001b[36m</div>\u001b[39m\n          \u001b[36m</div>\u001b[39m\n          \u001b[36m<div\u001b[39m\n            \u001b[33mclass\u001b[39m=\u001b[32m\"sidebar-section\"\u001b[39m\n          \u001b[36m>\u001b[39m\n            \u001b[36m<button\u001b[39m\n              \u001b[33maria-controls\u001b[39m=\u001b[32m\"sidebar-cuenta\"\u001b[39m\n              \u001b[33maria-expanded\u001b[39m=\u001b[32m\"true\"\u001b[39m\n              \u001b[33mclass\u001b[39m=\u001b[32m\"sidebar-nav-section\"\u001b[39m\n              \u001b[33mtype\u001b[39m=\u001b[32m\"button\"\u001b[39m\n            \u001b[36m>\u001b[39m\n              \u001b[36m<span\u001b[39m\n                \u001b[33mclass\u001b[39m=\u001b[32m\"sidebar-group-title\"\u001b[39m\n              \u001b[36m>\u001b[39m\n                \u001b[36m<span\u001b[39m\n                  \u001b[33mclass\u001b[39m=\u001b[32m\"sidebar-group-icon\"\u001b[39m\n                \u001b[36m>\u001b[39m\n                  \u001b[36m<span\u001b[39m\n                    \u001b[33maria-hidden\u001b[39m=\u001b[32m\"true\"\u001b[39m\n                    \u001b[33mclass\u001b[39m=\u001b[32m\"app-icon material-symbols-rounded\"\u001b[39m\n                  \u001b[36m>\u001b[39m\n                    \u001b[0msettings\u001b[0m\n                  \u001b[36m</span>\u001b[39m\n                \u001b[36m</span>\u001b[39m\n                \u001b[0mMi cuenta\u001b[0m\n                \u001b[0m \u001b[0m\n                \u001b[36m<span\u001b[39m\n                  \u001b[33mclass\u001b[39m=\u001b[32m\"sidebar-count\"\u001b[39m\n                \u001b[36m>\u001b[39m\n                  \u001b[0m1\u001b[0m\n                \u001b[36m</span>\u001b[39m\n              \u001b[36m</span>\u001b[39m\n              \u001b[36m<span\u001b[39m\n                \u001b[33maria-hidden\u001b[39m=\u001b[32m\"true\"\u001b[39m\n                \u001b[33mclass\u001b[39m=\u001b[32m\"sidebar-section-arrow\"\u001b[39m\n              \u001b[36m>\u001b[39m\n                \u001b[36m<span\u001b[39m\n                  \u001b[33maria-hidden\u001b[39m=\u001b[32m\"true\"\u001b[39m\n                  \u001b[33mclass\u001b[39m=\u001b[32m\"app-icon material-symbols-rounded\"\u001b[39m\n                \u001b[36m>\u001b[39m\n                  \u001b[0mexpand_more\u001b[0m\n                \u001b[36m</span>\u001b[39m\n              \u001b[36m</span>\u001b[39m\n            \u001b[36m</button>\u001b[39m\n            \u001b[36m<div\u001b[39m\n              \u001b[33mclass\u001b[39m=\u001b[32m\"sidebar-section-content \"\u001b[39m\n              \u001b[33mid\u001b[39m=\u001b[32m\"sidebar-cuenta\"\u001b[39m\n            \u001b[36m>\u001b[39m\n              \u001b[36m<button\u001b[39m\n                \u001b[33mclass\u001b[39m=\u001b[32m\"menu-btn menu-settings \"\u001b[39m\n                \u001b[33mtype\u001b[39m=\u001b[32m\"button\"\u001b[39m\n              \u001b[36m>\u001b[39m\n                \u001b[36m<span\u001b[39m\n                  \u001b[33maria-hidden\u001b[39m=\u001b[32m\"true\"\u001b[39m\n                  \u001b[33mclass\u001b[39m=\u001b[32m\"app-icon material-symbols-rounded menu-btn-icon\"\u001b[39m\n                \u001b[36m>\u001b[39m\n                  \u001b[0msettings\u001b[0m\n                \u001b[36m</span>\u001b[39m\n                \u001b[36m<span>\u001b[39m\n                  \u001b[0mConfiguración\u001b[0m\n                \u001b[36m</span>\u001b[39m\n              \u001b[36m</button>\u001b[39m\n            \u001b[36m</div>\u001b[39m\n          \u001b[36m</div>\u001b[39m\n        \u001b[36m</div>\u001b[39m\n        \u001b[36m<div\u001b[39m\n          \u001b[33mclass\u001b[39m=\u001b[32m\"sidebar-footer\"\u001b[39m\n        \u001b[36m>\u001b[39m\n          \u001b[36m<div\u001b[39m\n            \u001b[33maria-hidden\u001b[39m=\u001b[32m\"true\"\u001b[39m\n            \u001b[33mclass\u001b[39m=\u001b[32m\"sidebar-user-avatar\"\u001b[39m\n          \u001b[36m>\u001b[39m\n            \u001b[36m<span\u001b[39m\n              \u001b[33maria-hidden\u001b[39m=\u001b[32m\"true\"\u001b[39m\n              \u001b[33mclass\u001b[39m=\u001b[32m\"app-icon material-symbols-rounded\"\u001b[39m\n            \u001b[36m>\u001b[39m\n              \u001b[0mgroup\u001b[0m\n            \u001b[36m</span>\u001b[39m\n          \u001b[36m</div>\u001b[39m\n          \u001b[36m<div\u001b[39m\n            \u001b[33mclass\u001b[39m=\u001b[32m\"sidebar-user-copy\"\u001b[39m\n          \u001b[36m>\u001b[39m\n            \u001b[36m<p\u001b[39m\n              \u001b[33mclass\u001b[39m=\u001b[32m\"sidebar-user-name\"\u001b[39m\n            \u001b[36m>\u001b[39m\n              \u001b[0musuario\u001b[0m\n            \u001b[36m</p>\u001b[39m\n            \u001b[36m<p\u001b[39m\n              \u001b[33mclass\u001b[39m=\u001b[32m\"sidebar-user-role\"\u001b[39m\n            \u001b[36m>\u001b[39m\n              \u001b[0mUSUARIO\u001b[0m\n            \u001b[36m</p>\u001b[39m\n            \u001b[36m<p\u001b[39m\n              \u001b[33mclass\u001b[39m=\u001b[32m\"sidebar-user-email\"\u001b[39m\n              \u001b[33mtitle\u001b[39m=\u001b[32m\"usuario@demo.com\"\u001b[39m\n            \u001b[36m>\u001b[39m\n              \u001b[0musuario@demo.com\u001b[0m\n            \u001b[36m</p>\u001b[39m\n          \u001b[36m</div>\u001b[39m\n        \u001b[36m</div>\u001b[39m\n      \u001b[36m</aside>\u001b[39m\n      \u001b[36m<section\u001b[39m\n        \u001b[33mclass\u001b[39m=\u001b[32m\"dashboard-layout\"\u001b[39m\n      \u001b[36m>\u001b[39m\n        \u001b[36m<header\u001b[39m\n          \u001b[33mclass\u001b[39m=\u001b[32m\"dashboard-header\"\u001b[39m\n        \u001b[36m>\u001b[39m\n          \u001b[36m<div\u001b[39m\n            \u001b[33mclass\u001b[39m=\u001b[32m\"dashboard-header-title\"\u001b[39m\n          \u001b[36m>\u001b[39m\n            \u001b[36m<h1>\u001b[39m\n              \u001b[0mDashboard de Inversiones\u001b[0m\n            \u001b[36m</h1>\u001b[39m\n          \u001b[36m</div>\u001b[39m\n          \u001b[36m<div\u001b[39m\n            \u001b[33mclass\u001b[39m=\u001b[32m\"header-right\"\u001b[39m\n          \u001b[36m>\u001b[39m\n            \u001b[36m<span\u001b[39m\n              \u001b[33mclass\u001b[39m=\u001b[32m\"system-status\"\u001b[39m\n            \u001b[36m>\u001b[39m\n              \u001b[36m<span\u001b[39m\n                \u001b[33maria-hidden\u001b[39m=\u001b[32m\"true\"\u001b[39m\n                \u001b[33mclass\u001b[39m=\u001b[32m\"app-icon material-symbols-rounded\"\u001b[39m\n              \u001b[36m>\u001b[39m\n                \u001b[0mmemory\u001b[0m\n              \u001b[36m</span>\u001b[39m\n              \u001b[0m \u001b[0m\n              \u001b[36m<span>\u001b[39m\n                \u001b[0mSistema online\u001b[0m\n              \u001b[36m</span>\u001b[39m\n            \u001b[36m</span>\u001b[39m\n            \u001b[36m<button\u001b[39m\n              \u001b[33mclass\u001b[39m=\u001b[32m\"secondary-btn\"\u001b[39m\n              \u001b[33mtype\u001b[39m=\u001b[32m\"button\"\u001b[39m\n            \u001b[36m>\u001b[39m\n              \u001b[36m<span\u001b[39m\n                \u001b[33maria-hidden\u001b[39m=\u001b[32m\"true\"\u001b[39m\n                \u001b[33mclass\u001b[39m=\u001b[32m\"app-icon material-symbols-rounded\"\u001b[39m\n              \u001b[36m>\u001b[39m\n                \u001b[0mlogout\u001b[0m\n              \u001b[36m</span>\u001b[39m\n              \u001b[0mCerrar sesion\u001b[0m\n            \u001b[36m</button>\u001b[39m\n          \u001b[36m</div>\u001b[39m\n        \u001b[36m</header>\u001b[39m\n        \u001b[36m<div\u001b[39m\n          \u001b[33maria-labelledby\u001b[39m=\u001b[32m\"tab-resumen\"\u001b[39m\n          \u001b[33mrole\u001b[39m=\u001b[32m\"tabpanel\"\u001b[39m\n          \u001b[33mstyle\u001b[39m=\u001b[32m\"display: block;\"\u001b[39m\n        \u001b[36m>\u001b[39m\n          \u001b[36m<section\u001b[39m\n            \u001b[33mclass\u001b[39m=\u001b[32m\"dashboard-summary-toolbar\"\u001b[39m\n          \u001b[36m>\u001b[39m\n            \u001b[36m<label\u001b[39m\n              \u001b[33mclass\u001b[39m=\u001b[32m\"dashboard-summary-filter-label\"\u001b[39m\n              \u001b[33mfor\u001b[39m=\u001b[32m\"dashboard-account-filter\"\u001b[39m\n            \u001b[36m>\u001b[39m\n              \u001b[0mFiltrar por cuenta\u001b[0m\n            \u001b[36m</label>\u001b[39m\n            \u001b[36m<select\u001b[39m\n              \u001b[33mclass\u001b[39m=\u001b[32m\"dashboard-summary-filter\"\u001b[39m\n              \u001b[33mid\u001b[39m=\u001b[32m\"dashboard-account-filter\"\u001b[39m\n            \u001b[36m>\u001b[39m\n              \u001b[36m<option\u001b[39m\n                \u001b[33mvalue\u001b[39m=\u001b[32m\"all\"\u001b[39m\n              \u001b[36m>\u001b[39m\n                \u001b[0mTodas las cuentas\u001b[0m\n              \u001b[36m</option>\u001b[39m\n            \u001b[36m</select>\u001b[39m\n          \u001b[36m</section>\u001b[39m\n          \u001b[36m<section\u001b[39m\n            \u001b[33mclass\u001b[39m=\u001b[32m\"kpi-grid\"\u001b[39m\n          \u001b[36m>\u001b[39m\n            \u001b[36m<article\u001b[39m\n              \u001b[33mclass\u001b[39m=\u001b[32m\"kpi-card\"\u001b[39m\n            \u001b[36m>\u001b[39m\n              \u001b[36m<h2>\u001b[39m\n                \u001b[0mGanancia del mes\u001b[0m\n              \u001b[36m</h2>\u001b[39m\n              \u001b[36m<p\u001b[39m\n                \u001b[33mclass\u001b[39m=\u001b[32m\"kpi-value\"\u001b[39m\n              \u001b[36m>\u001b[39m\n                \u001b[0mUSD 0.00\u001b[0m\n              \u001b[36m</p>\u001b[39m\n              \u001b[36m<span\u001b[39m\n                \u001b[33mclass\u001b[39m=\u001b[32m\"kpi-trend positive\"\u001b[39m\n              \u001b[36m>\u001b[39m\n                \u001b[0m0\u001b[0m\n                \u001b[0m operaciones\u001b[0m\n              \u001b[36m</span>\u001b[39m\n            \u001b[36m</article>\u001b[39m\n            \u001b[36m<article\u001b[39m\n              \u001b[33mclass\u001b[39m=\u001b[32m\"kpi-card\"\u001b[39m\n            \u001b[36m>\u001b[39m\n              \u001b[36m<h2>\u001b[39m\n                \u001b[0mTasa de exito\u001b[0m\n              \u001b[36m</h2>\u001b[39m\n              \u001b[36m<p\u001b[39m\n                \u001b[33mclass\u001b[39m=\u001b[32m\"kpi-value\"\u001b[39m\n              \u001b[36m>\u001b[39m\n                \u001b[0m0.0\u001b[0m\n                \u001b[0m%\u001b[0m\n              \u001b[36m</p>\u001b[39m\n              \u001b[36m<span\u001b[39m\n                \u001b[33mclass\u001b[39m=\u001b[32m\"kpi-trend neutral\"\u001b[39m\n              \u001b[36m>\u001b[39m\n                \u001b[0mSobre operaciones cerradas\u001b[0m\n              \u001b[36m</span>\u001b[39m\n            \u001b[36m</article>\u001b[39m\n            \u001b[36m<article\u001b[39m\n              \u001b[33mclass\u001b[39m=\u001b[32m\"kpi-card\"\u001b[39m\n            \u001b[36m>\u001b[39m\n              \u001b[36m<h2>\u001b[39m\n                \u001b[0mRiesgo abierto\u001b[0m\n              \u001b[36m</h2>\u001b[39m\n              \u001b[36m<p\u001b[39m\n                \u001b[33mclass\u001b[39m=\u001b[32m\"kpi-value\"\u001b[39m\n              \u001b[36m>\u001b[39m\n                \u001b[0mUSD 0.00\u001b[0m\n              \u001b[36m</p>\u001b[39m\n              \u001b[36m<span\u001b[39m\n                \u001b[33mclass\u001b[39m=\u001b[32m\"kpi-trend neutral\"\u001b[39m\n              \u001b[36m>\u001b[39m\n                \u001b[0mControlado\u001b[0m\n              \u001b[36m</span>\u001b[39m\n            \u001b[36m</article>\u001b[39m\n          \u001b[36m</section>\u001b[39m\n          \u001b[36m<section\u001b[39m\n            \u001b[33mclass\u001b[39m=\u001b[32m\"chart-grid\"\u001b[39m\n          \u001b[36m>\u001b[39m\n            \u001b[36m<article\u001b[39m\n              \u001b[33mclass\u001b[39m=\u001b[32m\"chart-card\"\u001b[39m\n            \u001b[36m>\u001b[39m\n              \u001b[36m<h2>\u001b[39m\n                \u001b[0mEvolucion de ganancias\u001b[0m\n              \u001b[36m</h2>\u001b[39m\n              \u001b[36m<div\u001b[39m\n                \u001b[33mclass\u001b[39m=\u001b[32m\"chart-wrapper\"\u001b[39m\n              \u001b[36m>\u001b[39m\n                \u001b[36m<div>\u001b[39m\n                  \u001b[36m<div>\u001b[39m\n                    \u001b[36m<div />\u001b[39m\n                    \u001b[36m<div />\u001b[39m\n                    \u001b[36m<div />\u001b[39m\n                    \u001b[36m<div />\u001b[39m\n                    \u001b[36m<div />\u001b[39m\n                  \u001b[36m</div>\u001b[39m\n                \u001b[36m</div>\u001b[39m\n              \u001b[36m</div>\u001b[39m\n            \u001b[36m</article>\u001b[39m\n            \u001b[36m<article\u001b[39m\n              \u001b[33mclass\u001b[39m=\u001b[32m\"chart-card\"\u001b[39m\n            \u001b[36m>\u001b[39m\n              \u001b[36m<h2>\u001b[39m\n                \u001b[0mDistribucion de operaciones\u001b[0m\n              \u001b[36m</h2>\u001b[39m\n              \u001b[36m<div\u001b[39m\n                \u001b[33mclass\u001b[39m=\u001b[32m\"chart-wrapper\"\u001b[39m\n              \u001b[36m>\u001b[39m\n                \u001b[36m<div>\u001b[39m\n                  \u001b[36m<div>\u001b[39m\n                    \u001b[36m<div>\u001b[39m\n                      \u001b[36m<div />\u001b[39m\n                      \u001b[36m<div />\u001b[39m\n                      \u001b[36m<div />\u001b[39m\n                    \u001b[36m</div>\u001b[39m\n                    \u001b[36m<div />\u001b[39m\n                    \u001b[36m<div />\u001b[39m\n                  \u001b[36m</div>\u001b[39m\n                \u001b[36m</div>\u001b[39m\n              \u001b[36m</div>\u001b[39m\n            \u001b[36m</article>\u001b[39m\n          \u001b[36m</section>\u001b[39m\n          \u001b[36m<section\u001b[39m\n            \u001b[33mclass\u001b[39m=\u001b[32m\"table-card\"\u001b[39m\n          \u001b[36m>\u001b[39m\n            \u001b[36m<h2>\u001b[39m\n              \u001b[0mOperaciones recientes\u001b[0m\n            \u001b[36m</h2>\u001b[39m\n            \u001b[36m<div\u001b[39m\n              \u001b[33mclass\u001b[39m=\u001b[32m\"table-wrapper\"\u001b[39m\n            \u001b[36m>\u001b[39m\n              \u001b[36m<table>\u001b[39m\n                \u001b[36m<thead>\u001b[39m\n                  \u001b[36m<tr>\u001b[39m\n                    \u001b[36m<th>\u001b[39m\n                      \u001b[0mFecha\u001b[0m\n                    \u001b[36m</th>\u001b[39m\n                    \u001b[36m<th>\u001b[39m\n                      \u001b[0mPar\u001b[0m\n                    \u001b[36m</th>\u001b[39m\n                    \u001b[36m<th>\u001b[39m\n                      \u001b[0mTipo\u001b[0m\n                    \u001b[36m</th>\u001b[39m\n                    \u001b[36m<th>\u001b[39m\n                      \u001b[0mResultado\u001b[0m\n                    \u001b[36m</th>\u001b[39m\n                    \u001b[36m<th>\u001b[39m\n                      \u001b[0mEstado\u001b[0m\n                    \u001b[36m</th>\u001b[39m\n                  \u001b[36m</tr>\u001b[39m\n                \u001b[36m</thead>\u001b[39m\n                \u001b[36m<tbody>\u001b[39m\n                  \u001b[36m<tr>\u001b[39m\n                    \u001b[36m<td\u001b[39m\n                      \u001b[33mcolspan\u001b[39m=\u001b[32m\"5\"\u001b[39m\n                    \u001b[36m>\u001b[39m\n                      \u001b[0mNo hay operaciones para el filtro seleccionado.\u001b[0m\n                    \u001b[36m</td>\u001b[39m\n                  \u001b[36m</tr>\u001b[39m\n                \u001b[36m</tbody>\u001b[39m\n              \u001b[36m</table>\u001b[39m\n            \u001b[36m</div>\u001b[39m\n          \u001b[36m</section>\u001b[39m\n        \u001b[36m</div>\u001b[39m\n        \u001b[36m<div\u001b[39m\n          \u001b[33maria-labelledby\u001b[39m=\u001b[32m\"tab-noticias\"\u001b[39m\n          \u001b[33mrole\u001b[39m=\u001b[32m\"tabpanel\"\u001b[39m\n          \u001b[33mstyle\u001b[39m=\u001b[32m\"display: none;\"\u001b[39m\n        \u001b[36m>\u001b[39m\n          \u001b[36m<div>\u001b[39m\n            \u001b[0mModulo de Noticias\u001b[0m\n          \u001b[36m</div>\u001b[39m\n        \u001b[36m</div>\u001b[39m\n        \u001b[36m<div\u001b[39m\n          \u001b[33maria-labelledby\u001b[39m=\u001b[32m\"tab-entradas\"\u001b[39m\n          \u001b[33mrole\u001b[39m=\u001b[32m\"tabpanel\"\u001b[39m\n          \u001b[33mstyle\u001b[39m=\u001b[32m\"display: none;\"\u001b[39m\n        \u001b[36m>\u001b[39m\n          \u001b[36m<div>\u001b[39m\n            \u001b[0mModulo de Entradas\u001b[0m\n          \u001b[36m</div>\u001b[39m\n        \u001b[36m</div>\u001b[39m\n        \u001b[36m<div\u001b[39m\n          \u001b[33maria-labelledby\u001b[39m=\u001b[32m\"tab-cuentas\"\u001b[39m\n          \u001b[33mrole\u001b[39m=\u001b[32m\"tabpanel\"\u001b[39m\n          \u001b[33mstyle\u001b[39m=\u001b[32m\"display: none;\"\u001b[39m\n        \u001b[36m>\u001b[39m\n          \u001b[36m<div>\u001b[39m\n            \u001b[0mModulo de Cuentas\u001b[0m\n          \u001b[36m</div>\u001b[39m\n        \u001b[36m</div>\u001b[39m\n        \u001b[36m<div\u001b[39m\n          \u001b[33maria-labelledby\u001b[39m=\u001b[32m\"tab-usuarios\"\u001b[39m\n          \u001b[33mrole\u001b[39m=\u001b[32m\"tabpanel\"\u001b[39m\n          \u001b[33mstyle\u001b[39m=\u001b[32m\"display: none;\"\u001b[39m\n        \u001b[36m>\u001b[39m\n          \u001b[36m<section\u001b[39m\n            \u001b[33mclass\u001b[39m=\u001b[32m\"table-card restricted-card\"\u001b[39m\n          \u001b[36m>\u001b[39m\n            \u001b[36m<h2>\u001b[39m\n              \u001b[0mGestionar usuarios\u001b[0m\n            \u001b[36m</h2>\u001b[39m\n            \u001b[36m<p>\u001b[39m\n              \u001b[0mEsta seccion es solo para administradores. Solicita permisos de admin para gestionar usuarios.\u001b[0m\n            \u001b[36m</p>\u001b[39m\n          \u001b[36m</section>\u001b[39m\n        \u001b[36m</div>\u001b[39m\n        \u001b[36m<div\u001b[39m\n          \u001b[33maria-labelledby\u001b[39m=\u001b[32m\"tab-configuracion\"\u001b[39m\n          \u001b[33mrole\u001b[39m=\u001b[32m\"tabpanel\"\u001b[39m\n          \u001b[33mstyle\u001b[39m=\u001b[32m\"display: none;\"\u001b[39m\n        \u001b[36m>\u001b[39m\n          \u001b[36m<div>\u001b[39m\n            \u001b[0mModulo de Configuracion\u001b[0m\n          \u001b[36m</div>\u001b[39m\n        \u001b[36m</div>\u001b[39m\n      \u001b[36m</section>\u001b[39m\n    \u001b[36m</main>\u001b[39m\n  \u001b[36m</div>\u001b[39m\n\u001b[36m</body>\u001b[39m\n    at waitForWrapper (D:\\Proyectos\\Excel\\frontend\\node_modules\\@testing-library\\dom\\dist\\wait-for.js:163:27)\n    at D:\\Proyectos\\Excel\\frontend\\node_modules\\@testing-library\\dom\\dist\\query-helpers.js:86:33\n    at D:\\Proyectos\\Excel\\frontend\\src\\pages\\DashboardPage.test.tsx:405:25\n    at file:///D:/Proyectos/Excel/frontend/node_modules/@vitest/runner/dist/index.js:146:14\n    at file:///D:/Proyectos/Excel/frontend/node_modules/@vitest/runner/dist/index.js:533:11\n    at runWithTimeout (file:///D:/Proyectos/Excel/frontend/node_modules/@vitest/runner/dist/index.js:39:7)\n    at runTest (file:///D:/Proyectos/Excel/frontend/node_modules/@vitest/runner/dist/index.js:1056:17)\n    at runSuite (file:///D:/Proyectos/Excel/frontend/node_modules/@vitest/runner/dist/index.js:1205:15)\n    at runSuite (file:///D:/Proyectos/Excel/frontend/node_modules/@vitest/runner/dist/index.js:1205:15)\n    at runFiles (file:///D:/Proyectos/Excel/frontend/node_modules/@vitest/runner/dist/index.js:1262:5)"],"meta":{}},{"ancestorTitles":["DashboardPage"],"fullName":"DashboardPage muestra tasa de exito 0% cuando no hay operaciones cerradas","status":"passed","title":"muestra tasa de exito 0% cuando no hay operaciones cerradas","duration":7.175299999999879,"failureMessages":[],"meta":{}},{"ancestorTitles":["DashboardPage"],"fullName":"DashboardPage calcula riesgo abierto solo de operaciones abiertas","status":"passed","title":"calcula riesgo abierto solo de operaciones abiertas","duration":7.768199999999524,"failureMessages":[],"meta":{}},{"ancestorTitles":["DashboardPage"],"fullName":"DashboardPage muestra tabla de operaciones recientes ordenadas por fecha","status":"passed","title":"muestra tabla de operaciones recientes ordenadas por fecha","duration":10.67160000000058,"failureMessages":[],"meta":{}},{"ancestorTitles":["DashboardPage"],"fullName":"DashboardPage muestra mensaje cuando no hay operaciones recientes","status":"passed","title":"muestra mensaje cuando no hay operaciones recientes","duration":12.952500000000327,"failureMessages":[],"meta":{}},{"ancestorTitles":["DashboardPage"],"fullName":"DashboardPage carga y persiste la pestaña activa en localStorage","status":"passed","title":"carga y persiste la pestaña activa en localStorage","duration":14.560300000000097,"failureMessages":[],"meta":{}},{"ancestorTitles":["DashboardPage"],"fullName":"DashboardPage muestra noticias cuando se selecciona la pestaña de noticias","status":"passed","title":"muestra noticias cuando se selecciona la pestaña de noticias","duration":14.115099999999984,"failureMessages":[],"meta":{}},{"ancestorTitles":["DashboardPage"],"fullName":"DashboardPage muestra entradas al mercado cuando se selecciona la pestaña de entradas","status":"passed","title":"muestra entradas al mercado cuando se selecciona la pestaña de entradas","duration":16.060699999999997,"failureMessages":[],"meta":{}},{"ancestorTitles":["DashboardPage"],"fullName":"DashboardPage muestra configuracion cuando se selecciona la pestaña de configuracion","status":"passed","title":"muestra configuracion cuando se selecciona la pestaña de configuracion","duration":16.49499999999989,"failureMessages":[],"meta":{}},{"ancestorTitles":["DashboardPage"],"fullName":"DashboardPage maneja error cuando falla la carga de cuentas","status":"passed","title":"maneja error cuando falla la carga de cuentas","duration":7.519400000000132,"failureMessages":[],"meta":{}},{"ancestorTitles":["DashboardPage"],"fullName":"DashboardPage maneja error cuando falla la carga de entradas","status":"passed","title":"maneja error cuando falla la carga de entradas","duration":7.59519999999975,"failureMessages":[],"meta":{}}],"startTime":1782755665368,"endTime":1782755667939.5952,"status":"failed","message":"","name":"D:/Proyectos/Excel/frontend/src/pages/DashboardPage.test.tsx"}]}